{"/Users/caziz/code/tkww-assistant/packages/eslint-plugin-tkww-assistant/src/index.ts": {"path":"/Users/caziz/code/tkww-assistant/packages/eslint-plugin-tkww-assistant/src/index.ts","statementMap":{},"fnMap":{},"branchMap":{},"s":{},"f":{},"b":{}}
,"/Users/caziz/code/tkww-assistant/packages/eslint-plugin-tkww-assistant/src/rules/hierarchical-import-order.ts": {"path":"/Users/caziz/code/tkww-assistant/packages/eslint-plugin-tkww-assistant/src/rules/hierarchical-import-order.ts","statementMap":{"0":{"start":{"line":8,"column":46},"end":{"line":13,"column":1}},"1":{"start":{"line":17,"column":17},"end":{"line":17,"column":57}},"2":{"start":{"line":19,"column":15},"end":{"line":38,"column":1}},"3":{"start":{"line":40,"column":77},"end":{"line":45,"column":1}},"4":{"start":{"line":47,"column":88},"end":{"line":203,"column":1}},"5":{"start":{"line":50,"column":22},"end":{"line":50,"column":69}},"6":{"start":{"line":51,"column":23},"end":{"line":51,"column":46}},"7":{"start":{"line":53,"column":48},"end":{"line":200,"column":5}},"8":{"start":{"line":56,"column":36},"end":{"line":57,"column":86}},"9":{"start":{"line":57,"column":35},"end":{"line":57,"column":85}},"10":{"start":{"line":64,"column":24},"end":{"line":73,"column":11}},"11":{"start":{"line":66,"column":34},"end":{"line":69,"column":13}},"12":{"start":{"line":71,"column":12},"end":{"line":72,"column":42}},"13":{"start":{"line":75,"column":24},"end":{"line":144,"column":12}},"14":{"start":{"line":77,"column":60},"end":{"line":83,"column":11}},"15":{"start":{"line":85,"column":26},"end":{"line":85,"column":56}},"16":{"start":{"line":87,"column":59},"end":{"line":90,"column":11}},"17":{"start":{"line":92,"column":26},"end":{"line":92,"column":66}},"18":{"start":{"line":95,"column":41},"end":{"line":95,"column":47}},"19":{"start":{"line":105,"column":16},"end":{"line":105,"column":26}},"20":{"start":{"line":107,"column":32},"end":{"line":107,"column":59}},"21":{"start":{"line":108,"column":34},"end":{"line":108,"column":73}},"22":{"start":{"line":109,"column":35},"end":{"line":109,"column":75}},"23":{"start":{"line":111,"column":30},"end":{"line":111,"column":34}},"24":{"start":{"line":112,"column":45},"end":{"line":112,"column":61}},"25":{"start":{"line":114,"column":12},"end":{"line":125,"column":15}},"26":{"start":{"line":115,"column":14},"end":{"line":124,"column":15}},"27":{"start":{"line":116,"column":66},"end":{"line":120,"column":17}},"28":{"start":{"line":121,"column":16},"end":{"line":121,"column":41}},"29":{"start":{"line":122,"column":16},"end":{"line":122,"column":71}},"30":{"start":{"line":123,"column":16},"end":{"line":123,"column":64}},"31":{"start":{"line":127,"column":12},"end":{"line":138,"column":15}},"32":{"start":{"line":128,"column":14},"end":{"line":137,"column":15}},"33":{"start":{"line":129,"column":16},"end":{"line":129,"column":41}},"34":{"start":{"line":130,"column":66},"end":{"line":134,"column":17}},"35":{"start":{"line":135,"column":16},"end":{"line":135,"column":71}},"36":{"start":{"line":136,"column":16},"end":{"line":136,"column":66}},"37":{"start":{"line":140,"column":12},"end":{"line":143,"column":14}},"38":{"start":{"line":147,"column":22},"end":{"line":147,"column":48}},"39":{"start":{"line":149,"column":27},"end":{"line":176,"column":9}},"40":{"start":{"line":152,"column":44},"end":{"line":152,"column":46}},"41":{"start":{"line":153,"column":23},"end":{"line":167,"column":13}},"42":{"start":{"line":155,"column":28},"end":{"line":155,"column":70}},"43":{"start":{"line":158,"column":34},"end":{"line":158,"column":72}},"44":{"start":{"line":159,"column":16},"end":{"line":159,"column":52}},"45":{"start":{"line":163,"column":36},"end":{"line":163,"column":50}},"46":{"start":{"line":164,"column":16},"end":{"line":164,"column":35}},"47":{"start":{"line":169,"column":27},"end":{"line":169,"column":48}},"48":{"start":{"line":170,"column":25},"end":{"line":170,"column":63}},"49":{"start":{"line":172,"column":10},"end":{"line":172,"column":63}},"50":{"start":{"line":173,"column":10},"end":{"line":173,"column":66}},"51":{"start":{"line":175,"column":10},"end":{"line":175,"column":23}},"52":{"start":{"line":179,"column":8},"end":{"line":198,"column":11}},"53":{"start":{"line":180,"column":51},"end":{"line":180,"column":55}},"54":{"start":{"line":181,"column":40},"end":{"line":181,"column":49}},"55":{"start":{"line":182,"column":28},"end":{"line":182,"column":97}},"56":{"start":{"line":183,"column":10},"end":{"line":197,"column":13}},"57":{"start":{"line":192,"column":14},"end":{"line":194,"column":15}},"58":{"start":{"line":193,"column":16},"end":{"line":193,"column":26}},"59":{"start":{"line":195,"column":14},"end":{"line":195,"column":39}},"60":{"start":{"line":201,"column":4},"end":{"line":201,"column":24}}},"fnMap":{"0":{"name":"(anonymous_0)","decl":{"start":{"line":49,"column":2},"end":{"line":49,"column":3}},"loc":{"start":{"line":49,"column":18},"end":{"line":202,"column":3}},"line":49},"1":{"name":"(anonymous_1)","decl":{"start":{"line":54,"column":15},"end":{"line":54,"column":16}},"loc":{"start":{"line":54,"column":25},"end":{"line":199,"column":7}},"line":54},"2":{"name":"(anonymous_2)","decl":{"start":{"line":57,"column":21},"end":{"line":57,"column":22}},"loc":{"start":{"line":57,"column":35},"end":{"line":57,"column":85}},"line":57},"3":{"name":"(anonymous_3)","decl":{"start":{"line":66,"column":12},"end":{"line":66,"column":13}},"loc":{"start":{"line":66,"column":34},"end":{"line":69,"column":13}},"line":66},"4":{"name":"(anonymous_4)","decl":{"start":{"line":70,"column":18},"end":{"line":70,"column":19}},"loc":{"start":{"line":71,"column":12},"end":{"line":72,"column":42}},"line":71},"5":{"name":"(anonymous_5)","decl":{"start":{"line":77,"column":36},"end":{"line":77,"column":37}},"loc":{"start":{"line":77,"column":60},"end":{"line":83,"column":11}},"line":77},"6":{"name":"(anonymous_6)","decl":{"start":{"line":85,"column":16},"end":{"line":85,"column":17}},"loc":{"start":{"line":85,"column":26},"end":{"line":85,"column":56}},"line":85},"7":{"name":"(anonymous_7)","decl":{"start":{"line":87,"column":36},"end":{"line":87,"column":37}},"loc":{"start":{"line":87,"column":59},"end":{"line":90,"column":11}},"line":87},"8":{"name":"(anonymous_8)","decl":{"start":{"line":92,"column":16},"end":{"line":92,"column":17}},"loc":{"start":{"line":92,"column":26},"end":{"line":92,"column":66}},"line":92},"9":{"name":"(anonymous_9)","decl":{"start":{"line":94,"column":15},"end":{"line":94,"column":16}},"loc":{"start":{"line":94,"column":27},"end":{"line":144,"column":11}},"line":94},"10":{"name":"(anonymous_10)","decl":{"start":{"line":114,"column":34},"end":{"line":114,"column":35}},"loc":{"start":{"line":114,"column":47},"end":{"line":125,"column":13}},"line":114},"11":{"name":"(anonymous_11)","decl":{"start":{"line":127,"column":35},"end":{"line":127,"column":36}},"loc":{"start":{"line":127,"column":48},"end":{"line":138,"column":13}},"line":127},"12":{"name":"(anonymous_12)","decl":{"start":{"line":149,"column":27},"end":{"line":149,"column":28}},"loc":{"start":{"line":151,"column":33},"end":{"line":176,"column":9}},"line":151},"13":{"name":"(anonymous_13)","decl":{"start":{"line":155,"column":18},"end":{"line":155,"column":19}},"loc":{"start":{"line":155,"column":28},"end":{"line":155,"column":70}},"line":155},"14":{"name":"(anonymous_14)","decl":{"start":{"line":157,"column":14},"end":{"line":157,"column":15}},"loc":{"start":{"line":157,"column":33},"end":{"line":160,"column":15}},"line":157},"15":{"name":"(anonymous_15)","decl":{"start":{"line":162,"column":14},"end":{"line":162,"column":15}},"loc":{"start":{"line":162,"column":28},"end":{"line":165,"column":15}},"line":162},"16":{"name":"(anonymous_16)","decl":{"start":{"line":179,"column":22},"end":{"line":179,"column":23}},"loc":{"start":{"line":179,"column":39},"end":{"line":198,"column":9}},"line":179},"17":{"name":"(anonymous_17)","decl":{"start":{"line":191,"column":17},"end":{"line":191,"column":18}},"loc":{"start":{"line":191,"column":28},"end":{"line":196,"column":13}},"line":191}},"branchMap":{"0":{"loc":{"start":{"line":71,"column":12},"end":{"line":72,"column":42}},"type":"binary-expr","locations":[{"start":{"line":71,"column":12},"end":{"line":71,"column":67}},{"start":{"line":72,"column":15},"end":{"line":72,"column":42}}],"line":71},"1":{"loc":{"start":{"line":92,"column":26},"end":{"line":92,"column":66}},"type":"cond-expr","locations":[{"start":{"line":92,"column":60},"end":{"line":92,"column":62}},{"start":{"line":92,"column":65},"end":{"line":92,"column":66}}],"line":92},"2":{"loc":{"start":{"line":115,"column":14},"end":{"line":124,"column":15}},"type":"if","locations":[{"start":{"line":115,"column":14},"end":{"line":124,"column":15}},{"start":{"line":115,"column":14},"end":{"line":124,"column":15}}],"line":115},"3":{"loc":{"start":{"line":115,"column":18},"end":{"line":115,"column":87}},"type":"binary-expr","locations":[{"start":{"line":115,"column":18},"end":{"line":115,"column":43}},{"start":{"line":115,"column":47},"end":{"line":115,"column":87}}],"line":115},"4":{"loc":{"start":{"line":128,"column":14},"end":{"line":137,"column":15}},"type":"if","locations":[{"start":{"line":128,"column":14},"end":{"line":137,"column":15}},{"start":{"line":128,"column":14},"end":{"line":137,"column":15}}],"line":128},"5":{"loc":{"start":{"line":128,"column":18},"end":{"line":128,"column":83}},"type":"binary-expr","locations":[{"start":{"line":128,"column":18},"end":{"line":128,"column":43}},{"start":{"line":128,"column":47},"end":{"line":128,"column":83}}],"line":128},"6":{"loc":{"start":{"line":155,"column":28},"end":{"line":155,"column":70}},"type":"cond-expr","locations":[{"start":{"line":155,"column":64},"end":{"line":155,"column":66}},{"start":{"line":155,"column":69},"end":{"line":155,"column":70}}],"line":155},"7":{"loc":{"start":{"line":158,"column":34},"end":{"line":158,"column":72}},"type":"cond-expr","locations":[{"start":{"line":158,"column":63},"end":{"line":158,"column":67}},{"start":{"line":158,"column":70},"end":{"line":158,"column":72}}],"line":158},"8":{"loc":{"start":{"line":182,"column":28},"end":{"line":182,"column":97}},"type":"cond-expr","locations":[{"start":{"line":182,"column":79},"end":{"line":182,"column":86}},{"start":{"line":182,"column":89},"end":{"line":182,"column":97}}],"line":182},"9":{"loc":{"start":{"line":185,"column":36},"end":{"line":185,"column":78}},"type":"cond-expr","locations":[{"start":{"line":185,"column":56},"end":{"line":185,"column":68}},{"start":{"line":185,"column":71},"end":{"line":185,"column":78}}],"line":185},"10":{"loc":{"start":{"line":192,"column":14},"end":{"line":194,"column":15}},"type":"if","locations":[{"start":{"line":192,"column":14},"end":{"line":194,"column":15}},{"start":{"line":192,"column":14},"end":{"line":194,"column":15}}],"line":192}},"s":{"0":2,"1":2,"2":2,"3":2,"4":2,"5":21,"6":21,"7":21,"8":21,"9":168,"10":21,"11":169,"12":169,"13":21,"14":147,"15":136,"16":147,"17":136,"18":147,"19":147,"20":147,"21":147,"22":147,"23":147,"24":147,"25":147,"26":6,"27":3,"28":3,"29":3,"30":3,"31":147,"32":6,"33":3,"34":3,"35":3,"36":3,"37":147,"38":21,"39":21,"40":6,"41":6,"42":51,"43":47,"44":47,"45":47,"46":47,"47":6,"48":6,"49":6,"50":6,"51":6,"52":21,"53":8,"54":8,"55":8,"56":8,"57":8,"58":2,"59":6,"60":21},"f":{"0":21,"1":21,"2":168,"3":169,"4":169,"5":147,"6":136,"7":147,"8":136,"9":147,"10":6,"11":6,"12":6,"13":51,"14":47,"15":47,"16":8,"17":8},"b":{"0":[169,148],"1":[124,12],"2":[3,3],"3":[6,6],"4":[3,3],"5":[6,6],"6":[39,12],"7":[41,6],"8":[7,1],"9":[5,3],"10":[2,6]},"_coverageSchema":"1a1c01bbd47fc00a2c39e90264f33305004495a9","hash":"b7548bb9eb52895e0ceaea7b7696e87dcd9b0ee9"}
,"/Users/caziz/code/tkww-assistant/packages/eslint-plugin-tkww-assistant/src/rules/index.ts": {"path":"/Users/caziz/code/tkww-assistant/packages/eslint-plugin-tkww-assistant/src/rules/index.ts","statementMap":{"0":{"start":{"line":19,"column":14},"end":{"line":37,"column":1}}},"fnMap":{},"branchMap":{},"s":{"0":1},"f":{},"b":{},"_coverageSchema":"1a1c01bbd47fc00a2c39e90264f33305004495a9","hash":"22746a702002ebe89ec33581c2248c195c945c6a"}
,"/Users/caziz/code/tkww-assistant/packages/eslint-plugin-tkww-assistant/src/rules/member-delimiter-style.ts": {"path":"/Users/caziz/code/tkww-assistant/packages/eslint-plugin-tkww-assistant/src/rules/member-delimiter-style.ts","statementMap":{"0":{"start":{"line":34,"column":44},"end":{"line":43,"column":1}},"1":{"start":{"line":45,"column":36},"end":{"line":47,"column":1}},"2":{"start":{"line":49,"column":17},"end":{"line":49,"column":54}},"3":{"start":{"line":51,"column":15},"end":{"line":66,"column":1}},"4":{"start":{"line":68,"column":19},"end":{"line":75,"column":1}},"5":{"start":{"line":77,"column":15},"end":{"line":87,"column":1}},"6":{"start":{"line":89,"column":74},"end":{"line":94,"column":1}},"7":{"start":{"line":104,"column":24},"end":{"line":125,"column":1}},"8":{"start":{"line":105,"column":63},"end":{"line":105,"column":69}},"9":{"start":{"line":106,"column":23},"end":{"line":106,"column":64}},"10":{"start":{"line":107,"column":17},"end":{"line":107,"column":70}},"11":{"start":{"line":109,"column":2},"end":{"line":124,"column":5}},"12":{"start":{"line":110,"column":18},"end":{"line":115,"column":5}},"13":{"start":{"line":116,"column":19},"end":{"line":116,"column":52}},"14":{"start":{"line":117,"column":4},"end":{"line":123,"column":7}},"15":{"start":{"line":127,"column":85},"end":{"line":157,"column":1}},"16":{"start":{"line":130,"column":41},"end":{"line":130,"column":101}},"17":{"start":{"line":131,"column":23},"end":{"line":131,"column":46}},"18":{"start":{"line":133,"column":48},"end":{"line":154,"column":5}},"19":{"start":{"line":135,"column":24},"end":{"line":135,"column":72}},"20":{"start":{"line":136,"column":8},"end":{"line":142,"column":11}},"21":{"start":{"line":145,"column":24},"end":{"line":145,"column":74}},"22":{"start":{"line":146,"column":8},"end":{"line":152,"column":11}},"23":{"start":{"line":155,"column":4},"end":{"line":155,"column":24}}},"fnMap":{"0":{"name":"(anonymous_0)","decl":{"start":{"line":104,"column":24},"end":{"line":104,"column":25}},"loc":{"start":{"line":104,"column":59},"end":{"line":125,"column":1}},"line":104},"1":{"name":"(anonymous_1)","decl":{"start":{"line":109,"column":23},"end":{"line":109,"column":24}},"loc":{"start":{"line":109,"column":42},"end":{"line":124,"column":3}},"line":109},"2":{"name":"(anonymous_2)","decl":{"start":{"line":129,"column":2},"end":{"line":129,"column":3}},"loc":{"start":{"line":129,"column":18},"end":{"line":156,"column":3}},"line":129},"3":{"name":"(anonymous_3)","decl":{"start":{"line":134,"column":23},"end":{"line":134,"column":24}},"loc":{"start":{"line":134,"column":33},"end":{"line":143,"column":7}},"line":134},"4":{"name":"(anonymous_4)","decl":{"start":{"line":144,"column":21},"end":{"line":144,"column":22}},"loc":{"start":{"line":144,"column":31},"end":{"line":153,"column":7}},"line":144}},"branchMap":{"0":{"loc":{"start":{"line":107,"column":17},"end":{"line":107,"column":70}},"type":"cond-expr","locations":[{"start":{"line":107,"column":32},"end":{"line":107,"column":50}},{"start":{"line":107,"column":53},"end":{"line":107,"column":70}}],"line":107}},"s":{"0":2,"1":2,"2":2,"3":2,"4":2,"5":2,"6":2,"7":2,"8":34,"9":34,"10":34,"11":34,"12":67,"13":67,"14":67,"15":2,"16":34,"17":34,"18":34,"19":17,"20":17,"21":17,"22":17,"23":34},"f":{"0":34,"1":67,"2":34,"3":17,"4":17},"b":{"0":[16,18]},"_coverageSchema":"1a1c01bbd47fc00a2c39e90264f33305004495a9","hash":"e64af386855199cff36c186f93d4dd5fc4eb65ce"}
,"/Users/caziz/code/tkww-assistant/packages/eslint-plugin-tkww-assistant/src/rules/redux-action-creator-definitions.ts": {"path":"/Users/caziz/code/tkww-assistant/packages/eslint-plugin-tkww-assistant/src/rules/redux-action-creator-definitions.ts","statementMap":{"0":{"start":{"line":12,"column":15},"end":{"line":15,"column":1}},"1":{"start":{"line":25,"column":17},"end":{"line":25,"column":64}},"2":{"start":{"line":27,"column":84},"end":{"line":31,"column":1}},"3":{"start":{"line":33,"column":91},"end":{"line":156,"column":1}},"4":{"start":{"line":40,"column":8},"end":{"line":44,"column":6}},"5":{"start":{"line":46,"column":22},"end":{"line":49,"column":5}},"6":{"start":{"line":51,"column":48},"end":{"line":152,"column":5}},"7":{"start":{"line":53,"column":8},"end":{"line":56,"column":10}},"8":{"start":{"line":59,"column":8},"end":{"line":61,"column":9}},"9":{"start":{"line":60,"column":10},"end":{"line":60,"column":17}},"10":{"start":{"line":64,"column":8},"end":{"line":70,"column":9}},"11":{"start":{"line":69,"column":10},"end":{"line":69,"column":17}},"12":{"start":{"line":72,"column":40},"end":{"line":72,"column":49}},"13":{"start":{"line":75,"column":32},"end":{"line":90,"column":11}},"14":{"start":{"line":77,"column":12},"end":{"line":79,"column":13}},"15":{"start":{"line":78,"column":14},"end":{"line":78,"column":34}},"16":{"start":{"line":80,"column":26},"end":{"line":80,"column":48}},"17":{"start":{"line":81,"column":12},"end":{"line":84,"column":15}},"18":{"start":{"line":85,"column":12},"end":{"line":85,"column":24}},"19":{"start":{"line":89,"column":14},"end":{"line":89,"column":35}},"20":{"start":{"line":92,"column":8},"end":{"line":98,"column":9}},"21":{"start":{"line":93,"column":10},"end":{"line":96,"column":13}},"22":{"start":{"line":97,"column":10},"end":{"line":97,"column":17}},"23":{"start":{"line":100,"column":8},"end":{"line":129,"column":11}},"24":{"start":{"line":101,"column":10},"end":{"line":103,"column":11}},"25":{"start":{"line":102,"column":12},"end":{"line":102,"column":19}},"26":{"start":{"line":105,"column":34},"end":{"line":105,"column":48}},"27":{"start":{"line":106,"column":10},"end":{"line":113,"column":11}},"28":{"start":{"line":107,"column":29},"end":{"line":107,"column":43}},"29":{"start":{"line":108,"column":12},"end":{"line":111,"column":15}},"30":{"start":{"line":112,"column":12},"end":{"line":112,"column":19}},"31":{"start":{"line":115,"column":10},"end":{"line":122,"column":11}},"32":{"start":{"line":116,"column":29},"end":{"line":116,"column":43}},"33":{"start":{"line":117,"column":12},"end":{"line":120,"column":15}},"34":{"start":{"line":121,"column":12},"end":{"line":121,"column":19}},"35":{"start":{"line":125,"column":10},"end":{"line":128,"column":13}},"36":{"start":{"line":133,"column":8},"end":{"line":135,"column":9}},"37":{"start":{"line":134,"column":10},"end":{"line":134,"column":17}},"38":{"start":{"line":137,"column":27},"end":{"line":138,"column":85}},"39":{"start":{"line":138,"column":42},"end":{"line":138,"column":84}},"40":{"start":{"line":140,"column":8},"end":{"line":142,"column":9}},"41":{"start":{"line":141,"column":10},"end":{"line":141,"column":17}},"42":{"start":{"line":143,"column":8},"end":{"line":143,"column":31}},"43":{"start":{"line":145,"column":8},"end":{"line":150,"column":11}},"44":{"start":{"line":154,"column":4},"end":{"line":154,"column":24}}},"fnMap":{"0":{"name":"(anonymous_0)","decl":{"start":{"line":35,"column":2},"end":{"line":35,"column":3}},"loc":{"start":{"line":35,"column":18},"end":{"line":155,"column":3}},"line":35},"1":{"name":"(anonymous_1)","decl":{"start":{"line":52,"column":22},"end":{"line":52,"column":23}},"loc":{"start":{"line":52,"column":28},"end":{"line":57,"column":7}},"line":52},"2":{"name":"(anonymous_2)","decl":{"start":{"line":58,"column":27},"end":{"line":58,"column":28}},"loc":{"start":{"line":58,"column":37},"end":{"line":131,"column":7}},"line":58},"3":{"name":"(anonymous_3)","decl":{"start":{"line":76,"column":15},"end":{"line":76,"column":16}},"loc":{"start":{"line":76,"column":33},"end":{"line":86,"column":11}},"line":76},"4":{"name":"(anonymous_4)","decl":{"start":{"line":88,"column":12},"end":{"line":88,"column":13}},"loc":{"start":{"line":89,"column":14},"end":{"line":89,"column":35}},"line":89},"5":{"name":"(anonymous_5)","decl":{"start":{"line":100,"column":32},"end":{"line":100,"column":33}},"loc":{"start":{"line":100,"column":52},"end":{"line":129,"column":9}},"line":100},"6":{"name":"(anonymous_6)","decl":{"start":{"line":132,"column":30},"end":{"line":132,"column":31}},"loc":{"start":{"line":132,"column":40},"end":{"line":151,"column":7}},"line":132},"7":{"name":"(anonymous_7)","decl":{"start":{"line":138,"column":16},"end":{"line":138,"column":17}},"loc":{"start":{"line":138,"column":42},"end":{"line":138,"column":84}},"line":138}},"branchMap":{"0":{"loc":{"start":{"line":59,"column":8},"end":{"line":61,"column":9}},"type":"if","locations":[{"start":{"line":59,"column":8},"end":{"line":61,"column":9}},{"start":{"line":59,"column":8},"end":{"line":61,"column":9}}],"line":59},"1":{"loc":{"start":{"line":59,"column":12},"end":{"line":59,"column":52}},"type":"binary-expr","locations":[{"start":{"line":59,"column":12},"end":{"line":59,"column":26}},{"start":{"line":59,"column":30},"end":{"line":59,"column":52}}],"line":59},"2":{"loc":{"start":{"line":64,"column":8},"end":{"line":70,"column":9}},"type":"if","locations":[{"start":{"line":64,"column":8},"end":{"line":70,"column":9}},{"start":{"line":64,"column":8},"end":{"line":70,"column":9}}],"line":64},"3":{"loc":{"start":{"line":65,"column":10},"end":{"line":67,"column":23}},"type":"binary-expr","locations":[{"start":{"line":65,"column":10},"end":{"line":65,"column":53}},{"start":{"line":66,"column":13},"end":{"line":66,"column":46}},{"start":{"line":67,"column":13},"end":{"line":67,"column":23}}],"line":65},"4":{"loc":{"start":{"line":77,"column":12},"end":{"line":79,"column":13}},"type":"if","locations":[{"start":{"line":77,"column":12},"end":{"line":79,"column":13}},{"start":{"line":77,"column":12},"end":{"line":79,"column":13}}],"line":77},"5":{"loc":{"start":{"line":92,"column":8},"end":{"line":98,"column":9}},"type":"if","locations":[{"start":{"line":92,"column":8},"end":{"line":98,"column":9}},{"start":{"line":92,"column":8},"end":{"line":98,"column":9}}],"line":92},"6":{"loc":{"start":{"line":101,"column":10},"end":{"line":103,"column":11}},"type":"if","locations":[{"start":{"line":101,"column":10},"end":{"line":103,"column":11}},{"start":{"line":101,"column":10},"end":{"line":103,"column":11}}],"line":101},"7":{"loc":{"start":{"line":106,"column":10},"end":{"line":113,"column":11}},"type":"if","locations":[{"start":{"line":106,"column":10},"end":{"line":113,"column":11}},{"start":{"line":106,"column":10},"end":{"line":113,"column":11}}],"line":106},"8":{"loc":{"start":{"line":115,"column":10},"end":{"line":122,"column":11}},"type":"if","locations":[{"start":{"line":115,"column":10},"end":{"line":122,"column":11}},{"start":{"line":115,"column":10},"end":{"line":122,"column":11}}],"line":115},"9":{"loc":{"start":{"line":133,"column":8},"end":{"line":135,"column":9}},"type":"if","locations":[{"start":{"line":133,"column":8},"end":{"line":135,"column":9}},{"start":{"line":133,"column":8},"end":{"line":135,"column":9}}],"line":133},"10":{"loc":{"start":{"line":133,"column":12},"end":{"line":133,"column":52}},"type":"binary-expr","locations":[{"start":{"line":133,"column":12},"end":{"line":133,"column":26}},{"start":{"line":133,"column":30},"end":{"line":133,"column":52}}],"line":133},"11":{"loc":{"start":{"line":140,"column":8},"end":{"line":142,"column":9}},"type":"if","locations":[{"start":{"line":140,"column":8},"end":{"line":142,"column":9}},{"start":{"line":140,"column":8},"end":{"line":142,"column":9}}],"line":140}},"s":{"0":1,"1":1,"2":1,"3":1,"4":0,"5":0,"6":0,"7":0,"8":0,"9":0,"10":0,"11":0,"12":0,"13":0,"14":0,"15":0,"16":0,"17":0,"18":0,"19":0,"20":0,"21":0,"22":0,"23":0,"24":0,"25":0,"26":0,"27":0,"28":0,"29":0,"30":0,"31":0,"32":0,"33":0,"34":0,"35":0,"36":0,"37":0,"38":0,"39":0,"40":0,"41":0,"42":0,"43":0,"44":0},"f":{"0":0,"1":0,"2":0,"3":0,"4":0,"5":0,"6":0,"7":0},"b":{"0":[0,0],"1":[0,0],"2":[0,0],"3":[0,0,0],"4":[0,0],"5":[0,0],"6":[0,0],"7":[0,0],"8":[0,0],"9":[0,0],"10":[0,0],"11":[0,0]},"_coverageSchema":"1a1c01bbd47fc00a2c39e90264f33305004495a9","hash":"ce5055f17d4fb84b582f0df9b8c38e83efc9f11a"}
,"/Users/caziz/code/tkww-assistant/packages/eslint-plugin-tkww-assistant/src/rules/redux-action-creator-filenames.ts": {"path":"/Users/caziz/code/tkww-assistant/packages/eslint-plugin-tkww-assistant/src/rules/redux-action-creator-filenames.ts","statementMap":{"0":{"start":{"line":10,"column":15},"end":{"line":13,"column":1}},"1":{"start":{"line":15,"column":17},"end":{"line":15,"column":62}},"2":{"start":{"line":17,"column":82},"end":{"line":21,"column":1}},"3":{"start":{"line":23,"column":89},"end":{"line":90,"column":1}},"4":{"start":{"line":30,"column":8},"end":{"line":34,"column":6}},"5":{"start":{"line":36,"column":48},"end":{"line":86,"column":5}},"6":{"start":{"line":38,"column":8},"end":{"line":40,"column":9}},"7":{"start":{"line":39,"column":10},"end":{"line":39,"column":17}},"8":{"start":{"line":42,"column":8},"end":{"line":50,"column":9}},"9":{"start":{"line":43,"column":10},"end":{"line":49,"column":13}},"10":{"start":{"line":52,"column":34},"end":{"line":52,"column":46}},"11":{"start":{"line":53,"column":8},"end":{"line":59,"column":9}},"12":{"start":{"line":54,"column":10},"end":{"line":57,"column":13}},"13":{"start":{"line":58,"column":10},"end":{"line":58,"column":17}},"14":{"start":{"line":61,"column":23},"end":{"line":61,"column":40}},"15":{"start":{"line":62,"column":8},"end":{"line":68,"column":9}},"16":{"start":{"line":63,"column":10},"end":{"line":66,"column":13}},"17":{"start":{"line":67,"column":10},"end":{"line":67,"column":17}},"18":{"start":{"line":70,"column":33},"end":{"line":72,"column":58}},"19":{"start":{"line":73,"column":26},"end":{"line":73,"column":69}},"20":{"start":{"line":75,"column":8},"end":{"line":84,"column":9}},"21":{"start":{"line":76,"column":10},"end":{"line":83,"column":13}},"22":{"start":{"line":88,"column":4},"end":{"line":88,"column":24}}},"fnMap":{"0":{"name":"(anonymous_0)","decl":{"start":{"line":25,"column":2},"end":{"line":25,"column":3}},"loc":{"start":{"line":25,"column":18},"end":{"line":89,"column":3}},"line":25},"1":{"name":"(anonymous_1)","decl":{"start":{"line":37,"column":15},"end":{"line":37,"column":16}},"loc":{"start":{"line":37,"column":25},"end":{"line":85,"column":7}},"line":37}},"branchMap":{"0":{"loc":{"start":{"line":38,"column":8},"end":{"line":40,"column":9}},"type":"if","locations":[{"start":{"line":38,"column":8},"end":{"line":40,"column":9}},{"start":{"line":38,"column":8},"end":{"line":40,"column":9}}],"line":38},"1":{"loc":{"start":{"line":38,"column":12},"end":{"line":38,"column":52}},"type":"binary-expr","locations":[{"start":{"line":38,"column":12},"end":{"line":38,"column":26}},{"start":{"line":38,"column":30},"end":{"line":38,"column":52}}],"line":38},"2":{"loc":{"start":{"line":42,"column":8},"end":{"line":50,"column":9}},"type":"if","locations":[{"start":{"line":42,"column":8},"end":{"line":50,"column":9}},{"start":{"line":42,"column":8},"end":{"line":50,"column":9}}],"line":42},"3":{"loc":{"start":{"line":53,"column":8},"end":{"line":59,"column":9}},"type":"if","locations":[{"start":{"line":53,"column":8},"end":{"line":59,"column":9}},{"start":{"line":53,"column":8},"end":{"line":59,"column":9}}],"line":53},"4":{"loc":{"start":{"line":62,"column":8},"end":{"line":68,"column":9}},"type":"if","locations":[{"start":{"line":62,"column":8},"end":{"line":68,"column":9}},{"start":{"line":62,"column":8},"end":{"line":68,"column":9}}],"line":62},"5":{"loc":{"start":{"line":70,"column":33},"end":{"line":72,"column":58}},"type":"binary-expr","locations":[{"start":{"line":70,"column":33},"end":{"line":70,"column":64}},{"start":{"line":71,"column":13},"end":{"line":71,"column":58}},{"start":{"line":72,"column":13},"end":{"line":72,"column":58}}],"line":70},"6":{"loc":{"start":{"line":75,"column":8},"end":{"line":84,"column":9}},"type":"if","locations":[{"start":{"line":75,"column":8},"end":{"line":84,"column":9}},{"start":{"line":75,"column":8},"end":{"line":84,"column":9}}],"line":75},"7":{"loc":{"start":{"line":75,"column":12},"end":{"line":75,"column":43}},"type":"binary-expr","locations":[{"start":{"line":75,"column":12},"end":{"line":75,"column":29}},{"start":{"line":75,"column":33},"end":{"line":75,"column":43}}],"line":75}},"s":{"0":1,"1":1,"2":1,"3":1,"4":0,"5":0,"6":0,"7":0,"8":0,"9":0,"10":0,"11":0,"12":0,"13":0,"14":0,"15":0,"16":0,"17":0,"18":0,"19":0,"20":0,"21":0,"22":0},"f":{"0":0,"1":0},"b":{"0":[0,0],"1":[0,0],"2":[0,0],"3":[0,0],"4":[0,0],"5":[0,0,0],"6":[0,0],"7":[0,0]},"_coverageSchema":"1a1c01bbd47fc00a2c39e90264f33305004495a9","hash":"6a41dbe85f930e2005134ff8de0474c096c79b45"}
,"/Users/caziz/code/tkww-assistant/packages/eslint-plugin-tkww-assistant/src/rules/redux-action-creator-return.ts": {"path":"/Users/caziz/code/tkww-assistant/packages/eslint-plugin-tkww-assistant/src/rules/redux-action-creator-return.ts","statementMap":{"0":{"start":{"line":11,"column":15},"end":{"line":14,"column":1}},"1":{"start":{"line":16,"column":17},"end":{"line":16,"column":59}},"2":{"start":{"line":18,"column":79},"end":{"line":22,"column":1}},"3":{"start":{"line":24,"column":86},"end":{"line":80,"column":1}},"4":{"start":{"line":31,"column":8},"end":{"line":35,"column":6}},"5":{"start":{"line":37,"column":48},"end":{"line":76,"column":5}},"6":{"start":{"line":39,"column":8},"end":{"line":41,"column":9}},"7":{"start":{"line":40,"column":10},"end":{"line":40,"column":17}},"8":{"start":{"line":43,"column":8},"end":{"line":45,"column":9}},"9":{"start":{"line":44,"column":10},"end":{"line":44,"column":17}},"10":{"start":{"line":47,"column":8},"end":{"line":74,"column":11}},"11":{"start":{"line":48,"column":10},"end":{"line":53,"column":11}},"12":{"start":{"line":52,"column":12},"end":{"line":52,"column":19}},"13":{"start":{"line":56,"column":10},"end":{"line":62,"column":11}},"14":{"start":{"line":57,"column":12},"end":{"line":60,"column":15}},"15":{"start":{"line":61,"column":12},"end":{"line":61,"column":19}},"16":{"start":{"line":64,"column":37},"end":{"line":64,"column":64}},"17":{"start":{"line":66,"column":10},"end":{"line":73,"column":12}},"18":{"start":{"line":78,"column":4},"end":{"line":78,"column":24}}},"fnMap":{"0":{"name":"(anonymous_0)","decl":{"start":{"line":26,"column":2},"end":{"line":26,"column":3}},"loc":{"start":{"line":26,"column":18},"end":{"line":79,"column":3}},"line":26},"1":{"name":"(anonymous_1)","decl":{"start":{"line":38,"column":30},"end":{"line":38,"column":31}},"loc":{"start":{"line":38,"column":40},"end":{"line":75,"column":7}},"line":38},"2":{"name":"(anonymous_2)","decl":{"start":{"line":47,"column":46},"end":{"line":47,"column":47}},"loc":{"start":{"line":47,"column":63},"end":{"line":74,"column":9}},"line":47}},"branchMap":{"0":{"loc":{"start":{"line":39,"column":8},"end":{"line":41,"column":9}},"type":"if","locations":[{"start":{"line":39,"column":8},"end":{"line":41,"column":9}},{"start":{"line":39,"column":8},"end":{"line":41,"column":9}}],"line":39},"1":{"loc":{"start":{"line":39,"column":12},"end":{"line":39,"column":52}},"type":"binary-expr","locations":[{"start":{"line":39,"column":12},"end":{"line":39,"column":26}},{"start":{"line":39,"column":30},"end":{"line":39,"column":52}}],"line":39},"2":{"loc":{"start":{"line":43,"column":8},"end":{"line":45,"column":9}},"type":"if","locations":[{"start":{"line":43,"column":8},"end":{"line":45,"column":9}},{"start":{"line":43,"column":8},"end":{"line":45,"column":9}}],"line":43},"3":{"loc":{"start":{"line":43,"column":12},"end":{"line":43,"column":84}},"type":"binary-expr","locations":[{"start":{"line":43,"column":12},"end":{"line":43,"column":29}},{"start":{"line":43,"column":33},"end":{"line":43,"column":84}}],"line":43},"4":{"loc":{"start":{"line":48,"column":10},"end":{"line":53,"column":11}},"type":"if","locations":[{"start":{"line":48,"column":10},"end":{"line":53,"column":11}},{"start":{"line":48,"column":10},"end":{"line":53,"column":11}}],"line":48},"5":{"loc":{"start":{"line":49,"column":12},"end":{"line":50,"column":70}},"type":"binary-expr","locations":[{"start":{"line":49,"column":12},"end":{"line":49,"column":29}},{"start":{"line":50,"column":15},"end":{"line":50,"column":70}}],"line":49},"6":{"loc":{"start":{"line":56,"column":10},"end":{"line":62,"column":11}},"type":"if","locations":[{"start":{"line":56,"column":10},"end":{"line":62,"column":11}},{"start":{"line":56,"column":10},"end":{"line":62,"column":11}}],"line":56}},"s":{"0":1,"1":1,"2":1,"3":1,"4":0,"5":0,"6":0,"7":0,"8":0,"9":0,"10":0,"11":0,"12":0,"13":0,"14":0,"15":0,"16":0,"17":0,"18":0},"f":{"0":0,"1":0,"2":0},"b":{"0":[0,0],"1":[0,0],"2":[0,0],"3":[0,0],"4":[0,0],"5":[0,0],"6":[0,0]},"_coverageSchema":"1a1c01bbd47fc00a2c39e90264f33305004495a9","hash":"09ee3f951006280d4723a62de66969a82c6d290d"}
,"/Users/caziz/code/tkww-assistant/packages/eslint-plugin-tkww-assistant/src/rules/redux-action-creator-type.ts": {"path":"/Users/caziz/code/tkww-assistant/packages/eslint-plugin-tkww-assistant/src/rules/redux-action-creator-type.ts","statementMap":{"0":{"start":{"line":11,"column":15},"end":{"line":14,"column":1}},"1":{"start":{"line":16,"column":17},"end":{"line":16,"column":57}},"2":{"start":{"line":18,"column":77},"end":{"line":22,"column":1}},"3":{"start":{"line":24,"column":84},"end":{"line":73,"column":1}},"4":{"start":{"line":30,"column":8},"end":{"line":34,"column":6}},"5":{"start":{"line":36,"column":48},"end":{"line":69,"column":5}},"6":{"start":{"line":39,"column":8},"end":{"line":41,"column":9}},"7":{"start":{"line":40,"column":10},"end":{"line":40,"column":17}},"8":{"start":{"line":43,"column":8},"end":{"line":45,"column":9}},"9":{"start":{"line":44,"column":10},"end":{"line":44,"column":17}},"10":{"start":{"line":47,"column":8},"end":{"line":67,"column":11}},"11":{"start":{"line":48,"column":10},"end":{"line":53,"column":11}},"12":{"start":{"line":52,"column":12},"end":{"line":52,"column":19}},"13":{"start":{"line":56,"column":10},"end":{"line":66,"column":11}},"14":{"start":{"line":60,"column":12},"end":{"line":65,"column":15}},"15":{"start":{"line":71,"column":4},"end":{"line":71,"column":24}}},"fnMap":{"0":{"name":"(anonymous_0)","decl":{"start":{"line":26,"column":2},"end":{"line":26,"column":3}},"loc":{"start":{"line":26,"column":18},"end":{"line":72,"column":3}},"line":26},"1":{"name":"(anonymous_1)","decl":{"start":{"line":37,"column":30},"end":{"line":37,"column":31}},"loc":{"start":{"line":37,"column":40},"end":{"line":68,"column":7}},"line":37},"2":{"name":"(anonymous_2)","decl":{"start":{"line":47,"column":46},"end":{"line":47,"column":47}},"loc":{"start":{"line":47,"column":63},"end":{"line":67,"column":9}},"line":47}},"branchMap":{"0":{"loc":{"start":{"line":39,"column":8},"end":{"line":41,"column":9}},"type":"if","locations":[{"start":{"line":39,"column":8},"end":{"line":41,"column":9}},{"start":{"line":39,"column":8},"end":{"line":41,"column":9}}],"line":39},"1":{"loc":{"start":{"line":43,"column":8},"end":{"line":45,"column":9}},"type":"if","locations":[{"start":{"line":43,"column":8},"end":{"line":45,"column":9}},{"start":{"line":43,"column":8},"end":{"line":45,"column":9}}],"line":43},"2":{"loc":{"start":{"line":43,"column":12},"end":{"line":43,"column":84}},"type":"binary-expr","locations":[{"start":{"line":43,"column":12},"end":{"line":43,"column":29}},{"start":{"line":43,"column":33},"end":{"line":43,"column":84}}],"line":43},"3":{"loc":{"start":{"line":48,"column":10},"end":{"line":53,"column":11}},"type":"if","locations":[{"start":{"line":48,"column":10},"end":{"line":53,"column":11}},{"start":{"line":48,"column":10},"end":{"line":53,"column":11}}],"line":48},"4":{"loc":{"start":{"line":49,"column":12},"end":{"line":50,"column":70}},"type":"binary-expr","locations":[{"start":{"line":49,"column":12},"end":{"line":49,"column":29}},{"start":{"line":50,"column":15},"end":{"line":50,"column":70}}],"line":49},"5":{"loc":{"start":{"line":56,"column":10},"end":{"line":66,"column":11}},"type":"if","locations":[{"start":{"line":56,"column":10},"end":{"line":66,"column":11}},{"start":{"line":56,"column":10},"end":{"line":66,"column":11}}],"line":56},"6":{"loc":{"start":{"line":57,"column":12},"end":{"line":58,"column":67}},"type":"binary-expr","locations":[{"start":{"line":57,"column":12},"end":{"line":57,"column":51}},{"start":{"line":58,"column":15},"end":{"line":58,"column":67}}],"line":57}},"s":{"0":1,"1":1,"2":1,"3":1,"4":0,"5":0,"6":0,"7":0,"8":0,"9":0,"10":0,"11":0,"12":0,"13":0,"14":0,"15":0},"f":{"0":0,"1":0,"2":0},"b":{"0":[0,0],"1":[0,0],"2":[0,0],"3":[0,0],"4":[0,0],"5":[0,0],"6":[0,0]},"_coverageSchema":"1a1c01bbd47fc00a2c39e90264f33305004495a9","hash":"9044146c22bf84489901345093c0767b84a006e3"}
,"/Users/caziz/code/tkww-assistant/packages/eslint-plugin-tkww-assistant/src/rules/redux-action-types.ts": {"path":"/Users/caziz/code/tkww-assistant/packages/eslint-plugin-tkww-assistant/src/rules/redux-action-types.ts","statementMap":{"0":{"start":{"line":12,"column":15},"end":{"line":15,"column":1}},"1":{"start":{"line":17,"column":17},"end":{"line":17,"column":50}},"2":{"start":{"line":19,"column":70},"end":{"line":23,"column":1}},"3":{"start":{"line":25,"column":77},"end":{"line":130,"column":1}},"4":{"start":{"line":31,"column":8},"end":{"line":35,"column":6}},"5":{"start":{"line":37,"column":48},"end":{"line":126,"column":5}},"6":{"start":{"line":39,"column":8},"end":{"line":41,"column":9}},"7":{"start":{"line":40,"column":10},"end":{"line":40,"column":17}},"8":{"start":{"line":43,"column":8},"end":{"line":48,"column":9}},"9":{"start":{"line":47,"column":10},"end":{"line":47,"column":17}},"10":{"start":{"line":50,"column":39},"end":{"line":50,"column":84}},"11":{"start":{"line":51,"column":35},"end":{"line":64,"column":58}},"12":{"start":{"line":54,"column":14},"end":{"line":60,"column":15}},"13":{"start":{"line":59,"column":16},"end":{"line":59,"column":53}},"14":{"start":{"line":61,"column":14},"end":{"line":61,"column":26}},"15":{"start":{"line":64,"column":44},"end":{"line":64,"column":57}},"16":{"start":{"line":66,"column":35},"end":{"line":66,"column":39}},"17":{"start":{"line":67,"column":8},"end":{"line":69,"column":9}},"18":{"start":{"line":68,"column":10},"end":{"line":68,"column":17}},"19":{"start":{"line":71,"column":32},"end":{"line":104,"column":12}},"20":{"start":{"line":73,"column":12},"end":{"line":79,"column":13}},"21":{"start":{"line":74,"column":14},"end":{"line":77,"column":17}},"22":{"start":{"line":78,"column":14},"end":{"line":78,"column":26}},"23":{"start":{"line":81,"column":27},"end":{"line":87,"column":13}},"24":{"start":{"line":89,"column":54},"end":{"line":89,"column":60}},"25":{"start":{"line":92,"column":12},"end":{"line":101,"column":13}},"26":{"start":{"line":93,"column":14},"end":{"line":99,"column":17}},"27":{"start":{"line":100,"column":14},"end":{"line":100,"column":26}},"28":{"start":{"line":103,"column":12},"end":{"line":103,"column":31}},"29":{"start":{"line":106,"column":8},"end":{"line":124,"column":12}},"30":{"start":{"line":109,"column":14},"end":{"line":122,"column":15}},"31":{"start":{"line":115,"column":16},"end":{"line":121,"column":19}},"32":{"start":{"line":128,"column":4},"end":{"line":128,"column":24}}},"fnMap":{"0":{"name":"(anonymous_0)","decl":{"start":{"line":27,"column":2},"end":{"line":27,"column":3}},"loc":{"start":{"line":27,"column":18},"end":{"line":129,"column":3}},"line":27},"1":{"name":"(anonymous_1)","decl":{"start":{"line":38,"column":30},"end":{"line":38,"column":31}},"loc":{"start":{"line":38,"column":40},"end":{"line":125,"column":7}},"line":38},"2":{"name":"(anonymous_2)","decl":{"start":{"line":53,"column":12},"end":{"line":53,"column":13}},"loc":{"start":{"line":53,"column":39},"end":{"line":62,"column":13}},"line":53},"3":{"name":"(anonymous_3)","decl":{"start":{"line":64,"column":18},"end":{"line":64,"column":19}},"loc":{"start":{"line":64,"column":44},"end":{"line":64,"column":57}},"line":64},"4":{"name":"(anonymous_4)","decl":{"start":{"line":72,"column":15},"end":{"line":72,"column":16}},"loc":{"start":{"line":72,"column":25},"end":{"line":104,"column":11}},"line":72},"5":{"name":"(anonymous_5)","decl":{"start":{"line":108,"column":12},"end":{"line":108,"column":13}},"loc":{"start":{"line":108,"column":39},"end":{"line":123,"column":13}},"line":108}},"branchMap":{"0":{"loc":{"start":{"line":39,"column":8},"end":{"line":41,"column":9}},"type":"if","locations":[{"start":{"line":39,"column":8},"end":{"line":41,"column":9}},{"start":{"line":39,"column":8},"end":{"line":41,"column":9}}],"line":39},"1":{"loc":{"start":{"line":39,"column":12},"end":{"line":39,"column":52}},"type":"binary-expr","locations":[{"start":{"line":39,"column":12},"end":{"line":39,"column":26}},{"start":{"line":39,"column":30},"end":{"line":39,"column":52}}],"line":39},"2":{"loc":{"start":{"line":43,"column":8},"end":{"line":48,"column":9}},"type":"if","locations":[{"start":{"line":43,"column":8},"end":{"line":48,"column":9}},{"start":{"line":43,"column":8},"end":{"line":48,"column":9}}],"line":43},"3":{"loc":{"start":{"line":44,"column":10},"end":{"line":45,"column":43}},"type":"binary-expr","locations":[{"start":{"line":44,"column":10},"end":{"line":44,"column":53}},{"start":{"line":45,"column":13},"end":{"line":45,"column":43}}],"line":44},"4":{"loc":{"start":{"line":54,"column":14},"end":{"line":60,"column":15}},"type":"if","locations":[{"start":{"line":54,"column":14},"end":{"line":60,"column":15}},{"start":{"line":54,"column":14},"end":{"line":60,"column":15}}],"line":54},"5":{"loc":{"start":{"line":55,"column":16},"end":{"line":57,"column":68}},"type":"binary-expr","locations":[{"start":{"line":55,"column":16},"end":{"line":55,"column":55}},{"start":{"line":56,"column":19},"end":{"line":56,"column":43}},{"start":{"line":57,"column":19},"end":{"line":57,"column":68}}],"line":55},"6":{"loc":{"start":{"line":67,"column":8},"end":{"line":69,"column":9}},"type":"if","locations":[{"start":{"line":67,"column":8},"end":{"line":69,"column":9}},{"start":{"line":67,"column":8},"end":{"line":69,"column":9}}],"line":67},"7":{"loc":{"start":{"line":73,"column":12},"end":{"line":79,"column":13}},"type":"if","locations":[{"start":{"line":73,"column":12},"end":{"line":79,"column":13}},{"start":{"line":73,"column":12},"end":{"line":79,"column":13}}],"line":73},"8":{"loc":{"start":{"line":92,"column":12},"end":{"line":101,"column":13}},"type":"if","locations":[{"start":{"line":92,"column":12},"end":{"line":101,"column":13}},{"start":{"line":92,"column":12},"end":{"line":101,"column":13}}],"line":92},"9":{"loc":{"start":{"line":109,"column":14},"end":{"line":122,"column":15}},"type":"if","locations":[{"start":{"line":109,"column":14},"end":{"line":122,"column":15}},{"start":{"line":109,"column":14},"end":{"line":122,"column":15}}],"line":109},"10":{"loc":{"start":{"line":110,"column":16},"end":{"line":113,"column":75}},"type":"binary-expr","locations":[{"start":{"line":110,"column":16},"end":{"line":110,"column":55}},{"start":{"line":111,"column":19},"end":{"line":111,"column":43}},{"start":{"line":112,"column":19},"end":{"line":112,"column":68}},{"start":{"line":113,"column":19},"end":{"line":113,"column":75}}],"line":110}},"s":{"0":1,"1":1,"2":1,"3":1,"4":0,"5":0,"6":0,"7":0,"8":0,"9":0,"10":0,"11":0,"12":0,"13":0,"14":0,"15":0,"16":0,"17":0,"18":0,"19":0,"20":0,"21":0,"22":0,"23":0,"24":0,"25":0,"26":0,"27":0,"28":0,"29":0,"30":0,"31":0,"32":0},"f":{"0":0,"1":0,"2":0,"3":0,"4":0,"5":0},"b":{"0":[0,0],"1":[0,0],"2":[0,0],"3":[0,0],"4":[0,0],"5":[0,0,0],"6":[0,0],"7":[0,0],"8":[0,0],"9":[0,0],"10":[0,0,0,0]},"_coverageSchema":"1a1c01bbd47fc00a2c39e90264f33305004495a9","hash":"13fde61b44e77a778afa6f210d27014eb40a835d"}
,"/Users/caziz/code/tkww-assistant/packages/eslint-plugin-tkww-assistant/src/rules/redux-namespace-members.ts": {"path":"/Users/caziz/code/tkww-assistant/packages/eslint-plugin-tkww-assistant/src/rules/redux-namespace-members.ts","statementMap":{"0":{"start":{"line":11,"column":15},"end":{"line":14,"column":1}},"1":{"start":{"line":16,"column":17},"end":{"line":16,"column":55}},"2":{"start":{"line":18,"column":75},"end":{"line":22,"column":1}},"3":{"start":{"line":24,"column":82},"end":{"line":230,"column":1}},"4":{"start":{"line":31,"column":8},"end":{"line":35,"column":6}},"5":{"start":{"line":37,"column":48},"end":{"line":226,"column":5}},"6":{"start":{"line":39,"column":8},"end":{"line":41,"column":9}},"7":{"start":{"line":40,"column":10},"end":{"line":40,"column":17}},"8":{"start":{"line":43,"column":28},"end":{"line":46,"column":16}},"9":{"start":{"line":48,"column":8},"end":{"line":50,"column":9}},"10":{"start":{"line":49,"column":10},"end":{"line":49,"column":17}},"11":{"start":{"line":52,"column":34},"end":{"line":66,"column":9}},"12":{"start":{"line":55,"column":10},"end":{"line":64,"column":11}},"13":{"start":{"line":60,"column":12},"end":{"line":63,"column":14}},"14":{"start":{"line":65,"column":10},"end":{"line":65,"column":22}},"15":{"start":{"line":68,"column":37},"end":{"line":82,"column":9}},"16":{"start":{"line":71,"column":10},"end":{"line":80,"column":11}},"17":{"start":{"line":76,"column":12},"end":{"line":79,"column":14}},"18":{"start":{"line":81,"column":10},"end":{"line":81,"column":22}},"19":{"start":{"line":84,"column":28},"end":{"line":100,"column":9}},"20":{"start":{"line":87,"column":10},"end":{"line":99,"column":11}},"21":{"start":{"line":90,"column":43},"end":{"line":90,"column":59}},"22":{"start":{"line":93,"column":12},"end":{"line":98,"column":13}},"23":{"start":{"line":94,"column":14},"end":{"line":97,"column":17}},"24":{"start":{"line":102,"column":29},"end":{"line":197,"column":9}},"25":{"start":{"line":104,"column":41},"end":{"line":104,"column":68}},"26":{"start":{"line":105,"column":36},"end":{"line":105,"column":78}},"27":{"start":{"line":108,"column":10},"end":{"line":110,"column":11}},"28":{"start":{"line":109,"column":12},"end":{"line":109,"column":50}},"29":{"start":{"line":113,"column":10},"end":{"line":123,"column":11}},"30":{"start":{"line":114,"column":12},"end":{"line":121,"column":15}},"31":{"start":{"line":122,"column":12},"end":{"line":122,"column":24}},"32":{"start":{"line":125,"column":39},"end":{"line":125,"column":63}},"33":{"start":{"line":126,"column":34},"end":{"line":126,"column":74}},"34":{"start":{"line":129,"column":10},"end":{"line":132,"column":11}},"35":{"start":{"line":130,"column":12},"end":{"line":130,"column":51}},"36":{"start":{"line":131,"column":12},"end":{"line":131,"column":48}},"37":{"start":{"line":135,"column":10},"end":{"line":145,"column":11}},"38":{"start":{"line":136,"column":12},"end":{"line":143,"column":15}},"39":{"start":{"line":144,"column":12},"end":{"line":144,"column":24}},"40":{"start":{"line":148,"column":10},"end":{"line":172,"column":11}},"41":{"start":{"line":149,"column":12},"end":{"line":163,"column":13}},"42":{"start":{"line":154,"column":14},"end":{"line":161,"column":17}},"43":{"start":{"line":162,"column":14},"end":{"line":162,"column":26}},"44":{"start":{"line":164,"column":12},"end":{"line":170,"column":15}},"45":{"start":{"line":171,"column":12},"end":{"line":171,"column":24}},"46":{"start":{"line":174,"column":10},"end":{"line":188,"column":11}},"47":{"start":{"line":179,"column":12},"end":{"line":186,"column":15}},"48":{"start":{"line":187,"column":12},"end":{"line":187,"column":24}},"49":{"start":{"line":189,"column":10},"end":{"line":195,"column":13}},"50":{"start":{"line":196,"column":10},"end":{"line":196,"column":22}},"51":{"start":{"line":199,"column":8},"end":{"line":201,"column":9}},"52":{"start":{"line":200,"column":10},"end":{"line":200,"column":17}},"53":{"start":{"line":203,"column":22},"end":{"line":211,"column":10}},"54":{"start":{"line":204,"column":10},"end":{"line":209,"column":11}},"55":{"start":{"line":208,"column":12},"end":{"line":208,"column":57}},"56":{"start":{"line":210,"column":10},"end":{"line":210,"column":44}},"57":{"start":{"line":212,"column":32},"end":{"line":212,"column":66}},"58":{"start":{"line":213,"column":8},"end":{"line":224,"column":11}},"59":{"start":{"line":214,"column":10},"end":{"line":223,"column":11}},"60":{"start":{"line":215,"column":12},"end":{"line":222,"column":15}},"61":{"start":{"line":228,"column":4},"end":{"line":228,"column":24}}},"fnMap":{"0":{"name":"(anonymous_0)","decl":{"start":{"line":26,"column":2},"end":{"line":26,"column":3}},"loc":{"start":{"line":26,"column":18},"end":{"line":229,"column":3}},"line":26},"1":{"name":"(anonymous_1)","decl":{"start":{"line":38,"column":27},"end":{"line":38,"column":28}},"loc":{"start":{"line":38,"column":37},"end":{"line":225,"column":7}},"line":38},"2":{"name":"(anonymous_2)","decl":{"start":{"line":52,"column":34},"end":{"line":52,"column":35}},"loc":{"start":{"line":54,"column":13},"end":{"line":66,"column":9}},"line":54},"3":{"name":"(anonymous_3)","decl":{"start":{"line":68,"column":37},"end":{"line":68,"column":38}},"loc":{"start":{"line":70,"column":13},"end":{"line":82,"column":9}},"line":70},"4":{"name":"(anonymous_4)","decl":{"start":{"line":84,"column":28},"end":{"line":84,"column":29}},"loc":{"start":{"line":86,"column":13},"end":{"line":100,"column":9}},"line":86},"5":{"name":"(anonymous_5)","decl":{"start":{"line":102,"column":29},"end":{"line":102,"column":30}},"loc":{"start":{"line":102,"column":88},"end":{"line":197,"column":9}},"line":102},"6":{"name":"(anonymous_6)","decl":{"start":{"line":203,"column":41},"end":{"line":203,"column":42}},"loc":{"start":{"line":203,"column":52},"end":{"line":211,"column":9}},"line":203},"7":{"name":"(anonymous_7)","decl":{"start":{"line":213,"column":32},"end":{"line":213,"column":33}},"loc":{"start":{"line":213,"column":52},"end":{"line":224,"column":9}},"line":213}},"branchMap":{"0":{"loc":{"start":{"line":39,"column":8},"end":{"line":41,"column":9}},"type":"if","locations":[{"start":{"line":39,"column":8},"end":{"line":41,"column":9}},{"start":{"line":39,"column":8},"end":{"line":41,"column":9}}],"line":39},"1":{"loc":{"start":{"line":39,"column":12},"end":{"line":39,"column":52}},"type":"binary-expr","locations":[{"start":{"line":39,"column":12},"end":{"line":39,"column":26}},{"start":{"line":39,"column":30},"end":{"line":39,"column":52}}],"line":39},"2":{"loc":{"start":{"line":43,"column":28},"end":{"line":46,"column":16}},"type":"cond-expr","locations":[{"start":{"line":45,"column":12},"end":{"line":45,"column":19}},{"start":{"line":46,"column":12},"end":{"line":46,"column":16}}],"line":43},"3":{"loc":{"start":{"line":43,"column":28},"end":{"line":44,"column":63}},"type":"binary-expr","locations":[{"start":{"line":43,"column":28},"end":{"line":43,"column":60}},{"start":{"line":44,"column":13},"end":{"line":44,"column":63}}],"line":43},"4":{"loc":{"start":{"line":48,"column":8},"end":{"line":50,"column":9}},"type":"if","locations":[{"start":{"line":48,"column":8},"end":{"line":50,"column":9}},{"start":{"line":48,"column":8},"end":{"line":50,"column":9}}],"line":48},"5":{"loc":{"start":{"line":55,"column":10},"end":{"line":64,"column":11}},"type":"if","locations":[{"start":{"line":55,"column":10},"end":{"line":64,"column":11}},{"start":{"line":55,"column":10},"end":{"line":64,"column":11}}],"line":55},"6":{"loc":{"start":{"line":56,"column":12},"end":{"line":58,"column":57}},"type":"binary-expr","locations":[{"start":{"line":56,"column":12},"end":{"line":56,"column":65}},{"start":{"line":57,"column":15},"end":{"line":57,"column":59}},{"start":{"line":58,"column":15},"end":{"line":58,"column":57}}],"line":56},"7":{"loc":{"start":{"line":71,"column":10},"end":{"line":80,"column":11}},"type":"if","locations":[{"start":{"line":71,"column":10},"end":{"line":80,"column":11}},{"start":{"line":71,"column":10},"end":{"line":80,"column":11}}],"line":71},"8":{"loc":{"start":{"line":72,"column":12},"end":{"line":74,"column":63}},"type":"binary-expr","locations":[{"start":{"line":72,"column":12},"end":{"line":72,"column":65}},{"start":{"line":73,"column":15},"end":{"line":73,"column":62}},{"start":{"line":74,"column":15},"end":{"line":74,"column":63}}],"line":72},"9":{"loc":{"start":{"line":87,"column":10},"end":{"line":99,"column":11}},"type":"if","locations":[{"start":{"line":87,"column":10},"end":{"line":99,"column":11}},{"start":{"line":87,"column":10},"end":{"line":99,"column":11}}],"line":87},"10":{"loc":{"start":{"line":93,"column":12},"end":{"line":98,"column":13}},"type":"if","locations":[{"start":{"line":93,"column":12},"end":{"line":98,"column":13}},{"start":{"line":93,"column":12},"end":{"line":98,"column":13}}],"line":93},"11":{"loc":{"start":{"line":105,"column":36},"end":{"line":105,"column":78}},"type":"cond-expr","locations":[{"start":{"line":105,"column":49},"end":{"line":105,"column":53}},{"start":{"line":105,"column":56},"end":{"line":105,"column":78}}],"line":105},"12":{"loc":{"start":{"line":108,"column":10},"end":{"line":110,"column":11}},"type":"if","locations":[{"start":{"line":108,"column":10},"end":{"line":110,"column":11}},{"start":{"line":108,"column":10},"end":{"line":110,"column":11}}],"line":108},"13":{"loc":{"start":{"line":108,"column":14},"end":{"line":108,"column":50}},"type":"binary-expr","locations":[{"start":{"line":108,"column":14},"end":{"line":108,"column":24}},{"start":{"line":108,"column":28},"end":{"line":108,"column":50}}],"line":108},"14":{"loc":{"start":{"line":113,"column":10},"end":{"line":123,"column":11}},"type":"if","locations":[{"start":{"line":113,"column":10},"end":{"line":123,"column":11}},{"start":{"line":113,"column":10},"end":{"line":123,"column":11}}],"line":113},"15":{"loc":{"start":{"line":126,"column":34},"end":{"line":126,"column":74}},"type":"cond-expr","locations":[{"start":{"line":126,"column":47},"end":{"line":126,"column":51}},{"start":{"line":126,"column":54},"end":{"line":126,"column":74}}],"line":126},"16":{"loc":{"start":{"line":129,"column":10},"end":{"line":132,"column":11}},"type":"if","locations":[{"start":{"line":129,"column":10},"end":{"line":132,"column":11}},{"start":{"line":129,"column":10},"end":{"line":132,"column":11}}],"line":129},"17":{"loc":{"start":{"line":129,"column":14},"end":{"line":129,"column":48}},"type":"binary-expr","locations":[{"start":{"line":129,"column":14},"end":{"line":129,"column":24}},{"start":{"line":129,"column":28},"end":{"line":129,"column":48}}],"line":129},"18":{"loc":{"start":{"line":135,"column":10},"end":{"line":145,"column":11}},"type":"if","locations":[{"start":{"line":135,"column":10},"end":{"line":145,"column":11}},{"start":{"line":135,"column":10},"end":{"line":145,"column":11}}],"line":135},"19":{"loc":{"start":{"line":148,"column":10},"end":{"line":172,"column":11}},"type":"if","locations":[{"start":{"line":148,"column":10},"end":{"line":172,"column":11}},{"start":{"line":148,"column":10},"end":{"line":172,"column":11}}],"line":148},"20":{"loc":{"start":{"line":149,"column":12},"end":{"line":163,"column":13}},"type":"if","locations":[{"start":{"line":149,"column":12},"end":{"line":163,"column":13}},{"start":{"line":149,"column":12},"end":{"line":163,"column":13}}],"line":149},"21":{"loc":{"start":{"line":150,"column":14},"end":{"line":152,"column":50}},"type":"binary-expr","locations":[{"start":{"line":150,"column":14},"end":{"line":150,"column":37}},{"start":{"line":151,"column":17},"end":{"line":151,"column":25}},{"start":{"line":152,"column":17},"end":{"line":152,"column":50}}],"line":150},"22":{"loc":{"start":{"line":174,"column":10},"end":{"line":188,"column":11}},"type":"if","locations":[{"start":{"line":174,"column":10},"end":{"line":188,"column":11}},{"start":{"line":174,"column":10},"end":{"line":188,"column":11}}],"line":174},"23":{"loc":{"start":{"line":175,"column":12},"end":{"line":177,"column":48}},"type":"binary-expr","locations":[{"start":{"line":175,"column":12},"end":{"line":175,"column":35}},{"start":{"line":176,"column":15},"end":{"line":176,"column":23}},{"start":{"line":177,"column":15},"end":{"line":177,"column":48}}],"line":175},"24":{"loc":{"start":{"line":199,"column":8},"end":{"line":201,"column":9}},"type":"if","locations":[{"start":{"line":199,"column":8},"end":{"line":201,"column":9}},{"start":{"line":199,"column":8},"end":{"line":201,"column":9}}],"line":199},"25":{"loc":{"start":{"line":204,"column":10},"end":{"line":209,"column":11}},"type":"if","locations":[{"start":{"line":204,"column":10},"end":{"line":209,"column":11}},{"start":{"line":204,"column":10},"end":{"line":209,"column":11}}],"line":204},"26":{"loc":{"start":{"line":205,"column":12},"end":{"line":206,"column":50}},"type":"binary-expr","locations":[{"start":{"line":205,"column":12},"end":{"line":205,"column":54}},{"start":{"line":206,"column":13},"end":{"line":206,"column":50}}],"line":205},"27":{"loc":{"start":{"line":214,"column":10},"end":{"line":223,"column":11}},"type":"if","locations":[{"start":{"line":214,"column":10},"end":{"line":223,"column":11}},{"start":{"line":214,"column":10},"end":{"line":223,"column":11}}],"line":214}},"s":{"0":1,"1":1,"2":1,"3":1,"4":0,"5":0,"6":0,"7":0,"8":0,"9":0,"10":0,"11":0,"12":0,"13":0,"14":0,"15":0,"16":0,"17":0,"18":0,"19":0,"20":0,"21":0,"22":0,"23":0,"24":0,"25":0,"26":0,"27":0,"28":0,"29":0,"30":0,"31":0,"32":0,"33":0,"34":0,"35":0,"36":0,"37":0,"38":0,"39":0,"40":0,"41":0,"42":0,"43":0,"44":0,"45":0,"46":0,"47":0,"48":0,"49":0,"50":0,"51":0,"52":0,"53":0,"54":0,"55":0,"56":0,"57":0,"58":0,"59":0,"60":0,"61":0},"f":{"0":0,"1":0,"2":0,"3":0,"4":0,"5":0,"6":0,"7":0},"b":{"0":[0,0],"1":[0,0],"2":[0,0],"3":[0,0],"4":[0,0],"5":[0,0],"6":[0,0,0],"7":[0,0],"8":[0,0,0],"9":[0,0],"10":[0,0],"11":[0,0],"12":[0,0],"13":[0,0],"14":[0,0],"15":[0,0],"16":[0,0],"17":[0,0],"18":[0,0],"19":[0,0],"20":[0,0],"21":[0,0,0],"22":[0,0],"23":[0,0,0],"24":[0,0],"25":[0,0],"26":[0,0],"27":[0,0]},"_coverageSchema":"1a1c01bbd47fc00a2c39e90264f33305004495a9","hash":"5599d82ff046c3f925aaac3023ea01c90d927e59"}
,"/Users/caziz/code/tkww-assistant/packages/eslint-plugin-tkww-assistant/src/rules/redux-state-file-naming.ts": {"path":"/Users/caziz/code/tkww-assistant/packages/eslint-plugin-tkww-assistant/src/rules/redux-state-file-naming.ts","statementMap":{"0":{"start":{"line":9,"column":15},"end":{"line":12,"column":1}},"1":{"start":{"line":14,"column":25},"end":{"line":18,"column":1}},"2":{"start":{"line":20,"column":15},"end":{"line":20,"column":23}},"3":{"start":{"line":21,"column":14},"end":{"line":21,"column":21}},"4":{"start":{"line":23,"column":17},"end":{"line":23,"column":55}},"5":{"start":{"line":25,"column":75},"end":{"line":59,"column":1}},"6":{"start":{"line":61,"column":82},"end":{"line":126,"column":1}},"7":{"start":{"line":68,"column":8},"end":{"line":68,"column":15}},"8":{"start":{"line":75,"column":8},"end":{"line":80,"column":6}},"9":{"start":{"line":82,"column":48},"end":{"line":123,"column":5}},"10":{"start":{"line":84,"column":8},"end":{"line":86,"column":9}},"11":{"start":{"line":85,"column":10},"end":{"line":85,"column":17}},"12":{"start":{"line":87,"column":30},"end":{"line":91,"column":10}},"13":{"start":{"line":92,"column":8},"end":{"line":97,"column":9}},"14":{"start":{"line":93,"column":10},"end":{"line":96,"column":13}},"15":{"start":{"line":99,"column":27},"end":{"line":99,"column":42}},"16":{"start":{"line":100,"column":8},"end":{"line":111,"column":9}},"17":{"start":{"line":101,"column":29},"end":{"line":101,"column":52}},"18":{"start":{"line":102,"column":10},"end":{"line":110,"column":13}},"19":{"start":{"line":113,"column":8},"end":{"line":121,"column":9}},"20":{"start":{"line":114,"column":10},"end":{"line":120,"column":13}},"21":{"start":{"line":124,"column":4},"end":{"line":124,"column":24}}},"fnMap":{"0":{"name":"(anonymous_0)","decl":{"start":{"line":63,"column":2},"end":{"line":63,"column":3}},"loc":{"start":{"line":63,"column":18},"end":{"line":125,"column":3}},"line":63},"1":{"name":"(anonymous_1)","decl":{"start":{"line":83,"column":15},"end":{"line":83,"column":16}},"loc":{"start":{"line":83,"column":25},"end":{"line":122,"column":7}},"line":83}},"branchMap":{"0":{"loc":{"start":{"line":84,"column":8},"end":{"line":86,"column":9}},"type":"if","locations":[{"start":{"line":84,"column":8},"end":{"line":86,"column":9}},{"start":{"line":84,"column":8},"end":{"line":86,"column":9}}],"line":84},"1":{"loc":{"start":{"line":92,"column":8},"end":{"line":97,"column":9}},"type":"if","locations":[{"start":{"line":92,"column":8},"end":{"line":97,"column":9}},{"start":{"line":92,"column":8},"end":{"line":97,"column":9}}],"line":92},"2":{"loc":{"start":{"line":100,"column":8},"end":{"line":111,"column":9}},"type":"if","locations":[{"start":{"line":100,"column":8},"end":{"line":111,"column":9}},{"start":{"line":100,"column":8},"end":{"line":111,"column":9}}],"line":100},"3":{"loc":{"start":{"line":108,"column":20},"end":{"line":108,"column":63}},"type":"cond-expr","locations":[{"start":{"line":108,"column":33},"end":{"line":108,"column":58}},{"start":{"line":108,"column":61},"end":{"line":108,"column":63}}],"line":108},"4":{"loc":{"start":{"line":113,"column":8},"end":{"line":121,"column":9}},"type":"if","locations":[{"start":{"line":113,"column":8},"end":{"line":121,"column":9}},{"start":{"line":113,"column":8},"end":{"line":121,"column":9}}],"line":113}},"s":{"0":1,"1":1,"2":1,"3":1,"4":1,"5":1,"6":1,"7":0,"8":0,"9":0,"10":0,"11":0,"12":0,"13":0,"14":0,"15":0,"16":0,"17":0,"18":0,"19":0,"20":0,"21":0},"f":{"0":0,"1":0},"b":{"0":[0,0],"1":[0,0],"2":[0,0],"3":[0,0],"4":[0,0]},"_coverageSchema":"1a1c01bbd47fc00a2c39e90264f33305004495a9","hash":"8a38d589ac1350d8dce61247ed1ebbdc580ef427"}
,"/Users/caziz/code/tkww-assistant/packages/eslint-plugin-tkww-assistant/src/rules/redux-state-statements.ts": {"path":"/Users/caziz/code/tkww-assistant/packages/eslint-plugin-tkww-assistant/src/rules/redux-state-statements.ts","statementMap":{"0":{"start":{"line":10,"column":15},"end":{"line":13,"column":1}},"1":{"start":{"line":15,"column":17},"end":{"line":15,"column":54}},"2":{"start":{"line":17,"column":74},"end":{"line":21,"column":1}},"3":{"start":{"line":23,"column":81},"end":{"line":131,"column":1}},"4":{"start":{"line":30,"column":8},"end":{"line":30,"column":15}},"5":{"start":{"line":36,"column":8},"end":{"line":41,"column":6}},"6":{"start":{"line":43,"column":48},"end":{"line":128,"column":5}},"7":{"start":{"line":45,"column":8},"end":{"line":47,"column":9}},"8":{"start":{"line":46,"column":10},"end":{"line":46,"column":17}},"9":{"start":{"line":49,"column":35},"end":{"line":49,"column":57}},"10":{"start":{"line":50,"column":8},"end":{"line":52,"column":9}},"11":{"start":{"line":51,"column":10},"end":{"line":51,"column":17}},"12":{"start":{"line":54,"column":8},"end":{"line":126,"column":11}},"13":{"start":{"line":55,"column":10},"end":{"line":75,"column":11}},"14":{"start":{"line":62,"column":41},"end":{"line":62,"column":65}},"15":{"start":{"line":63,"column":12},"end":{"line":72,"column":13}},"16":{"start":{"line":64,"column":14},"end":{"line":71,"column":17}},"17":{"start":{"line":74,"column":12},"end":{"line":74,"column":19}},"18":{"start":{"line":77,"column":10},"end":{"line":117,"column":11}},"19":{"start":{"line":78,"column":12},"end":{"line":114,"column":13}},"20":{"start":{"line":79,"column":30},"end":{"line":79,"column":46}},"21":{"start":{"line":80,"column":39},"end":{"line":83,"column":17}},"22":{"start":{"line":80,"column":80},"end":{"line":83,"column":15}},"23":{"start":{"line":84,"column":39},"end":{"line":86,"column":66}},"24":{"start":{"line":85,"column":45},"end":{"line":85,"column":70}},"25":{"start":{"line":86,"column":42},"end":{"line":86,"column":62}},"26":{"start":{"line":87,"column":35},"end":{"line":89,"column":69}},"27":{"start":{"line":88,"column":45},"end":{"line":88,"column":71}},"28":{"start":{"line":89,"column":42},"end":{"line":89,"column":68}},"29":{"start":{"line":91,"column":14},"end":{"line":100,"column":15}},"30":{"start":{"line":92,"column":16},"end":{"line":94,"column":17}},"31":{"start":{"line":93,"column":18},"end":{"line":93,"column":25}},"32":{"start":{"line":95,"column":16},"end":{"line":98,"column":19}},"33":{"start":{"line":99,"column":16},"end":{"line":99,"column":23}},"34":{"start":{"line":101,"column":33},"end":{"line":106,"column":29}},"35":{"start":{"line":107,"column":14},"end":{"line":113,"column":17}},"36":{"start":{"line":116,"column":12},"end":{"line":116,"column":19}},"37":{"start":{"line":119,"column":10},"end":{"line":125,"column":13}},"38":{"start":{"line":129,"column":4},"end":{"line":129,"column":24}}},"fnMap":{"0":{"name":"(anonymous_0)","decl":{"start":{"line":25,"column":2},"end":{"line":25,"column":3}},"loc":{"start":{"line":25,"column":18},"end":{"line":130,"column":3}},"line":25},"1":{"name":"(anonymous_1)","decl":{"start":{"line":44,"column":15},"end":{"line":44,"column":16}},"loc":{"start":{"line":44,"column":25},"end":{"line":127,"column":7}},"line":44},"2":{"name":"(anonymous_2)","decl":{"start":{"line":54,"column":26},"end":{"line":54,"column":27}},"loc":{"start":{"line":54,"column":41},"end":{"line":126,"column":9}},"line":54},"3":{"name":"(anonymous_3)","decl":{"start":{"line":80,"column":64},"end":{"line":80,"column":65}},"loc":{"start":{"line":80,"column":80},"end":{"line":83,"column":15}},"line":80},"4":{"name":"(anonymous_4)","decl":{"start":{"line":85,"column":24},"end":{"line":85,"column":25}},"loc":{"start":{"line":85,"column":45},"end":{"line":85,"column":70}},"line":85},"5":{"name":"(anonymous_5)","decl":{"start":{"line":86,"column":21},"end":{"line":86,"column":22}},"loc":{"start":{"line":86,"column":42},"end":{"line":86,"column":62}},"line":86},"6":{"name":"(anonymous_6)","decl":{"start":{"line":88,"column":24},"end":{"line":88,"column":25}},"loc":{"start":{"line":88,"column":45},"end":{"line":88,"column":71}},"line":88},"7":{"name":"(anonymous_7)","decl":{"start":{"line":89,"column":21},"end":{"line":89,"column":22}},"loc":{"start":{"line":89,"column":42},"end":{"line":89,"column":68}},"line":89}},"branchMap":{"0":{"loc":{"start":{"line":45,"column":8},"end":{"line":47,"column":9}},"type":"if","locations":[{"start":{"line":45,"column":8},"end":{"line":47,"column":9}},{"start":{"line":45,"column":8},"end":{"line":47,"column":9}}],"line":45},"1":{"loc":{"start":{"line":45,"column":12},"end":{"line":45,"column":52}},"type":"binary-expr","locations":[{"start":{"line":45,"column":12},"end":{"line":45,"column":26}},{"start":{"line":45,"column":30},"end":{"line":45,"column":52}}],"line":45},"2":{"loc":{"start":{"line":50,"column":8},"end":{"line":52,"column":9}},"type":"if","locations":[{"start":{"line":50,"column":8},"end":{"line":52,"column":9}},{"start":{"line":50,"column":8},"end":{"line":52,"column":9}}],"line":50},"3":{"loc":{"start":{"line":55,"column":10},"end":{"line":75,"column":11}},"type":"if","locations":[{"start":{"line":55,"column":10},"end":{"line":75,"column":11}},{"start":{"line":55,"column":10},"end":{"line":75,"column":11}}],"line":55},"4":{"loc":{"start":{"line":56,"column":12},"end":{"line":60,"column":13}},"type":"binary-expr","locations":[{"start":{"line":56,"column":12},"end":{"line":56,"column":58}},{"start":{"line":58,"column":14},"end":{"line":58,"column":72}},{"start":{"line":59,"column":17},"end":{"line":59,"column":75}}],"line":56},"5":{"loc":{"start":{"line":63,"column":12},"end":{"line":72,"column":13}},"type":"if","locations":[{"start":{"line":63,"column":12},"end":{"line":72,"column":13}},{"start":{"line":63,"column":12},"end":{"line":72,"column":13}}],"line":63},"6":{"loc":{"start":{"line":77,"column":10},"end":{"line":117,"column":11}},"type":"if","locations":[{"start":{"line":77,"column":10},"end":{"line":117,"column":11}},{"start":{"line":77,"column":10},"end":{"line":117,"column":11}}],"line":77},"7":{"loc":{"start":{"line":78,"column":12},"end":{"line":114,"column":13}},"type":"if","locations":[{"start":{"line":78,"column":12},"end":{"line":114,"column":13}},{"start":{"line":78,"column":12},"end":{"line":114,"column":13}}],"line":78},"8":{"loc":{"start":{"line":91,"column":14},"end":{"line":100,"column":15}},"type":"if","locations":[{"start":{"line":91,"column":14},"end":{"line":100,"column":15}},{"start":{"line":91,"column":14},"end":{"line":100,"column":15}}],"line":91},"9":{"loc":{"start":{"line":91,"column":18},"end":{"line":91,"column":61}},"type":"binary-expr","locations":[{"start":{"line":91,"column":18},"end":{"line":91,"column":34}},{"start":{"line":91,"column":38},"end":{"line":91,"column":61}}],"line":91},"10":{"loc":{"start":{"line":92,"column":16},"end":{"line":94,"column":17}},"type":"if","locations":[{"start":{"line":92,"column":16},"end":{"line":94,"column":17}},{"start":{"line":92,"column":16},"end":{"line":94,"column":17}}],"line":92},"11":{"loc":{"start":{"line":102,"column":16},"end":{"line":102,"column":38}},"type":"binary-expr","locations":[{"start":{"line":102,"column":16},"end":{"line":102,"column":32}},{"start":{"line":102,"column":36},"end":{"line":102,"column":38}}],"line":102},"12":{"loc":{"start":{"line":104,"column":16},"end":{"line":105,"column":45}},"type":"cond-expr","locations":[{"start":{"line":105,"column":20},"end":{"line":105,"column":40}},{"start":{"line":105,"column":43},"end":{"line":105,"column":45}}],"line":104}},"s":{"0":1,"1":1,"2":1,"3":1,"4":0,"5":0,"6":0,"7":0,"8":0,"9":0,"10":0,"11":0,"12":0,"13":0,"14":0,"15":0,"16":0,"17":0,"18":0,"19":0,"20":0,"21":0,"22":0,"23":0,"24":0,"25":0,"26":0,"27":0,"28":0,"29":0,"30":0,"31":0,"32":0,"33":0,"34":0,"35":0,"36":0,"37":0,"38":0},"f":{"0":0,"1":0,"2":0,"3":0,"4":0,"5":0,"6":0,"7":0},"b":{"0":[0,0],"1":[0,0],"2":[0,0],"3":[0,0],"4":[0,0,0],"5":[0,0],"6":[0,0],"7":[0,0],"8":[0,0],"9":[0,0],"10":[0,0],"11":[0,0],"12":[0,0]},"_coverageSchema":"1a1c01bbd47fc00a2c39e90264f33305004495a9","hash":"c8851b4d32c0f596400688f04d068cf8fa77fb0e"}
,"/Users/caziz/code/tkww-assistant/packages/eslint-plugin-tkww-assistant/src/rules/redux-thunks-no-default-export.ts": {"path":"/Users/caziz/code/tkww-assistant/packages/eslint-plugin-tkww-assistant/src/rules/redux-thunks-no-default-export.ts","statementMap":{"0":{"start":{"line":10,"column":17},"end":{"line":10,"column":62}},"1":{"start":{"line":12,"column":15},"end":{"line":15,"column":1}},"2":{"start":{"line":17,"column":82},"end":{"line":21,"column":1}},"3":{"start":{"line":23,"column":93},"end":{"line":49,"column":1}},"4":{"start":{"line":28,"column":8},"end":{"line":32,"column":6}},"5":{"start":{"line":34,"column":4},"end":{"line":36,"column":5}},"6":{"start":{"line":35,"column":6},"end":{"line":35,"column":16}},"7":{"start":{"line":38,"column":48},"end":{"line":46,"column":5}},"8":{"start":{"line":40,"column":8},"end":{"line":43,"column":11}},"9":{"start":{"line":47,"column":4},"end":{"line":47,"column":24}}},"fnMap":{"0":{"name":"(anonymous_0)","decl":{"start":{"line":25,"column":2},"end":{"line":25,"column":3}},"loc":{"start":{"line":25,"column":18},"end":{"line":48,"column":3}},"line":25},"1":{"name":"(anonymous_1)","decl":{"start":{"line":39,"column":32},"end":{"line":39,"column":33}},"loc":{"start":{"line":39,"column":42},"end":{"line":45,"column":7}},"line":39}},"branchMap":{"0":{"loc":{"start":{"line":34,"column":4},"end":{"line":36,"column":5}},"type":"if","locations":[{"start":{"line":34,"column":4},"end":{"line":36,"column":5}},{"start":{"line":34,"column":4},"end":{"line":36,"column":5}}],"line":34}},"s":{"0":2,"1":2,"2":2,"3":2,"4":3,"5":3,"6":1,"7":2,"8":1,"9":2},"f":{"0":3,"1":1},"b":{"0":[1,2]},"_coverageSchema":"1a1c01bbd47fc00a2c39e90264f33305004495a9","hash":"196fa5eae96d606f6bf19c1c91e059ef22206137"}
,"/Users/caziz/code/tkww-assistant/packages/eslint-plugin-tkww-assistant/src/rules/redux-thunks-return-type.ts": {"path":"/Users/caziz/code/tkww-assistant/packages/eslint-plugin-tkww-assistant/src/rules/redux-thunks-return-type.ts","statementMap":{"0":{"start":{"line":11,"column":15},"end":{"line":14,"column":1}},"1":{"start":{"line":16,"column":17},"end":{"line":16,"column":56}},"2":{"start":{"line":18,"column":76},"end":{"line":22,"column":1}},"3":{"start":{"line":24,"column":83},"end":{"line":104,"column":1}},"4":{"start":{"line":27,"column":45},"end":{"line":31,"column":6}},"5":{"start":{"line":33,"column":28},"end":{"line":49,"column":5}},"6":{"start":{"line":37,"column":6},"end":{"line":44,"column":7}},"7":{"start":{"line":38,"column":8},"end":{"line":42,"column":11}},"8":{"start":{"line":43,"column":8},"end":{"line":43,"column":15}},"9":{"start":{"line":45,"column":6},"end":{"line":48,"column":9}},"10":{"start":{"line":51,"column":48},"end":{"line":101,"column":5}},"11":{"start":{"line":53,"column":8},"end":{"line":55,"column":9}},"12":{"start":{"line":54,"column":10},"end":{"line":54,"column":17}},"13":{"start":{"line":57,"column":8},"end":{"line":59,"column":9}},"14":{"start":{"line":58,"column":10},"end":{"line":58,"column":17}},"15":{"start":{"line":61,"column":32},"end":{"line":61,"column":36}},"16":{"start":{"line":64,"column":8},"end":{"line":83,"column":9}},"17":{"start":{"line":65,"column":49},"end":{"line":65,"column":60}},"18":{"start":{"line":68,"column":28},"end":{"line":71,"column":11}},"19":{"start":{"line":69,"column":12},"end":{"line":70,"column":61}},"20":{"start":{"line":73,"column":10},"end":{"line":78,"column":11}},"21":{"start":{"line":74,"column":12},"end":{"line":77,"column":15}},"22":{"start":{"line":80,"column":33},"end":{"line":80,"column":44}},"23":{"start":{"line":81,"column":10},"end":{"line":81,"column":51}},"24":{"start":{"line":82,"column":10},"end":{"line":82,"column":17}},"25":{"start":{"line":86,"column":8},"end":{"line":99,"column":9}},"26":{"start":{"line":87,"column":10},"end":{"line":98,"column":13}},"27":{"start":{"line":88,"column":12},"end":{"line":97,"column":13}},"28":{"start":{"line":89,"column":14},"end":{"line":89,"column":60}},"29":{"start":{"line":91,"column":14},"end":{"line":96,"column":15}},"30":{"start":{"line":92,"column":16},"end":{"line":95,"column":19}},"31":{"start":{"line":102,"column":4},"end":{"line":102,"column":24}}},"fnMap":{"0":{"name":"(anonymous_0)","decl":{"start":{"line":26,"column":2},"end":{"line":26,"column":3}},"loc":{"start":{"line":26,"column":18},"end":{"line":103,"column":3}},"line":26},"1":{"name":"(anonymous_1)","decl":{"start":{"line":33,"column":28},"end":{"line":33,"column":29}},"loc":{"start":{"line":36,"column":9},"end":{"line":49,"column":5}},"line":36},"2":{"name":"(anonymous_2)","decl":{"start":{"line":52,"column":30},"end":{"line":52,"column":31}},"loc":{"start":{"line":52,"column":40},"end":{"line":100,"column":7}},"line":52},"3":{"name":"(anonymous_3)","decl":{"start":{"line":68,"column":44},"end":{"line":68,"column":45}},"loc":{"start":{"line":69,"column":12},"end":{"line":70,"column":61}},"line":69},"4":{"name":"(anonymous_4)","decl":{"start":{"line":87,"column":43},"end":{"line":87,"column":44}},"loc":{"start":{"line":87,"column":57},"end":{"line":98,"column":11}},"line":87}},"branchMap":{"0":{"loc":{"start":{"line":37,"column":6},"end":{"line":44,"column":7}},"type":"if","locations":[{"start":{"line":37,"column":6},"end":{"line":44,"column":7}},{"start":{"line":37,"column":6},"end":{"line":44,"column":7}}],"line":37},"1":{"loc":{"start":{"line":53,"column":8},"end":{"line":55,"column":9}},"type":"if","locations":[{"start":{"line":53,"column":8},"end":{"line":55,"column":9}},{"start":{"line":53,"column":8},"end":{"line":55,"column":9}}],"line":53},"2":{"loc":{"start":{"line":53,"column":12},"end":{"line":53,"column":52}},"type":"binary-expr","locations":[{"start":{"line":53,"column":12},"end":{"line":53,"column":26}},{"start":{"line":53,"column":30},"end":{"line":53,"column":52}}],"line":53},"3":{"loc":{"start":{"line":57,"column":8},"end":{"line":59,"column":9}},"type":"if","locations":[{"start":{"line":57,"column":8},"end":{"line":59,"column":9}},{"start":{"line":57,"column":8},"end":{"line":59,"column":9}}],"line":57},"4":{"loc":{"start":{"line":64,"column":8},"end":{"line":83,"column":9}},"type":"if","locations":[{"start":{"line":64,"column":8},"end":{"line":83,"column":9}},{"start":{"line":64,"column":8},"end":{"line":83,"column":9}}],"line":64},"5":{"loc":{"start":{"line":69,"column":12},"end":{"line":70,"column":61}},"type":"binary-expr","locations":[{"start":{"line":69,"column":12},"end":{"line":69,"column":51}},{"start":{"line":70,"column":15},"end":{"line":70,"column":61}}],"line":69},"6":{"loc":{"start":{"line":73,"column":10},"end":{"line":78,"column":11}},"type":"if","locations":[{"start":{"line":73,"column":10},"end":{"line":78,"column":11}},{"start":{"line":73,"column":10},"end":{"line":78,"column":11}}],"line":73},"7":{"loc":{"start":{"line":86,"column":8},"end":{"line":99,"column":9}},"type":"if","locations":[{"start":{"line":86,"column":8},"end":{"line":99,"column":9}},{"start":{"line":86,"column":8},"end":{"line":99,"column":9}}],"line":86},"8":{"loc":{"start":{"line":88,"column":12},"end":{"line":97,"column":13}},"type":"if","locations":[{"start":{"line":88,"column":12},"end":{"line":97,"column":13}},{"start":{"line":88,"column":12},"end":{"line":97,"column":13}}],"line":88},"9":{"loc":{"start":{"line":91,"column":14},"end":{"line":96,"column":15}},"type":"if","locations":[{"start":{"line":91,"column":14},"end":{"line":96,"column":15}},{"start":{"line":91,"column":14},"end":{"line":96,"column":15}}],"line":91}},"s":{"0":1,"1":1,"2":1,"3":1,"4":0,"5":0,"6":0,"7":0,"8":0,"9":0,"10":0,"11":0,"12":0,"13":0,"14":0,"15":0,"16":0,"17":0,"18":0,"19":0,"20":0,"21":0,"22":0,"23":0,"24":0,"25":0,"26":0,"27":0,"28":0,"29":0,"30":0,"31":0},"f":{"0":0,"1":0,"2":0,"3":0,"4":0},"b":{"0":[0,0],"1":[0,0],"2":[0,0],"3":[0,0],"4":[0,0],"5":[0,0],"6":[0,0],"7":[0,0],"8":[0,0],"9":[0,0]},"_coverageSchema":"1a1c01bbd47fc00a2c39e90264f33305004495a9","hash":"80ca5d7ae7716e8d6922ce65951d39900c5a98f6"}
,"/Users/caziz/code/tkww-assistant/packages/eslint-plugin-tkww-assistant/src/rules/redux-thunks-should-dispatch.ts": {"path":"/Users/caziz/code/tkww-assistant/packages/eslint-plugin-tkww-assistant/src/rules/redux-thunks-should-dispatch.ts","statementMap":{"0":{"start":{"line":18,"column":17},"end":{"line":18,"column":60}},"1":{"start":{"line":20,"column":36},"end":{"line":23,"column":1}},"2":{"start":{"line":25,"column":15},"end":{"line":40,"column":1}},"3":{"start":{"line":42,"column":80},"end":{"line":46,"column":1}},"4":{"start":{"line":48,"column":87},"end":{"line":230,"column":1}},"5":{"start":{"line":52,"column":30},"end":{"line":56,"column":6}},"6":{"start":{"line":58,"column":4},"end":{"line":60,"column":5}},"7":{"start":{"line":59,"column":6},"end":{"line":59,"column":16}},"8":{"start":{"line":65,"column":9},"end":{"line":65,"column":60}},"9":{"start":{"line":67,"column":48},"end":{"line":67,"column":50}},"10":{"start":{"line":69,"column":27},"end":{"line":86,"column":5}},"11":{"start":{"line":70,"column":6},"end":{"line":72,"column":7}},"12":{"start":{"line":71,"column":8},"end":{"line":71,"column":15}},"13":{"start":{"line":74,"column":35},"end":{"line":74,"column":57}},"14":{"start":{"line":77,"column":6},"end":{"line":83,"column":7}},"15":{"start":{"line":78,"column":8},"end":{"line":81,"column":11}},"16":{"start":{"line":82,"column":8},"end":{"line":82,"column":15}},"17":{"start":{"line":85,"column":6},"end":{"line":85,"column":37}},"18":{"start":{"line":88,"column":28},"end":{"line":96,"column":5}},"19":{"start":{"line":89,"column":23},"end":{"line":89,"column":37}},"20":{"start":{"line":90,"column":26},"end":{"line":90,"column":40}},"21":{"start":{"line":91,"column":6},"end":{"line":95,"column":8}},"22":{"start":{"line":93,"column":10},"end":{"line":94,"column":58}},"23":{"start":{"line":98,"column":48},"end":{"line":227,"column":5}},"24":{"start":{"line":100,"column":8},"end":{"line":100,"column":26}},"25":{"start":{"line":103,"column":34},"end":{"line":103,"column":61}},"26":{"start":{"line":104,"column":28},"end":{"line":104,"column":46}},"27":{"start":{"line":106,"column":8},"end":{"line":108,"column":9}},"28":{"start":{"line":107,"column":10},"end":{"line":107,"column":17}},"29":{"start":{"line":117,"column":12},"end":{"line":117,"column":29}},"30":{"start":{"line":119,"column":8
[...]
":114,"column":7}},"30":{"start":{"line":97,"column":37},"end":{"line":97,"column":58}},"31":{"start":{"line":98,"column":36},"end":{"line":98,"column":56}},"32":{"start":{"line":100,"column":31},"end":{"line":100,"column":71}},"33":{"start":{"line":101,"column":31},"end":{"line":101,"column":82}},"34":{"start":{"line":103,"column":49},"end":{"line":111,"column":9}},"35":{"start":{"line":113,"column":8},"end":{"line":113,"column":42}},"36":{"start":{"line":115,"column":6},"end":{"line":115,"column":18}},"37":{"start":{"line":119,"column":2},"end":{"line":122,"column":3}},"38":{"start":{"line":120,"column":4},"end":{"line":120,"column":22}},"39":{"start":{"line":121,"column":4},"end":{"line":121,"column":16}},"40":{"start":{"line":124,"column":2},"end":{"line":124,"column":15}}},"fnMap":{"0":{"name":"(anonymous_0)","decl":{"start":{"line":17,"column":17},"end":{"line":17,"column":18}},"loc":{"start":{"line":17,"column":46},"end":{"line":44,"column":1}},"line":17},"1":{"name":"(anonymous_1)","decl":{"start":{"line":46,"column":28},"end":{"line":46,"column":29}},"loc":{"start":{"line":49,"column":34},"end":{"line":125,"column":1}},"line":49},"2":{"name":"(anonymous_2)","decl":{"start":{"line":74,"column":10},"end":{"line":74,"column":11}},"loc":{"start":{"line":74,"column":20},"end":{"line":74,"column":67}},"line":74},"3":{"name":"(anonymous_3)","decl":{"start":{"line":81,"column":4},"end":{"line":81,"column":5}},"loc":{"start":{"line":81,"column":21},"end":{"line":116,"column":5}},"line":81}},"branchMap":{"0":{"loc":{"start":{"line":27,"column":2},"end":{"line":35,"column":3}},"type":"if","locations":[{"start":{"line":27,"column":2},"end":{"line":35,"column":3}},{"start":{"line":27,"column":2},"end":{"line":35,"column":3}}],"line":27},"1":{"loc":{"start":{"line":28,"column":4},"end":{"line":30,"column":5}},"type":"if","locations":[{"start":{"line":28,"column":4},"end":{"line":30,"column":5}},{"start":{"line":28,"column":4},"end":{"line":30,"column":5}}],"line":28},"2":{"loc":{"start":{"line":31,"column":4},"end":{"line":33,"column":5}},"type":"if","locations":[{"start":{"line":31,"column":4},"end":{"line":33,"column":5}},{"start":{"line":31,"column":4},"end":{"line":33,"column":5}}],"line":31},"3":{"loc":{"start":{"line":31,"column":8},"end":{"line":31,"column":48}},"type":"binary-expr","locations":[{"start":{"line":31,"column":8},"end":{"line":31,"column":30}},{"start":{"line":31,"column":34},"end":{"line":31,"column":48}}],"line":31},"4":{"loc":{"start":{"line":37,"column":2},"end":{"line":39,"column":3}},"type":"if","locations":[{"start":{"line":37,"column":2},"end":{"line":39,"column":3}},{"start":{"line":37,"column":2},"end":{"line":39,"column":3}}],"line":37},"5":{"loc":{"start":{"line":40,"column":2},"end":{"line":42,"column":3}},"type":"if","locations":[{"start":{"line":40,"column":2},"end":{"line":42,"column":3}},{"start":{"line":40,"column":2},"end":{"line":42,"column":3}}],"line":40},"6":{"loc":{"start":{"line":40,"column":6},"end":{"line":40,"column":47}},"type":"binary-expr","locations":[{"start":{"line":40,"column":6},"end":{"line":40,"column":28}},{"start":{"line":40,"column":32},"end":{"line":40,"column":47}}],"line":40},"7":{"loc":{"start":{"line":76,"column":2},"end":{"line":78,"column":3}},"type":"if","locations":[{"start":{"line":76,"column":2},"end":{"line":78,"column":3}},{"start":{"line":76,"column":2},"end":{"line":78,"column":3}}],"line":76},"8":{"loc":{"start":{"line":96,"column":6},"end":{"line":114,"column":7}},"type":"if","locations":[{"start":{"line":96,"column":6},"end":{"line":114,"column":7}},{"start":{"line":96,"column":6},"end":{"line":114,"column":7}}],"line":96},"9":{"loc":{"start":{"line":96,"column":10},"end":{"line":96,"column":35}},"type":"binary-expr","locations":[{"start":{"line":96,"column":10},"end":{"line":96,"column":21}},{"start":{"line":96,"column":25},"end":{"line":96,"column":35}}],"line":96},"10":{"loc":{"start":{"line":100,"column":31},"end":{"line":100,"column":71}},"type":"binary-expr","locations":[{"start":{"line":100,"column":31},"end":{"line":100,"column":37}},{"start":{"line":100,"column":41},"end":{"line":100,"column":71}}],"line":100},"11":{"loc":{"start":{"line":101,"column":31},"end":{"line":101,"column":82}},"type":"binary-expr","locations":[{"start":{"line":101,"column":31},"end":{"line":101,"column":37}},{"start":{"line":101,"column":41},"end":{"line":101,"column":82}}],"line":101},"12":{"loc":{"start":{"line":119,"column":2},"end":{"line":122,"column":3}},"type":"if","locations":[{"start":{"line":119,"column":2},"end":{"line":122,"column":3}},{"start":{"line":119,"column":2},"end":{"line":122,"column":3}}],"line":119}},"s":{"0":5,"1":31,"2":31,"3":9,"4":0,"5":9,"6":0,"7":9,"8":22,"9":0,"10":22,"11":0,"12":22,"13":5,"14":9,"15":9,"16":9,"17":9,"18":9,"19":9,"20":9,"21":25,"22":9,"23":5,"24":4,"25":31,"26":31,"27":31,"28":31,"29":31,"30":31,"31":31,"32":31,"33":31,"34":31,"35":31,"36":0,"37":4,"38":0,"39":0,"40":4},"f":{"0":31,"1":9,"2":25,"3":31},"b":{"0":[9,22],"1":[0,9],"2":[0,9],"3":[9,9],"4":[0,22],"5":[0,22],"6":[22,3],"7":[5,4],"8":[31,0],"9":[31,31],"10":[31,4],"11":[31,4],"12":[0,4]},"_coverageSchema":"1a1c01bbd47fc00a2c39e90264f33305004495a9","hash":"264c0752ddf293545aa60d1fea5e6622af42f538"}
,"/Users/caziz/code/tkww-assistant/packages/eslint-plugin-tkww-assistant/src/util/typeDeclarationLength/runConsistentSpacing.ts": {"path":"/Users/caziz/code/tkww-assistant/packages/eslint-plugin-tkww-assistant/src/util/typeDeclarationLength/runConsistentSpacing.ts","statementMap":{"0":{"start":{"line":8,"column":17},"end":{"line":55,"column":1}},"1":{"start":{"line":12,"column":2},"end":{"line":33,"column":3}},"2":{"start":{"line":24,"column":8},"end":{"line":24,"column":12}},"3":{"start":{"line":26,"column":4},"end":{"line":32,"column":6}},"4":{"start":{"line":46,"column":6},"end":{"line":46,"column":16}},"5":{"start":{"line":48,"column":2},"end":{"line":54,"column":4}},"6":{"start":{"line":57,"column":29},"end":{"line":286,"column":1}},"7":{"start":{"line":69,"column":6},"end":{"line":69,"column":12}},"8":{"start":{"line":71,"column":21},"end":{"line":71,"column":44}},"9":{"start":{"line":72,"column":25},"end":{"line":72,"column":52}},"10":{"start":{"line":76,"column":37},"end":{"line":84,"column":3}},"11":{"start":{"line":86,"column":16},"end":{"line":86,"column":52}},"12":{"start":{"line":89,"column":20},"end":{"line":90,"column":69}},"13":{"start":{"line":90,"column":21},"end":{"line":90,"column":68}},"14":{"start":{"line":114,"column":30},"end":{"line":278,"column":3}},"15":{"start":{"line":116,"column":21},"end":{"line":116,"column":47}},"16":{"start":{"line":129,"column":10},"end":{"line":129,"column":14}},"17":{"start":{"line":130,"column":26},"end":{"line":135,"column":7}},"18":{"start":{"line":136,"column":25},"end":{"line":141,"column":7}},"19":{"start":{"line":143,"column":6},"end":{"line":275,"column":7}},"20":{"start":{"line":159,"column":12},"end":{"line":159,"column":23}},"21":{"start":{"line":161,"column":22},"end":{"line":161,"column":48}},"22":{"start":{"line":167,"column":13},"end":{"line":167,"column":18}},"23":{"start":{"line":169,"column":8},"end":{"line":195,"column":9}},"24":{"start":{"line":171,"column":10},"end":{"line":173,"column":11}},"25":{"start":{"line":172,"column":12},"end":{"line":172,"column":24}},"26":{"start":{"line":175,"column":10},"end":{"line":182,"column":11}},"27":{"start":{"line":177,"column":12},"end":{"line":179,"column":13}},"28":{"start":{"line":178,"column":14},"end":{"line":178,"column":26}},"29":{"start":{"line":181,"column":12},"end":{"line":181,"column":25}},"30":{"start":{"line":185,"column":10},"end":{"line":187,"column":11}},"31":{"start":{"line":186,"column":12},"end":{"line":186,"column":24}},"32":{"start":{"line":190,"column":10},"end":{"line":192,"column":11}},"33":{"start":{"line":191,"column":12},"end":{"line":191,"column":24}},"34":{"start":{"line":194,"column":10},"end":{"line":194,"column":23}},"35":{"start":{"line":198,"column":8},"end":{"line":200,"column":9}},"36":{"start":{"line":199,"column":10},"end":{"line":199,"column":22}},"37":{"start":{"line":202,"column":8},"end":{"line":227,"column":9}},"38":{"start":{"line":204,"column":10},"end":{"line":206,"column":11}},"39":{"start":{"line":205,"column":12},"end":{"line":205,"column":24}},"40":{"start":{"line":210,"column":10},"end":{"line":212,"column":11}},"41":{"start":{"line":211,"column":12},"end":{"line":211,"column":24}},"42":{"start":{"line":274,"column":8},"end":{"line":274,"column":21}},"43":{"start":{"line":276,"column":6},"end":{"line":276,"column":18}},"44":{"start":{"line":280,"column":2},"end":{"line":283,"column":3}},"45":{"start":{"line":281,"column":4},"end":{"line":281,"column":22}},"46":{"start":{"line":282,"column":4},"end":{"line":282,"column":16}},"47":{"start":{"line":285,"column":2},"end":{"line":285,"column":15}}},"fnMap":{"0":{"name":"(anonymous_0)","decl":{"start":{"line":8,"column":17},"end":{"line":8,"column":18}},"loc":{"start":{"line":11,"column":5},"end":{"line":55,"column":1}},"line":11},"1":{"name":"(anonymous_1)","decl":{"start":{"line":57,"column":29},"end":{"line":57,"column":30}},"loc":{"start":{"line":60,"column":43},"end":{"line":286,"column":1}},"line":60},"2":{"name":"(anonymous_2)","decl":{"start":{"line":90,"column":11},"end":{"line":90,"column":12}},"loc":{"start":{"line":90,"column":21},"end":{"line":90,"column":68}},"line":90},"3":{"name":"(anonymous_3)","decl":{"start":{"line":115,"column":4},"end":{"line":115,"column":5}},"loc":{"start":{"line":115,"column":21},"end":{"line":277,"column":5}},"line":115}},"branchMap":{"0":{"loc":{"start":{"line":12,"column":2},"end":{"line":33,"column":3}},"type":"if","locations":[{"start":{"line":12,"column":2},"end":{"line":33,"column":3}},{"start":{"line":12,"column":2},"end":{"line":33,"column":3}}],"line":12},"1":{"loc":{"start":{"line":143,"column":6},"end":{"line":275,"column":7}},"type":"if","locations":[{"start":{"line":143,"column":6},"end":{"line":275,"column":7}},{"start":{"line":143,"column":6},"end":{"line":275,"column":7}}],"line":143},"2":{"loc":{"start":{"line":169,"column":8},"end":{"line":195,"column":9}},"type":"if","locations":[{"start":{"line":169,"column":8},"end":{"line":195,"column":9}},{"start":{"line":169,"column":8},"end":{"line":195,"column":9}}],"line":169},"3":{"loc":{"start":{"line":171,"column":10},"end":{"line":173,"column":11}},"type":"if","locations":[{"start":{"line":171,"column":10},"end":{"line":173,"column":11}},{"start":{"line":171,"column":10},"end":{"line":173,"column":11}}],"line":171},"4":{"loc":{"start":{"line":171,"column":13},"end":{"line":171,"column":63}},"type":"binary-expr","locations":[{"start":{"line":171,"column":13},"end":{"line":171,"column":40}},{"start":{"line":171,"column":44},"end":{"line":171,"column":63}}],"line":171},"5":{"loc":{"start":{"line":175,"column":10},"end":{"line":182,"column":11}},"type":"if","locations":[{"start":{"line":175,"column":10},"end":{"line":182,"column":11}},{"start":{"line":175,"column":10},"end":{"line":182,"column":11}}],"line":175},"6":{"loc":{"start":{"line":177,"column":12},"end":{"line":179,"column":13}},"type":"if","locations":[{"start":{"line":177,"column":12},"end":{"line":179,"column":13}},{"start":{"line":177,"column":12},"end":{"line":179,"column":13}}],"line":177},"7":{"loc":{"start":{"line":177,"column":15},"end":{"line":177,"column":73}},"type":"binary-expr","locations":[{"start":{"line":177,"column":15},"end":{"line":177,"column":25}},{"start":{"line":177,"column":29},"end":{"line":177,"column":51}},{"start":{"line":177,"column":55},"end":{"line":177,"column":73}}],"line":177},"8":{"loc":{"start":{"line":185,"column":10},"end":{"line":187,"column":11}},"type":"if","locations":[{"start":{"line":185,"column":10},"end":{"line":187,"column":11}},{"start":{"line":185,"column":10},"end":{"line":187,"column":11}}],"line":185},"9":{"loc":{"start":{"line":185,"column":14},"end":{"line":185,"column":60}},"type":"binary-expr","locations":[{"start":{"line":185,"column":14},"end":{"line":185,"column":24}},{"start":{"line":185,"column":28},"end":{"line":185,"column":34}},{"start":{"line":185,"column":38},"end":{"line":185,"column":60}}],"line":185},"10":{"loc":{"start":{"line":190,"column":10},"end":{"line":192,"column":11}},"type":"if","locations":[{"start":{"line":190,"column":10},"end":{"line":192,"column":11}},{"start":{"line":190,"column":10},"end":{"line":192,"column":11}}],"line":190},"11":{"loc":{"start":{"line":190,"column":14},"end":{"line":190,"column":65}},"type":"binary-expr","locations":[{"start":{"line":190,"column":14},"end":{"line":190,"column":24}},{"start":{"line":190,"column":28},"end":{"line":190,"column":35}},{"start":{"line":190,"column":39},"end":{"line":190,"column":65}}],"line":190},"12":{"loc":{"start":{"line":198,"column":8},"end":{"line":200,"column":9}},"type":"if","locations":[{"start":{"line":198,"column":8},"end":{"line":200,"column":9}},{"start":{"line":198,"column":8},"end":{"line":200,"column":9}}],"line":198},"13":{"loc":{"start":{"line":198,"column":12},"end":{"line":198,"column":70}},"type":"binary-expr","locations":[{"start":{"line":198,"column":12},"end":{"line":198,"column":22}},{"start":{"line":198,"column":26},"end":{"line":198,"column":48}},{"start":{"line":198,"column":52},"end":{"line":198,"column":70}}],"line":198},"14":{"loc":{"start":{"line":202,"column":8},"end":{"line":227,"column":9}},"type":"if","locations":[{"start":{"line":202,"column":8},"end":{"line":227,"column":9}},{"start":{"line":202,"column":8},"end":{"line":227,"column":9}}],"line":202},"15":{"loc":{"start":{"line":202,"column":12},"end":{"line":202,"column":40}},"type":"binary-expr","locations":[{"start":{"line":202,"column":12},"end":{"line":202,"column":26}},{"start":{"line":202,"column":30},"end":{"line":202,"column":40}}],"line":202},"16":{"loc":{"start":{"line":204,"column":10},"end":{"line":206,"column":11}},"type":"if","locations":[{"start":{"line":204,"column":10},"end":{"line":206,"column":11}},{"start":{"line":204,"column":10},"end":{"line":206,"column":11}}],"line":204},"17":{"loc":{"start":{"line":204,"column":14},"end":{"line":204,"column":47}},"type":"binary-expr","locations":[{"start":{"line":204,"column":14},"end":{"line":204,"column":36}},{"start":{"line":204,"column":40},"end":{"line":204,"column":47}}],"line":204},"18":{"loc":{"start":{"line":210,"column":10},"end":{"line":212,"column":11}},"type":"if","locations":[{"start":{"line":210,"column":10},"end":{"line":212,"column":11}},{"start":{"line":210,"column":10},"end":{"line":212,"column":11}}],"line":210},"19":{"loc":{"start":{"line":210,"column":14},"end":{"line":210,"column":62}},"type":"binary-expr","locations":[{"start":{"line":210,"column":14},"end":{"line":210,"column":40}},{"start":{"line":210,"column":44},"end":{"line":210,"column":62}}],"line":210},"20":{"loc":{"start":{"line":280,"column":2},"end":{"line":283,"column":3}},"type":"if","locations":[{"start":{"line":280,"column":2},"end":{"line":283,"column":3}},{"start":{"line":280,"column":2},"end":{"line":283,"column":3}}],"line":280}},"s":{"0":5,"1":48,"2":0,"3":0,"4":48,"5":48,"6":5,"7":9,"8":9,"9":9,"10":9,"11":9,"12":9,"13":25,"14":9,"15":48,"16":48,"17":48,"18":48,"19":48,"20":48,"21":48,"22":48,"23":48,"24":17,"25":0,"26":17,"27":2,"28":0,"29":2,"30":15,"31":0,"32":15,"33":0,"34":15,"35":31,"36":0,"37":31,"38":9,"39":0,"40":9,"41":0,"42":31,"43":0,"44":9,"45":0,"46":0,"47":9},"f":{"0":48,"1":9,"2":25,"3":48},"b":{"0":[0,48],"1":[48,0],"2":[17,31],"3":[0,17],"4":[17,1],"5":[2,15],"6":[0,2],"7":[2,2,0],"8":[0,15],"9":[15,15,4],"10":[0,15],"11":[15,15,11],"12":[0,31],"13":[31,31,19],"14":[9,22],"15":[31,9],"16":[0,9],"17":[9,0],"18":[0,9],"19":[9,9],"20":[0,9]},"_coverageSchema":"1a1c01bbd47fc00a2c39e90264f33305004495a9","hash":"50047b9b51bdd5fca8ed2ccf2f233552074dd005"}
,"/Users/caziz/code/tkww-assistant/packages/eslint-plugin-tkww-assistant/src/util/typeDeclarationLength/runIsTooWide.ts": {"path":"/Users/caziz/code/tkww-assistant/packages/eslint-plugin-tkww-assistant/src/util/typeDeclarationLength/runIsTooWide.ts","statementMap":{"0":{"start":{"line":6,"column":21},"end":{"line":37,"column":1}},"1":{"start":{"line":15,"column":6},"end":{"line":15,"column":12}},"2":{"start":{"line":16,"column":16},"end":{"line":16,"column":52}},"3":{"start":{"line":18,"column":21},"end":{"line":20,"column":39}},"4":{"start":{"line":19,"column":22},"end":{"line":19,"column":61}},"5":{"start":{"line":20,"column":19},"end":{"line":20,"column":38}},"6":{"start":{"line":21,"column":17},"end":{"line":21,"column":40}},"7":{"start":{"line":22,"column":20},"end":{"line":22,"column":55}},"8":{"start":{"line":24,"column":2},"end":{"line":35,"column":3}},"9":{"start":{"line":25,"column":4},"end":{"line":33,"column":7}},"10":{"start":{"line":34,"column":4},"end":{"line":34,"column":16}},"11":{"start":{"line":36,"column":2},"end":{"line":36,"column":15}}},"fnMap":{"0":{"name":"(anonymous_0)","decl":{"start":{"line":6,"column":21},"end":{"line":6,"column":22}},"loc":{"start":{"line":9,"column":34},"end":{"line":37,"column":1}},"line":9},"1":{"name":"(anonymous_1)","decl":{"start":{"line":19,"column":12},"end":{"line":19,"column":13}},"loc":{"start":{"line":19,"column":22},"end":{"line":19,"column":61}},"line":19},"2":{"name":"(anonymous_2)","decl":{"start":{"line":20,"column":9},"end":{"line":20,"column":10}},"loc":{"start":{"line":20,"column":19},"end":{"line":20,"column":38}},"line":20}},"branchMap":{"0":{"loc":{"start":{"line":24,"column":2},"end":{"line":35,"column":3}},"type":"if","locations":[{"start":{"line":24,"column":2},"end":{"line":35,"column":3}},{"start":{"line":24,"column":2},"end":{"line":35,"column":3}}],"line":24}},"s":{"0":5,"1":13,"2":13,"3":13,"4":79,"5":51,"6":13,"7":13,"8":13,"9":4,"10":4,"11":9},"f":{"0":13,"1":79,"2":51},"b":{"0":[4,9]},"_coverageSchema":"1a1c01bbd47fc00a2c39e90264f33305004495a9","hash":"9c2f6066ac24b9d8ac7efbba9fa889a78d9510b7"}
,"/Users/caziz/code/tkww-assistant/packages/eslint-plugin-tkww-assistant/src/util/typeDeclarationLength/shouldAlwaysBreak.ts": {"path":"/Users/caziz/code/tkww-assistant/packages/eslint-plugin-tkww-assistant/src/util/typeDeclarationLength/shouldAlwaysBreak.ts","statementMap":{"0":{"start":{"line":5,"column":26},"end":{"line":19,"column":1}},"1":{"start":{"line":9,"column":2},"end":{"line":11,"column":3}},"2":{"start":{"line":10,"column":4},"end":{"line":10,"column":17}},"3":{"start":{"line":14,"column":2},"end":{"line":16,"column":3}},"4":{"start":{"line":15,"column":4},"end":{"line":15,"column":51}},"5":{"start":{"line":18,"column":2},"end":{"line":18,"column":45}}},"fnMap":{"0":{"name":"(anonymous_0)","decl":{"start":{"line":5,"column":26},"end":{"line":5,"column":27}},"loc":{"start":{"line":8,"column":14},"end":{"line":19,"column":1}},"line":8}},"branchMap":{"0":{"loc":{"start":{"line":9,"column":2},"end":{"line":11,"column":3}},"type":"if","locations":[{"start":{"line":9,"column":2},"end":{"line":11,"column":3}},{"start":{"line":9,"column":2},"end":{"line":11,"column":3}}],"line":9},"1":{"loc":{"start":{"line":14,"column":2},"end":{"line":16,"column":3}},"type":"if","locations":[{"start":{"line":14,"column":2},"end":{"line":16,"column":3}},{"start":{"line":14,"column":2},"end":{"line":16,"column":3}}],"line":14}},"s":{"0":4,"1":3,"2":1,"3":2,"4":1,"5":1},"f":{"0":3},"b":{"0":[1,2],"1":[1,1]},"_coverageSchema":"1a1c01bbd47fc00a2c39e90264f33305004495a9","hash":"9485b002985791d97035f969d9c7610a78216e4a"}
,"/Users/caziz/code/tkww-assistant/packages/eslint-plugin-tkww-assistant/src/util/typeDeclarationLength/types.ts": {"path":"/Users/caziz/code/tkww-assistant/packages/eslint-plugin-tkww-assistant/src/util/typeDeclarationLength/types.ts","statementMap":{"0":{"start":{"line":48,"column":15},"end":{"line":48,"column":51}}},"fnMap":{},"branchMap":{},"s":{"0":5},"f":{},"b":{},"_coverageSchema":"1a1c01bbd47fc00a2c39e90264f33305004495a9","hash":"550bf9921381fb03eb08e6a07ac77c2cfda725e1"}
}
