TN:
SF:src/index.ts
FNF:0
FNH:0
LF:0
LH:0
BRF:0
BRH:0
end_of_record
TN:
SF:src/rules/hierarchical-import-order.ts
FN:49,(anonymous_0)
FN:54,(anonymous_1)
FN:57,(anonymous_2)
FN:66,(anonymous_3)
FN:70,(anonymous_4)
FN:77,(anonymous_5)
FN:85,(anonymous_6)
FN:87,(anonymous_7)
FN:92,(anonymous_8)
FN:94,(anonymous_9)
FN:114,(anonymous_10)
FN:127,(anonymous_11)
FN:149,(anonymous_12)
FN:155,(anonymous_13)
FN:157,(anonymous_14)
FN:162,(anonymous_15)
FN:179,(anonymous_16)
FN:191,(anonymous_17)
FNF:18
FNH:18
FNDA:21,(anonymous_0)
FNDA:21,(anonymous_1)
FNDA:168,(anonymous_2)
FNDA:169,(anonymous_3)
FNDA:169,(anonymous_4)
FNDA:147,(anonymous_5)
FNDA:136,(anonymous_6)
FNDA:147,(anonymous_7)
FNDA:136,(anonymous_8)
FNDA:147,(anonymous_9)
FNDA:6,(anonymous_10)
FNDA:6,(anonymous_11)
FNDA:6,(anonymous_12)
FNDA:51,(anonymous_13)
FNDA:47,(anonymous_14)
FNDA:47,(anonymous_15)
FNDA:8,(anonymous_16)
FNDA:8,(anonymous_17)
DA:8,2
DA:17,2
DA:19,2
DA:40,2
DA:47,2
DA:50,21
DA:51,21
DA:53,21
DA:56,21
DA:57,168
DA:64,21
DA:66,169
DA:71,169
DA:75,21
DA:77,147
DA:85,136
DA:87,147
DA:92,136
DA:95,147
DA:105,147
DA:107,147
DA:108,147
DA:109,147
DA:111,147
DA:112,147
DA:114,147
DA:115,6
DA:116,3
DA:121,3
DA:122,3
DA:123,3
DA:127,147
DA:128,6
DA:129,3
DA:130,3
DA:135,3
DA:136,3
DA:140,147
DA:147,21
DA:149,21
DA:152,6
DA:153,6
DA:155,51
DA:158,47
DA:159,47
DA:163,47
DA:164,47
DA:169,6
DA:170,6
DA:172,6
DA:173,6
DA:175,6
DA:179,21
DA:180,8
DA:181,8
DA:182,8
DA:183,8
DA:192,8
DA:193,2
DA:195,6
DA:201,21
LF:61
LH:61
BRDA:71,0,0,169
BRDA:71,0,1,148
BRDA:92,1,0,124
BRDA:92,1,1,12
BRDA:115,2,0,3
BRDA:115,2,1,3
BRDA:115,3,0,6
BRDA:115,3,1,6
BRDA:128,4,0,3
BRDA:128,4,1,3
BRDA:128,5,0,6
BRDA:128,5,1,6
BRDA:155,6,0,39
BRDA:155,6,1,12
BRDA:158,7,0,41
BRDA:158,7,1,6
BRDA:182,8,0,7
BRDA:182,8,1,1
BRDA:185,9,0,5
BRDA:185,9,1,3
BRDA:192,10,0,2
BRDA:192,10,1,6
BRF:22
BRH:22
end_of_record
TN:
SF:src/rules/index.ts
FNF:0
FNH:0
DA:19,1
LF:1
LH:1
BRF:0
BRH:0
end_of_record
TN:
SF:src/rules/member-delimiter-style.ts
FN:104,(anonymous_0)
FN:109,(anonymous_1)
FN:129,(anonymous_2)
FN:134,(anonymous_3)
FN:144,(anonymous_4)
FNF:5
FNH:5
FNDA:34,(anonymous_0)
FNDA:67,(anonymous_1)
FNDA:34,(anonymous_2)
FNDA:17,(anonymous_3)
FNDA:17,(anonymous_4)
DA:34,2
DA:45,2
DA:49,2
DA:51,2
DA:68,2
DA:77,2
DA:89,2
DA:104,2
DA:105,34
DA:106,34
DA:107,34
DA:109,34
DA:110,67
DA:116,67
DA:117,67
DA:127,2
DA:130,34
DA:131,34
DA:133,34
DA:135,17
DA:136,17
DA:145,17
DA:146,17
DA:155,34
LF:24
LH:24
BRDA:107,0,0,16
BRDA:107,0,1,18
BRF:2
BRH:2
end_of_record
TN:
SF:src/rules/redux-action-creator-definitions.ts
FN:35,(anonymous_0)
FN:52,(anonymous_1)
FN:58,(anonymous_2)
FN:76,(anonymous_3)
FN:88,(anonymous_4)
FN:100,(anonymous_5)
FN:132,(anonymous_6)
FN:138,(anonymous_7)
FNF:8
FNH:0
FNDA:0,(anonymous_0)
FNDA:0,(anonymous_1)
FNDA:0,(anonymous_2)
FNDA:0,(anonymous_3)
FNDA:0,(anonymous_4)
FNDA:0,(anonymous_5)
FNDA:0,(anonymous_6)
FNDA:0,(anonymous_7)
DA:12,1
DA:25,1
DA:27,1
DA:33,1
DA:40,0
DA:46,0
DA:51,0
DA:53,0
DA:59,0
DA:60,0
DA:64,0
DA:69,0
DA:72,0
DA:75,0
DA:77,0
DA:78,0
DA:80,0
DA:81,0
DA:85,0
DA:89,0
DA:92,0
DA:93,0
DA:97,0
DA:100,0
DA:101,0
DA:102,0
DA:105,0
DA:106,0
DA:107,0
DA:108,0
DA:112,0
DA:115,0
DA:116,0
DA:117,0
DA:121,0
DA:125,0
DA:133,0
DA:134,0
DA:137,0
DA:138,0
DA:140,0
DA:141,0
DA:143,0
DA:145,0
DA:154,0
LF:45
LH:4
BRDA:59,0,0,0
BRDA:59,0,1,0
BRDA:59,1,0,0
BRDA:59,1,1,0
BRDA:64,2,0,0
BRDA:64,2,1,0
BRDA:65,3,0,0
BRDA:65,3,1,0
BRDA:65,3,2,0
BRDA:77,4,0,0
BRDA:77,4,1,0
BRDA:92,5,0,0
BRDA:92,5,1,0
BRDA:101,6,0,0
BRDA:101,6,1,0
BRDA:106,7,0,0
BRDA:106,7,1,0
BRDA:115,8,0,0
BRDA:115,8,1,0
BRDA:133,9,0,0
BRDA:133,9,1,0
BRDA:133,10,0,0
BRDA:133,10,1,0
BRDA:140,11,0,0
BRDA:140,11,1,0
BRF:25
BRH:0
end_of_record
TN:
SF:src/rules/redux-action-creator-filenames.ts
FN:25,(anonymous_0)
FN:37,(anonymous_1)
FNF:2
FNH:0
FNDA:0,(anonymous_0)
FNDA:0,(anonymous_1)
DA:10,1
DA:15,1
DA:17,1
DA:23,1
DA:30,0
DA:36,0
DA:38,0
DA:39,0
DA:42,0
DA:43,0
DA:52,0
DA:53,0
DA:54,0
DA:58,0
DA:61,0
DA:62,0
DA:63,0
DA:67,0
DA:70,0
DA:73,0
DA:75,0
DA:76,0
DA:88,0
LF:23
LH:4
BRDA:38,0,0,0
BRDA:38,0,1,0
BRDA:38,1,0,0
BRDA:38,1,1,0
BRDA:42,2,0,0
BRDA:42,2,1,0
BRDA:53,3,0,0
BRDA:53,3,1,0
BRDA:62,4,0,0
BRDA:62,4,1,0
BRDA:70,5,0,0
BRDA:70,5,1,0
BRDA:70,5,2,0
BRDA:75,6,0,0
BRDA:75,6,1,0
BRDA:75,7,0,0
BRDA:75,7,1,0
BRF:17
BRH:0
end_of_record
TN:
SF:src/rules/redux-action-creator-return.ts
FN:26,(anonymous_0)
FN:38,(anonymous_1)
FN:47,(anonymous_2)
FNF:3
FNH:0
FNDA:0,(anonymous_0)
FNDA:0,(anonymous_1)
FNDA:0,(anonymous_2)
DA:11,1
DA:16,1
DA:18,1
DA:24,1
DA:31,0
DA:37,0
DA:39,0
DA:40,0
DA:43,0
DA:44,0
DA:47,0
DA:48,0
DA:52,0
DA:56,0
DA:57,0
DA:61,0
DA:64,0
DA:66,0
DA:78,0
LF:19
LH:4
BRDA:39,0,0,0
BRDA:39,0,1,0
BRDA:39,1,0,0
BRDA:39,1,1,0
BRDA:43,2,0,0
BRDA:43,2,1,0
BRDA:43,3,0,0
BRDA:43,3,1,0
BRDA:48,4,0,0
BRDA:48,4,1,0
BRDA:49,5,0,0
BRDA:49,5,1,0
BRDA:56,6,0,0
BRDA:56,6,1,0
BRF:14
BRH:0
end_of_record
TN:
SF:src/rules/redux-action-creator-type.ts
FN:26,(anonymous_0)
FN:37,(anonymous_1)
FN:47,(anonymous_2)
FNF:3
FNH:0
FNDA:0,(anonymous_0)
FNDA:0,(anonymous_1)
FNDA:0,(anonymous_2)
DA:11,1
DA:16,1
DA:18,1
DA:24,1
DA:30,0
DA:36,0
DA:39,0
DA:40,0
DA:43,0
DA:44,0
DA:47,0
DA:48,0
DA:52,0
DA:56,0
DA:60,0
DA:71,0
LF:16
LH:4
BRDA:39,0,0,0
BRDA:39,0,1,0
BRDA:43,1,0,0
BRDA:43,1,1,0
BRDA:43,2,0,0
BRDA:43,2,1,0
BRDA:48,3,0,0
BRDA:48,3,1,0
BRDA:49,4,0,0
BRDA:49,4,1,0
BRDA:56,5,0,0
BRDA:56,5,1,0
BRDA:57,6,0,0
BRDA:57,6,1,0
BRF:14
BRH:0
end_of_record
TN:
SF:src/rules/redux-action-types.ts
FN:27,(anonymous_0)
FN:38,(anonymous_1)
FN:53,(anonymous_2)
FN:64,(anonymous_3)
FN:72,(anonymous_4)
FN:108,(anonymous_5)
FNF:6
FNH:0
FNDA:0,(anonymous_0)
FNDA:0,(anonymous_1)
FNDA:0,(anonymous_2)
FNDA:0,(anonymous_3)
FNDA:0,(anonymous_4)
FNDA:0,(anonymous_5)
DA:12,1
DA:17,1
DA:19,1
DA:25,1
DA:31,0
DA:37,0
DA:39,0
DA:40,0
DA:43,0
DA:47,0
DA:50,0
DA:51,0
DA:54,0
DA:59,0
DA:61,0
DA:64,0
DA:66,0
DA:67,0
DA:68,0
DA:71,0
DA:73,0
DA:74,0
DA:78,0
DA:81,0
DA:89,0
DA:92,0
DA:93,0
DA:100,0
DA:103,0
DA:106,0
DA:109,0
DA:115,0
DA:128,0
LF:33
LH:4
BRDA:39,0,0,0
BRDA:39,0,1,0
BRDA:39,1,0,0
BRDA:39,1,1,0
BRDA:43,2,0,0
BRDA:43,2,1,0
BRDA:44,3,0,0
BRDA:44,3,1,0
BRDA:54,4,0,0
BRDA:54,4,1,0
BRDA:55,5,0,0
BRDA:55,5,1,0
BRDA:55,5,2,0
BRDA:67,6,0,0
BRDA:67,6,1,0
BRDA:73,7,0,0
BRDA:73,7,1,0
BRDA:92,8,0,0
BRDA:92,8,1,0
BRDA:109,9,0,0
BRDA:109,9,1,0
BRDA:110,10,0,0
BRDA:110,10,1,0
BRDA:110,10,2,0
BRDA:110,10,3,0
BRF:25
BRH:0
end_of_record
TN:
SF:src/rules/redux-namespace-members.ts
FN:26,(anonymous_0)
FN:38,(anonymous_1)
FN:52,(anonymous_2)
FN:68,(anonymous_3)
FN:84,(anonymous_4)
FN:102,(anonymous_5)
FN:203,(anonymous_6)
FN:213,(anonymous_7)
FNF:8
FNH:0
FNDA:0,(anonymous_0)
FNDA:0,(anonymous_1)
FNDA:0,(anonymous_2)
FNDA:0,(anonymous_3)
FNDA:0,(anonymous_4)
FNDA:0,(anonymous_5)
FNDA:0,(anonymous_6)
FNDA:0,(anonymous_7)
DA:11,1
DA:16,1
DA:18,1
DA:24,1
DA:31,0
DA:37,0
DA:39,0
DA:40,0
DA:43,0
DA:48,0
DA:49,0
DA:52,0
DA:55,0
DA:60,0
DA:65,0
DA:68,0
DA:71,0
DA:76,0
DA:81,0
DA:84,0
DA:87,0
DA:90,0
DA:93,0
DA:94,0
DA:102,0
DA:104,0
DA:105,0
DA:108,0
DA:109,0
DA:113,0
DA:114,0
DA:122,0
DA:125,0
DA:126,0
DA:129,0
DA:130,0
DA:131,0
DA:135,0
DA:136,0
DA:144,0
DA:148,0
DA:149,0
DA:154,0
DA:162,0
DA:164,0
DA:171,0
DA:174,0
DA:179,0
DA:187,0
DA:189,0
DA:196,0
DA:199,0
DA:200,0
DA:203,0
DA:204,0
DA:208,0
DA:210,0
DA:212,0
DA:213,0
DA:214,0
DA:215,0
DA:228,0
LF:62
LH:4
BRDA:39,0,0,0
BRDA:39,0,1,0
BRDA:39,1,0,0
BRDA:39,1,1,0
BRDA:43,2,0,0
BRDA:43,2,1,0
BRDA:43,3,0,0
BRDA:43,3,1,0
BRDA:48,4,0,0
BRDA:48,4,1,0
BRDA:55,5,0,0
BRDA:55,5,1,0
BRDA:56,6,0,0
BRDA:56,6,1,0
BRDA:56,6,2,0
BRDA:71,7,0,0
BRDA:71,7,1,0
BRDA:72,8,0,0
BRDA:72,8,1,0
BRDA:72,8,2,0
BRDA:87,9,0,0
BRDA:87,9,1,0
BRDA:93,10,0,0
BRDA:93,10,1,0
BRDA:105,11,0,0
BRDA:105,11,1,0
BRDA:108,12,0,0
BRDA:108,12,1,0
BRDA:108,13,0,0
BRDA:108,13,1,0
BRDA:113,14,0,0
BRDA:113,14,1,0
BRDA:126,15,0,0
BRDA:126,15,1,0
BRDA:129,16,0,0
BRDA:129,16,1,0
BRDA:129,17,0,0
BRDA:129,17,1,0
BRDA:135,18,0,0
BRDA:135,18,1,0
BRDA:148,19,0,0
BRDA:148,19,1,0
BRDA:149,20,0,0
BRDA:149,20,1,0
BRDA:150,21,0,0
BRDA:150,21,1,0
BRDA:150,21,2,0
BRDA:174,22,0,0
BRDA:174,22,1,0
BRDA:175,23,0,0
BRDA:175,23,1,0
BRDA:175,23,2,0
BRDA:199,24,0,0
BRDA:199,24,1,0
BRDA:204,25,0,0
BRDA:204,25,1,0
BRDA:205,26,0,0
BRDA:205,26,1,0
BRDA:214,27,0,0
BRDA:214,27,1,0
BRF:60
BRH:0
end_of_record
TN:
SF:src/rules/redux-state-file-naming.ts
FN:63,(anonymous_0)
FN:83,(anonymous_1)
FNF:2
FNH:0
FNDA:0,(anonymous_0)
FNDA:0,(anonymous_1)
DA:9,1
DA:14,1
DA:20,1
DA:21,1
DA:23,1
DA:25,1
DA:61,1
DA:68,0
DA:75,0
DA:82,0
DA:84,0
DA:85,0
DA:87,0
DA:92,0
DA:93,0
DA:99,0
DA:100,0
DA:101,0
DA:102,0
DA:113,0
DA:114,0
DA:124,0
LF:22
LH:7
BRDA:84,0,0,0
BRDA:84,0,1,0
BRDA:92,1,0,0
BRDA:92,1,1,0
BRDA:100,2,0,0
BRDA:100,2,1,0
BRDA:108,3,0,0
BRDA:108,3,1,0
BRDA:113,4,0,0
BRDA:113,4,1,0
BRF:10
BRH:0
end_of_record
TN:
SF:src/rules/redux-state-statements.ts
FN:25,(anonymous_0)
FN:44,(anonymous_1)
FN:54,(anonymous_2)
FN:80,(anonymous_3)
FN:85,(anonymous_4)
FN:86,(anonymous_5)
FN:88,(anonymous_6)
FN:89,(anonymous_7)
FNF:8
FNH:0
FNDA:0,(anonymous_0)
FNDA:0,(anonymous_1)
FNDA:0,(anonymous_2)
FNDA:0,(anonymous_3)
FNDA:0,(anonymous_4)
FNDA:0,(anonymous_5)
FNDA:0,(anonymous_6)
FNDA:0,(anonymous_7)
DA:10,1
DA:15,1
DA:17,1
DA:23,1
DA:30,0
DA:36,0
DA:43,0
DA:45,0
DA:46,0
DA:49,0
DA:50,0
DA:51,0
DA:54,0
DA:55,0
DA:62,0
DA:63,0
DA:64,0
DA:74,0
DA:77,0
DA:78,0
DA:79,0
DA:80,0
DA:84,0
DA:85,0
DA:86,0
DA:87,0
DA:88,0
DA:89,0
DA:91,0
DA:92,0
DA:93,0
DA:95,0
DA:99,0
DA:101,0
DA:107,0
DA:116,0
DA:119,0
DA:129,0
LF:38
LH:4
BRDA:45,0,0,0
BRDA:45,0,1,0
BRDA:45,1,0,0
BRDA:45,1,1,0
BRDA:50,2,0,0
BRDA:50,2,1,0
BRDA:55,3,0,0
BRDA:55,3,1,0
BRDA:56,4,0,0
BRDA:56,4,1,0
BRDA:56,4,2,0
BRDA:63,5,0,0
BRDA:63,5,1,0
BRDA:77,6,0,0
BRDA:77,6,1,0
BRDA:78,7,0,0
BRDA:78,7,1,0
BRDA:91,8,0,0
BRDA:91,8,1,0
BRDA:91,9,0,0
BRDA:91,9,1,0
BRDA:92,10,0,0
BRDA:92,10,1,0
BRDA:102,11,0,0
BRDA:102,11,1,0
BRDA:104,12,0,0
BRDA:104,12,1,0
BRF:27
BRH:0
end_of_record
TN:
SF:src/rules/redux-thunks-no-default-export.ts
FN:25,(anonymous_0)
FN:39,(anonymous_1)
FNF:2
FNH:2
FNDA:3,(anonymous_0)
FNDA:1,(anonymous_1)
DA:10,2
DA:12,2
DA:17,2
DA:23,2
DA:28,3
DA:34,3
DA:35,1
DA:38,2
DA:40,1
DA:47,2
LF:10
LH:10
BRDA:34,0,0,1
BRDA:34,0,1,2
BRF:2
BRH:2
end_of_record
TN:
SF:src/rules/redux-thunks-return-type.ts
FN:26,(anonymous_0)
FN:33,(anonymous_1)
FN:52,(anonymous_2)
FN:68,(anonymous_3)
FN:87,(anonymous_4)
FNF:5
FNH:0
FNDA:0,(anonymous_0)
FNDA:0,(anonymous_1)
FNDA:0,(anonymous_2)
FNDA:0,(anonymous_3)
FNDA:0,(anonymous_4)
DA:11,1
DA:16,1
DA:18,1
DA:24,1
DA:27,0
DA:33,0
DA:37,0
DA:38,0
DA:43,0
DA:45,0
DA:51,0
DA:53,0
DA:54,0
DA:57,0
DA:58,0
DA:61,0
DA:64,0
DA:65,0
DA:68,0
DA:69,0
DA:73,0
DA:74,0
DA:80,0
DA:81,0
DA:82,0
DA:86,0
DA:87,0
DA:88,0
DA:89,0
DA:91,0
DA:92,0
DA:102,0
LF:32
LH:4
BRDA:37,0,0,0
BRDA:37,0,1,0
BRDA:53,1,0,0
BRDA:53,1,1,0
BRDA:53,2,0,0
BRDA:53,2,1,0
BRDA:57,3,0,0
BRDA:57,3,1,0
BRDA:64,4,0,0
BRDA:64,4,1,0
BRDA:69,5,0,0
BRDA:69,5,1,0
BRDA:73,6,0,0
BRDA:73,6,1,0
BRDA:86,7,0,0
BRDA:86,7,1,0
BRDA:88,8,0,0
BRDA:88,8,1,0
BRDA:91,9,0,0
BRDA:91,9,1,0
BRF:20
BRH:0
end_of_record
TN:
SF:src/rules/redux-thunks-should-dispatch.ts
FN:50,(anonymous_0)
FN:69,(anonymous_1)
FN:88,(anonymous_2)
FN:92,(anonymous_3)
FN:99,(anonymous_4)
FN:102,(anonymous_5)
FN:139,(anonymous_6)
FN:154,(anonymous_7)
FN:165,(anonymous_8)
FN:172,(anonymous_9)
FN:180,(anonymous_10)
FN:214,(anonymous_11)
FNF:12
FNH:0
FNDA:0,(anonymous_0)
FNDA:0,(anonymous_1)
FNDA:0,(anonymous_2)
FNDA:0,(anonymous_3)
FNDA:0,(anonymous_4)
FNDA:0,(anonymous_5)
FNDA:0,(anonymous_6)
FNDA:0,(anonymous_7)
FNDA:0,(anonymous_8)
FNDA:0,(anonymous_9)
FNDA:0,(anonymous_10)
FNDA:0,(anonymous_11)
DA:18,1
DA:20,1
DA:25,1
DA:42,1
DA:48,1
DA:52,0
DA:58,0
DA:59,0
DA:65,0
DA:67,0
DA:69,0
DA:70,0
DA:71,0
DA:74,0
DA:77,0
DA:78,0
DA:82,0
DA:85,0
DA:88,0
DA:89,0
DA:90,0
DA:91,0
DA:93,0
DA:98,0
DA:100,0
DA:103,0
DA:104,0
DA:106,0
DA:107,0
DA:117,0
DA:119,0
DA:120,0
DA:122,0
DA:123,0
DA:126,0
DA:127,0
DA:134,0
DA:138,0
DA:139,0
DA:141,0
DA:142,0
DA:152,0
DA:153,0
DA:154,0
DA:155,0
DA:156,0
DA:166,0
DA:167,0
DA:168,0
DA:171,0
DA:172,0
DA:173,0
DA:175,0
DA:178,0
DA:182,0
DA:183,0
DA:187,0
DA:188,0
DA:191,0
DA:194,0
DA:195,0
DA:200,0
DA:203,0
DA:206,0
DA:211,0
DA:214,0
DA:215,0
DA:219,0
DA:220,0
DA:228,0
LF:70
LH:5
BRDA:58,0,0,0
BRDA:58,0,1,0
BRDA:70,1,0,0
BRDA:70,1,1,0
BRDA:77,2,0,0
BRDA:77,2,1,0
BRDA:89,3,0,0
BRDA:89,3,1,0
BRDA:90,4,0,0
BRDA:90,4,1,0
BRDA:93,5,0,0
BRDA:93,5,1,0
BRDA:106,6,0,0
BRDA:106,6,1,0
BRDA:119,7,0,0
BRDA:119,7,1,0
BRDA:122,8,0,0
BRDA:122,8,1,0
BRDA:126,9,0,0
BRDA:126,9,1,0
BRDA:141,10,0,0
BRDA:141,10,1,0
BRDA:152,11,0,0
BRDA:152,11,1,0
BRDA:155,12,0,0
BRDA:155,12,1,0
BRDA:167,13,0,0
BRDA:167,13,1,0
BRDA:171,14,0,0
BRDA:171,14,1,0
BRDA:182,15,0,0
BRDA:182,15,1,0
BRDA:187,16,0,0
BRDA:187,16,1,0
BRDA:194,17,0,0
BRDA:194,17,1,0
BRDA:203,18,0,0
BRDA:203,18,1,0
BRDA:206,19,0,0
BRDA:206,19,1,0
BRDA:207,20,0,0
BRDA:207,20,1,0
BRDA:207,20,2,0
BRDA:215,21,0,0
BRDA:215,21,1,0
BRDA:219,22,0,0
BRDA:219,22,1,0
BRF:47
BRH:0
end_of_record
TN:
SF:src/rules/tuple-spacing.ts
FN:56,(anonymous_0)
FN:65,(anonymous_1)
FN:83,(anonymous_2)
FN:88,(anonymous_3)
FN:91,(anonymous_4)
FN:100,(anonymous_5)
FN:125,(anonymous_6)
FN:129,(anonymous_7)
FN:147,(anonymous_8)
FN:158,(anonymous_9)
FN:165,(anonymous_10)
FN:177,(anonymous_11)
FN:197,(anonymous_12)
FN:201,(anonymous_13)
FN:221,(anonymous_14)
FN:247,(anonymous_15)
FN:256,(anonymous_16)
FN:267,(anonymous_17)
FN:277,(anonymous_18)
FN:294,(anonymous_19)
FN:330,(anonymous_20)
FN:343,(anonymous_21)
FN:359,(anonymous_22)
FN:362,(anonymous_23)
FNF:24
FNH:0
FNDA:0,(anonymous_0)
FNDA:0,(anonymous_1)
FNDA:0,(anonymous_2)
FNDA:0,(anonymous_3)
FNDA:0,(anonymous_4)
FNDA:0,(anonymous_5)
FNDA:0,(anonymous_6)
FNDA:0,(anonymous_7)
FNDA:0,(anonymous_8)
FNDA:0,(anonymous_9)
FNDA:0,(anonymous_10)
FNDA:0,(anonymous_11)
FNDA:0,(anonymous_12)
FNDA:0,(anonymous_13)
FNDA:0,(anonymous_14)
FNDA:0,(anonymous_15)
FNDA:0,(anonymous_16)
FNDA:0,(anonymous_17)
FNDA:0,(anonymous_18)
FNDA:0,(anonymous_19)
FNDA:0,(anonymous_20)
FNDA:0,(anonymous_21)
FNDA:0,(anonymous_22)
FNDA:0,(anonymous_23)
DA:7,1
DA:16,1
DA:21,1
DA:39,1
DA:54,1
DA:57,0
DA:62,0
DA:63,0
DA:65,0
DA:72,0
DA:74,0
DA:75,0
DA:76,0
DA:78,0
DA:81,0
DA:83,0
DA:85,0
DA:88,0
DA:89,0
DA:91,0
DA:100,0
DA:105,0
DA:106,0
DA:107,0
DA:109,0
DA:110,0
DA:112,0
DA:113,0
DA:124,0
DA:126,0
DA:127,0
DA:128,0
DA:130,0
DA:131,0
DA:136,0
DA:138,0
DA:148,0
DA:149,0
DA:151,0
DA:158,0
DA:159,0
DA:160,0
DA:162,0
DA:165,0
DA:170,0
DA:171,0
DA:174,0
DA:175,0
DA:176,0
DA:177,0
DA:178,0
DA:182,0
DA:183,0
DA:186,0
DA:189,0
DA:190,0
DA:199,0
DA:201,0
DA:204,0
DA:207,0
DA:211,0
DA:212,0
DA:213,0
DA:214,0
DA:221,0
DA:228,0
DA:232,0
DA:233,0
DA:234,0
DA:235,0
DA:247,0
DA:256,0
DA:257,0
DA:258,0
DA:260,0
DA:267,0
DA:277,0
DA:282,0
DA:283,0
DA:292,0
DA:294,0
DA:295,0
DA:296,0
DA:298,0
DA:299,0
DA:300,0
DA:301,0
DA:304,0
DA:305,0
DA:308,0
DA:309,0
DA:313,0
DA:314,0
DA:315,0
DA:318,0
DA:319,0
DA:322,0
DA:324,0
DA:328,0
DA:330,0
DA:332,0
DA:333,0
DA:343,0
DA:352,0
DA:355,0
DA:358,0
DA:360,0
DA:362,0
DA:363,0
DA:364,0
DA:366,0
DA:367,0
LF:112
LH:5
BRDA:63,0,0,0
BRDA:63,0,1,0
BRDA:74,1,0,0
BRDA:74,1,1,0
BRDA:74,2,0,0
BRDA:74,2,1,0
BRDA:75,3,0,0
BRDA:75,3,1,0
BRDA:76,4,0,0
BRDA:76,4,1,0
BRDA:78,5,0,0
BRDA:78,5,1,0
BRDA:85,6,0,0
BRDA:85,6,1,0
BRDA:112,7,0,0
BRDA:112,7,1,0
BRDA:119,8,0,0
BRDA:119,8,1,0
BRDA:136,9,0,0
BRDA:136,9,1,0
BRDA:148,10,0,0
BRDA:148,10,1,0
BRDA:159,11,0,0
BRDA:159,11,1,0
BRDA:170,12,0,0
BRDA:170,12,1,0
BRDA:178,13,0,0
BRDA:178,13,1,0
BRDA:182,14,0,0
BRDA:182,14,1,0
BRDA:189,15,0,0
BRDA:189,15,1,0
BRDA:211,16,0,0
BRDA:211,16,1,0
BRDA:213,17,0,0
BRDA:213,17,1,0
BRDA:233,18,0,0
BRDA:233,18,1,0
BRDA:240,19,0,0
BRDA:240,19,1,0
BRDA:257,20,0,0
BRDA:257,20,1,0
BRDA:282,21,0,0
BRDA:282,21,1,0
BRDA:298,22,0,0
BRDA:298,22,1,0
BRDA:298,23,0,0
BRDA:298,23,1,0
BRDA:304,24,0,0
BRDA:304,24,1,0
BRDA:304,25,0,0
BRDA:304,25,1,0
BRDA:308,26,0,0
BRDA:308,26,1,0
BRDA:313,27,0,0
BRDA:313,27,1,0
BRDA:315,28,0,0
BRDA:315,28,1,0
BRDA:318,29,0,0
BRDA:318,29,1,0
BRDA:324,30,0,0
BRDA:324,30,1,0
BRDA:325,31,0,0
BRDA:325,31,1,0
BRF:64
BRH:0
end_of_record
TN:
SF:src/rules/type-declaration-length.ts
FN:26,(anonymous_0)
FN:37,(anonymous_1)
FN:69,(anonymous_2)
FN:98,(anonymous_3)
FN:103,(anonymous_4)
FN:112,(anonymous_5)
FN:121,(anonymous_6)
FNF:7
FNH:7
FNDA:15,(anonymous_0)
FNDA:20,(anonymous_1)
FNDA:15,(anonymous_2)
FNDA:13,(anonymous_3)
FNDA:7,(anonymous_4)
FNDA:3,(anonymous_5)
FNDA:3,(anonymous_6)
DA:8,5
DA:9,5
DA:11,5
DA:18,5
DA:23,5
DA:27,15
DA:31,15
DA:37,20
DA:43,5
DA:66,5
DA:70,15
DA:71,15
DA:85,5
DA:89,5
DA:96,5
DA:99,13
DA:100,13
DA:102,13
DA:104,7
DA:113,3
DA:122,3
DA:132,13
LF:22
LH:22
BRF:0
BRH:0
end_of_record
TN:
SF:src/rules/type-definition-delimiter-style.ts
FN:91,(anonymous_0)
FN:111,(anonymous_1)
FN:116,(anonymous_2)
FN:125,(anonymous_3)
FNF:4
FNH:4
FNDA:28,(anonymous_0)
FNDA:28,(anonymous_1)
FNDA:14,(anonymous_2)
FNDA:14,(anonymous_3)
DA:26,2
DA:35,2
DA:39,2
DA:41,2
DA:54,2
DA:63,2
DA:77,2
DA:91,2
DA:92,28
DA:93,28
DA:94,28
DA:95,28
DA:101,28
DA:109,2
DA:112,28
DA:113,28
DA:115,28
DA:117,14
DA:118,14
DA:126,14
DA:127,14
DA:135,28
LF:22
LH:22
BRDA:94,0,0,14
BRDA:94,0,1,14
BRF:2
BRH:2
end_of_record
TN:
SF:src/rules/type-delimiter-style.ts
FN:32,(anonymous_0)
FN:44,(anonymous_1)
FN:99,(anonymous_2)
FN:104,(anonymous_3)
FN:127,(anonymous_4)
FNF:5
FNH:0
FNDA:0,(anonymous_0)
FNDA:0,(anonymous_1)
FNDA:0,(anonymous_2)
FNDA:0,(anonymous_3)
FNDA:0,(anonymous_4)
DA:10,1
DA:14,1
DA:16,1
DA:32,1
DA:33,0
DA:34,0
DA:36,0
DA:38,0
DA:40,0
DA:44,1
DA:48,0
DA:49,0
DA:52,0
DA:54,0
DA:65,0
DA:76,0
DA:86,0
DA:90,1
DA:97,1
DA:100,0
DA:101,0
DA:103,0
DA:105,0
DA:111,0
DA:112,0
DA:113,0
DA:114,0
DA:128,0
DA:129,0
DA:132,0
DA:134,0
DA:135,0
DA:138,0
DA:145,0
LF:34
LH:7
BRDA:34,0,0,0
BRDA:34,0,1,0
BRDA:34,0,2,0
BRDA:48,1,0,0
BRDA:48,1,1,0
BRDA:52,2,0,0
BRDA:52,2,1,0
BRDA:52,2,2,0
BRDA:52,2,3,0
BRDA:54,3,0,0
BRDA:54,3,1,0
BRDA:65,4,0,0
BRDA:65,4,1,0
BRDA:76,5,0,0
BRDA:76,5,1,0
BRDA:113,6,0,0
BRDA:113,6,1,0
BRDA:113,7,0,0
BRDA:113,7,1,0
BRDA:128,8,0,0
BRDA:128,8,1,0
BRDA:132,9,0,0
BRDA:132,9,1,0
BRDA:134,10,0,0
BRDA:134,10,1,0
BRF:25
BRH:0
end_of_record
TN:
SF:src/typeguards/helpers.ts
FN:1,(anonymous_0)
FN:8,(anonymous_1)
FNF:2
FNH:2
FNDA:2,(anonymous_0)
FNDA:9,(anonymous_1)
DA:1,4
DA:3,2
DA:5,4
DA:8,4
DA:11,9
LF:5
LH:5
BRDA:11,0,0,9
BRDA:11,0,1,8
BRF:2
BRH:2
end_of_record
TN:
SF:src/typeguards/index.ts
FNF:0
FNH:0
LF:0
LH:0
BRF:0
BRH:0
end_of_record
TN:
SF:src/typeguards/nodes.ts
FN:4,(anonymous_0)
FN:7,(anonymous_1)
FN:10,(anonymous_2)
FN:13,(anonymous_3)
FN:16,(anonymous_4)
FN:19,(anonymous_5)
FN:22,(anonymous_6)
FN:25,(anonymous_7)
FN:28,(anonymous_8)
FN:31,(anonymous_9)
FN:34,(anonymous_10)
FN:37,(anonymous_11)
FN:40,(anonymous_12)
FN:43,(anonymous_13)
FN:46,(anonymous_14)
FN:49,(anonymous_15)
FN:52,(anonymous_16)
FN:55,(anonymous_17)
FN:58,(anonymous_18)
FN:61,(anonymous_19)
FN:64,(anonymous_20)
FN:67,(anonymous_21)
FN:70,(anonymous_22)
FN:73,(anonymous_23)
FN:76,(anonymous_24)
FN:79,(anonymous_25)
FN:82,(anonymous_26)
FN:86,(anonymous_27)
FN:89,(anonymous_28)
FN:92,(anonymous_29)
FN:95,(anonymous_30)
FN:98,(anonymous_31)
FN:101,(anonymous_32)
FN:104,(anonymous_33)
FN:107,(anonymous_34)
FN:110,(anonymous_35)
FN:113,(anonymous_36)
FN:117,(anonymous_37)
FN:120,(anonymous_38)
FN:123,(anonymous_39)
FN:126,(anonymous_40)
FN:129,(anonymous_41)
FN:132,(anonymous_42)
FN:135,(anonymous_43)
FN:138,(anonymous_44)
FN:141,(anonymous_45)
FN:144,(anonymous_46)
FN:147,(anonymous_47)
FN:150,(anonymous_48)
FN:153,(anonymous_49)
FN:160,isFunction
FN:177,isLoop
FNF:52
FNH:6
FNDA:44,(anonymous_0)
FNDA:10,(anonymous_1)
FNDA:4,(anonymous_2)
FNDA:4,(anonymous_3)
FNDA:4,(anonymous_4)
FNDA:0,(anonymous_5)
FNDA:0,(anonymous_6)
FNDA:0,(anonymous_7)
FNDA:0,(anonymous_8)
FNDA:0,(anonymous_9)
FNDA:0,(anonymous_10)
FNDA:0,(anonymous_11)
FNDA:0,(anonymous_12)
FNDA:0,(anonymous_13)
FNDA:0,(anonymous_14)
FNDA:0,(anonymous_15)
FNDA:0,(anonymous_16)
FNDA:0,(anonymous_17)
FNDA:0,(anonymous_18)
FNDA:0,(anonymous_19)
FNDA:0,(anonymous_20)
FNDA:0,(anonymous_21)
FNDA:0,(anonymous_22)
FNDA:0,(anonymous_23)
FNDA:0,(anonymous_24)
FNDA:0,(anonymous_25)
FNDA:0,(anonymous_26)
FNDA:0,(anonymous_27)
FNDA:0,(anonymous_28)
FNDA:0,(anonymous_29)
FNDA:0,(anonymous_30)
FNDA:0,(anonymous_31)
FNDA:0,(anonymous_32)
FNDA:0,(anonymous_33)
FNDA:0,(anonymous_34)
FNDA:0,(anonymous_35)
FNDA:0,(anonymous_36)
FNDA:0,(anonymous_37)
FNDA:0,(anonymous_38)
FNDA:0,(anonymous_39)
FNDA:0,(anonymous_40)
FNDA:0,(anonymous_41)
FNDA:0,(anonymous_42)
FNDA:0,(anonymous_43)
FNDA:0,(anonymous_44)
FNDA:0,(anonymous_45)
FNDA:0,(anonymous_46)
FNDA:0,(anonymous_47)
FNDA:1,(anonymous_48)
FNDA:0,(anonymous_49)
FNDA:0,isFunction
FNDA:0,isLoop
DA:4,4
DA:5,44
DA:7,4
DA:8,10
DA:10,4
DA:11,4
DA:13,4
DA:14,4
DA:16,4
DA:17,4
DA:19,4
DA:20,0
DA:22,4
DA:23,0
DA:25,4
DA:26,0
DA:28,4
DA:29,0
DA:31,4
DA:32,0
DA:34,4
DA:35,0
DA:37,4
DA:38,0
DA:40,4
DA:41,0
DA:43,4
DA:44,0
DA:46,4
DA:47,0
DA:49,4
DA:50,0
DA:52,4
DA:53,0
DA:55,4
DA:56,0
DA:58,4
DA:59,0
DA:61,4
DA:62,0
DA:64,4
DA:65,0
DA:67,4
DA:68,0
DA:70,4
DA:71,0
DA:73,4
DA:74,0
DA:76,4
DA:77,0
DA:79,4
DA:80,0
DA:82,4
DA:83,0
DA:84,4
DA:86,4
DA:87,0
DA:89,4
DA:90,0
DA:92,4
DA:93,0
DA:95,4
DA:96,0
DA:98,4
DA:99,0
DA:101,4
DA:102,0
DA:104,4
DA:105,0
DA:107,4
DA:108,0
DA:110,4
DA:111,0
DA:113,4
DA:114,0
DA:117,4
DA:118,0
DA:120,4
DA:121,0
DA:123,4
DA:124,0
DA:126,4
DA:127,0
DA:129,4
DA:130,0
DA:132,4
DA:133,0
DA:135,4
DA:136,0
DA:138,4
DA:139,0
DA:141,4
DA:142,0
DA:144,4
DA:145,0
DA:147,4
DA:148,0
DA:150,4
DA:151,1
DA:153,4
DA:154,0
DA:166,0
DA:167,0
DA:170,0
DA:185,0
DA:186,0
DA:189,0
LF:107
LH:57
BRDA:62,0,0,0
BRDA:62,0,1,0
BRDA:114,1,0,0
BRDA:114,1,1,0
BRDA:130,2,0,0
BRDA:130,2,1,0
BRDA:130,2,2,0
BRDA:154,3,0,0
BRDA:154,3,1,0
BRDA:154,3,2,0
BRDA:154,3,3,0
BRDA:154,3,4,0
BRDA:166,4,0,0
BRDA:166,4,1,0
BRDA:185,5,0,0
BRDA:185,5,1,0
BRDA:190,6,0,0
BRDA:190,6,1,0
BRDA:190,6,2,0
BRDA:190,6,3,0
BRDA:190,6,4,0
BRF:21
BRH:0
end_of_record
TN:
SF:src/types/NodeHelperTypes.ts
FNF:0
FNH:0
LF:0
LH:0
BRF:0
BRH:0
end_of_record
TN:
SF:src/types/Settings.ts
FNF:0
FNH:0
LF:0
LH:0
BRF:0
BRH:0
end_of_record
TN:
SF:src/types/constToType.ts
FN:1,(anonymous_0)
FNF:1
FNH:1
FNDA:5,(anonymous_0)
DA:1,5
LF:1
LH:1
BRF:0
BRH:0
end_of_record
TN:
SF:src/types/exportDeclarations.ts
FNF:0
FNH:0
LF:0
LH:0
BRF:0
BRH:0
end_of_record
TN:
SF:src/types/global.d.ts
FNF:0
FNH:0
LF:0
LH:0
BRF:0
BRH:0
end_of_record
TN:
SF:src/types/index.ts
FNF:0
FNH:0
LF:0
LH:0
BRF:0
BRH:0
end_of_record
TN:
SF:src/types/propertyNamesOnly.ts
FNF:0
FNH:0
LF:0
LH:0
BRF:0
BRH:0
end_of_record
TN:
SF:src/types/util.ts
FNF:0
FNH:0
LF:0
LH:0
BRF:0
BRH:0
end_of_record
TN:
SF:src/util/analyzeExportDeclaration.ts
FN:6,(anonymous_0)
FN:9,(anonymous_1)
FN:14,(anonymous_2)
FN:17,(anonymous_3)
FN:20,(anonymous_4)
FN:23,(anonymous_5)
FN:24,(anonymous_6)
FN:26,(anonymous_7)
FN:31,(anonymous_8)
FN:34,(anonymous_9)
FN:40,(anonymous_10)
FN:43,(anonymous_11)
FN:45,(anonymous_12)
FN:51,(anonymous_13)
FN:54,(anonymous_14)
FN:57,(anonymous_15)
FN:60,(anonymous_16)
FN:71,(anonymous_17)
FN:74,(anonymous_18)
FN:77,(anonymous_19)
FN:81,(anonymous_20)
FN:86,(anonymous_21)
FN:89,(anonymous_22)
FNF:23
FNH:0
FNDA:0,(anonymous_0)
FNDA:0,(anonymous_1)
FNDA:0,(anonymous_2)
FNDA:0,(anonymous_3)
FNDA:0,(anonymous_4)
FNDA:0,(anonymous_5)
FNDA:0,(anonymous_6)
FNDA:0,(anonymous_7)
FNDA:0,(anonymous_8)
FNDA:0,(anonymous_9)
FNDA:0,(anonymous_10)
FNDA:0,(anonymous_11)
FNDA:0,(anonymous_12)
FNDA:0,(anonymous_13)
FNDA:0,(anonymous_14)
FNDA:0,(anonymous_15)
FNDA:0,(anonymous_16)
FNDA:0,(anonymous_17)
FNDA:0,(anonymous_18)
FNDA:0,(anonymous_19)
FNDA:0,(anonymous_20)
FNDA:0,(anonymous_21)
FNDA:0,(anonymous_22)
DA:6,1
DA:7,0
DA:9,1
DA:14,1
DA:15,0
DA:17,1
DA:18,0
DA:20,1
DA:21,0
DA:23,1
DA:24,0
DA:26,1
DA:27,0
DA:31,1
DA:32,0
DA:34,1
DA:40,1
DA:41,0
DA:43,0
DA:45,1
DA:51,1
DA:52,0
DA:54,1
DA:55,0
DA:57,1
DA:58,0
DA:60,1
DA:61,0
DA:62,0
DA:63,0
DA:68,0
DA:71,1
DA:72,0
DA:74,1
DA:75,0
DA:78,0
DA:81,1
DA:86,1
DA:87,0
DA:89,1
DA:90,0
LF:41
LH:20
BRDA:10,0,0,0
BRDA:10,0,1,0
BRDA:15,1,0,0
BRDA:15,1,1,0
BRDA:18,2,0,0
BRDA:18,2,1,0
BRDA:21,3,0,0
BRDA:21,3,1,0
BRDA:27,4,0,0
BRDA:27,4,1,0
BRDA:27,5,0,0
BRDA:27,5,1,0
BRDA:32,6,0,0
BRDA:32,6,1,0
BRDA:36,7,0,0
BRDA:36,7,1,0
BRDA:41,8,0,0
BRDA:41,8,1,0
BRDA:52,9,0,0
BRDA:52,9,1,0
BRDA:55,10,0,0
BRDA:55,10,1,0
BRDA:55,11,0,0
BRDA:55,11,1,0
BRDA:58,12,0,0
BRDA:58,12,1,0
BRDA:62,13,0,0
BRDA:62,13,1,0
BRDA:72,14,0,0
BRDA:72,14,1,0
BRDA:87,15,0,0
BRDA:87,15,1,0
BRDA:90,16,0,0
BRDA:90,16,1,0
BRDA:90,17,0,0
BRDA:90,17,1,0
BRF:36
BRH:0
end_of_record
TN:
SF:src/util/applyDefaultOptions.ts
FN:3,(anonymous_0)
FN:16,(anonymous_1)
FN:39,(anonymous_2)
FN:65,(anonymous_3)
FNF:4
FNH:4
FNDA:4,(anonymous_0)
FNDA:4,(anonymous_1)
FNDA:13,(anonymous_2)
FNDA:12,(anonymous_3)
DA:3,5
DA:12,4
DA:13,4
DA:16,4
DA:17,4
DA:18,4
DA:19,20
DA:20,12
DA:26,4
DA:39,5
DA:49,13
DA:50,9
DA:54,4
DA:60,4
DA:61,4
DA:63,4
DA:64,4
DA:66,12
DA:72,4
LF:19
LH:19
BRDA:17,0,0,4
BRDA:17,0,1,0
BRDA:19,1,0,12
BRDA:19,1,1,8
BRDA:49,2,0,9
BRDA:49,2,1,4
BRDA:54,3,0,0
BRDA:54,3,1,4
BRDA:54,4,0,4
BRDA:54,4,1,4
BRDA:63,5,0,4
BRDA:63,5,1,0
BRF:12
BRH:9
end_of_record
TN:
SF:src/util/applyOptions.ts
FN:3,(anonymous_0)
FN:7,(anonymous_1)
FNF:2
FNH:0
FNDA:0,(anonymous_0)
FNDA:0,(anonymous_1)
DA:3,0
DA:5,0
DA:7,0
DA:11,0
DA:12,0
DA:15,0
DA:17,0
DA:18,0
DA:19,0
DA:20,0
DA:21,0
DA:23,0
DA:27,0
LF:13
LH:0
BRDA:11,0,0,0
BRDA:11,0,1,0
BRDA:19,1,0,0
BRDA:19,1,1,0
BRDA:20,2,0,0
BRDA:20,2,1,0
BRF:6
BRH:0
end_of_record
TN:
SF:src/util/collectUnusedVariables.ts
FNF:0
FNH:0
LF:0
LH:0
BRF:0
BRH:0
end_of_record
TN:
SF:src/util/constants.ts
FNF:0
FNH:0
DA:3,9
DA:4,9
DA:14,9
DA:58,9
DA:81,9
DA:148,9
LF:6
LH:6
BRF:0
BRH:0
end_of_record
TN:
SF:src/util/deepCopy.ts
FN:1,(anonymous_0)
FNF:1
FNH:1
FNDA:84,(anonymous_0)
DA:1,5
DA:2,84
DA:3,68
DA:6,16
DA:8,16
DA:9,80
DA:10,80
DA:11,80
DA:15,16
LF:9
LH:9
BRDA:2,0,0,68
BRDA:2,0,1,16
BRDA:2,1,0,84
BRDA:2,1,1,16
BRDA:6,2,0,0
BRDA:6,2,1,16
BRDA:9,3,0,80
BRDA:9,3,1,0
BRF:8
BRH:6
end_of_record
TN:
SF:src/util/determineShouldRun.ts
FN:11,(anonymous_0)
FN:21,(anonymous_1)
FN:44,(anonymous_2)
FN:49,(anonymous_3)
FN:58,(anonymous_4)
FN:92,(anonymous_5)
FN:94,(anonymous_6)
FN:110,(anonymous_7)
FN:113,(anonymous_8)
FN:140,(anonymous_9)
FN:160,(anonymous_10)
FN:179,(anonymous_11)
FN:188,(anonymous_12)
FN:191,(anonymous_13)
FN:199,(anonymous_14)
FN:205,(anonymous_15)
FN:211,(anonymous_16)
FN:216,(anonymous_17)
FNF:18
FNH:0
FNDA:0,(anonymous_0)
FNDA:0,(anonymous_1)
FNDA:0,(anonymous_2)
FNDA:0,(anonymous_3)
FNDA:0,(anonymous_4)
FNDA:0,(anonymous_5)
FNDA:0,(anonymous_6)
FNDA:0,(anonymous_7)
FNDA:0,(anonymous_8)
FNDA:0,(anonymous_9)
FNDA:0,(anonymous_10)
FNDA:0,(anonymous_11)
FNDA:0,(anonymous_12)
FNDA:0,(anonymous_13)
FNDA:0,(anonymous_14)
FNDA:0,(anonymous_15)
FNDA:0,(anonymous_16)
FNDA:0,(anonymous_17)
DA:11,1
DA:12,0
DA:13,0
DA:14,0
DA:15,0
DA:16,0
DA:19,0
DA:21,0
DA:22,0
DA:23,0
DA:26,0
DA:44,1
DA:45,0
DA:49,1
DA:50,0
DA:51,0
DA:52,0
DA:58,1
DA:59,0
DA:61,0
DA:62,0
DA:63,0
DA:65,0
DA:72,0
DA:73,0
DA:74,0
DA:81,0
DA:82,0
DA:92,1
DA:94,1
DA:95,0
DA:96,0
DA:97,0
DA:98,0
DA:110,1
DA:111,0
DA:113,1
DA:114,0
DA:115,0
DA:116,0
DA:117,0
DA:119,0
DA:121,0
DA:123,0
DA:124,0
DA:125,0
DA:127,0
DA:128,0
DA:129,0
DA:132,0
DA:140,1
DA:141,0
DA:142,0
DA:143,0
DA:144,0
DA:146,0
DA:160,1
DA:168,0
DA:169,0
DA:170,0
DA:174,0
DA:175,0
DA:177,0
DA:180,0
DA:181,0
DA:182,0
DA:185,0
DA:187,0
DA:189,0
DA:190,0
DA:191,0
DA:193,0
DA:194,0
DA:195,0
DA:199,0
DA:200,0
DA:202,0
DA:206,0
DA:207,0
DA:211,0
DA:213,0
DA:214,0
DA:215,0
DA:216,0
DA:223,0
DA:228,0
DA:237,0
DA:250,0
LF:88
LH:10
BRDA:13,0,0,0
BRDA:13,0,1,0
BRDA:15,1,0,0
BRDA:15,1,1,0
BRDA:21,2,0,0
BRDA:21,2,1,0
BRDA:21,2,2,0
BRDA:22,3,0,0
BRDA:22,3,1,0
BRDA:22,4,0,0
BRDA:22,4,1,0
BRDA:45,5,0,0
BRDA:45,5,1,0
BRDA:61,6,0,0
BRDA:61,6,1,0
BRDA:62,7,0,0
BRDA:62,7,1,0
BRDA:73,8,0,0
BRDA:73,8,1,0
BRDA:81,9,0,0
BRDA:81,9,1,0
BRDA:111,10,0,0
BRDA:111,10,1,0
BRDA:116,11,0,0
BRDA:116,11,1,0
BRDA:121,12,0,0
BRDA:121,12,1,0
BRDA:123,13,0,0
BRDA:123,13,1,0
BRDA:124,14,0,0
BRDA:124,14,1,0
BRDA:127,15,0,0
BRDA:127,15,1,0
BRDA:128,16,0,0
BRDA:128,16,1,0
BRDA:180,17,0,0
BRDA:180,17,1,0
BRDA:181,18,0,0
BRDA:181,18,1,0
BRDA:189,19,0,0
BRDA:189,19,1,0
BRDA:190,20,0,0
BRDA:190,20,1,0
BRDA:194,21,0,0
BRDA:194,21,1,0
BRDA:211,22,0,0
BRDA:211,22,1,0
BRDA:215,23,0,0
BRDA:215,23,1,0
BRF:49
BRH:0
end_of_record
TN:
SF:src/util/findParent.ts
FN:4,(anonymous_0)
FN:8,(anonymous_1)
FN:9,(anonymous_2)
FN:11,(anonymous_3)
FNF:4
FNH:1
FNDA:0,(anonymous_0)
FNDA:0,(anonymous_1)
FNDA:0,(anonymous_2)
FNDA:34,(anonymous_3)
DA:4,5
DA:7,0
DA:8,0
DA:9,0
DA:11,5
DA:15,34
DA:16,17
DA:18,17
DA:19,0
DA:21,17
LF:10
LH:6
BRDA:15,0,0,17
BRDA:15,0,1,17
BRDA:18,1,0,0
BRDA:18,1,1,17
BRF:4
BRH:3
end_of_record
TN:
SF:src/util/findVariable.ts
FN:3,(anonymous_0)
FNF:1
FNH:0
FNDA:0,(anonymous_0)
DA:3,1
DA:9,0
LF:2
LH:1
BRF:0
BRH:0
end_of_record
TN:
SF:src/util/getOverrides.ts
FN:15,(anonymous_0)
FN:22,(anonymous_1)
FN:23,(anonymous_2)
FN:29,(anonymous_3)
FN:33,(anonymous_4)
FN:51,(anonymous_5)
FNF:6
FNH:0
FNDA:0,(anonymous_0)
FNDA:0,(anonymous_1)
FNDA:0,(anonymous_2)
FNDA:0,(anonymous_3)
FNDA:0,(anonymous_4)
FNDA:0,(anonymous_5)
DA:5,0
DA:12,0
DA:15,0
DA:19,0
DA:22,0
DA:24,0
DA:25,0
DA:27,0
DA:30,0
DA:31,0
DA:32,0
DA:33,0
DA:34,0
DA:35,0
DA:36,0
DA:37,0
DA:38,0
DA:40,0
DA:41,0
DA:42,0
DA:46,0
DA:49,0
DA:51,0
LF:23
LH:0
BRDA:24,0,0,0
BRDA:24,0,1,0
BRDA:31,1,0,0
BRDA:31,1,1,0
BRDA:37,2,0,0
BRDA:37,2,1,0
BRDA:44,3,0,0
BRDA:44,3,1,0
BRF:8
BRH:0
end_of_record
TN:
SF:src/util/getStartingColumn.ts
FN:4,(anonymous_0)
FNF:1
FNH:1
FNDA:4,(anonymous_0)
DA:4,4
DA:8,4
DA:9,4
DA:10,4
DA:17,4
DA:22,0
DA:28,4
DA:35,4
DA:36,4
DA:42,0
LF:10
LH:8
BRDA:9,0,0,4
BRDA:9,0,1,0
BRDA:17,1,0,0
BRDA:17,1,1,4
BRDA:18,2,0,4
BRDA:18,2,1,0
BRDA:18,2,2,0
BRDA:35,3,0,4
BRDA:35,3,1,0
BRF:9
BRH:4
end_of_record
TN:
SF:src/util/getUserSetting.ts
FN:7,(anonymous_0)
FNF:1
FNH:1
FNDA:38,(anonymous_0)
DA:7,9
DA:11,38
DA:12,38
DA:13,0
DA:16,38
LF:5
LH:4
BRDA:11,0,0,38
BRDA:11,0,1,37
BRDA:12,1,0,0
BRDA:12,1,1,38
BRDA:12,2,0,38
BRDA:12,2,1,0
BRF:6
BRH:4
end_of_record
TN:
SF:src/util/hasParent.ts
FN:3,(anonymous_0)
FN:15,(anonymous_1)
FN:27,(anonymous_2)
FNF:3
FNH:0
FNDA:0,(anonymous_0)
FNDA:0,(anonymous_1)
FNDA:0,(anonymous_2)
DA:3,0
DA:4,0
DA:5,0
DA:8,0
DA:9,0
DA:12,0
DA:15,0
DA:16,0
DA:17,0
DA:20,0
DA:21,0
DA:24,0
DA:27,0
DA:28,0
DA:29,0
DA:32,0
DA:33,0
DA:36,0
LF:18
LH:0
BRDA:4,0,0,0
BRDA:4,0,1,0
BRDA:8,1,0,0
BRDA:8,1,1,0
BRDA:16,2,0,0
BRDA:16,2,1,0
BRDA:20,3,0,0
BRDA:20,3,1,0
BRDA:28,4,0,0
BRDA:28,4,1,0
BRDA:32,5,0,0
BRDA:32,5,1,0
BRF:12
BRH:0
end_of_record
TN:
SF:src/util/moduleExportedMembers.ts
FN:5,(anonymous_0)
FN:22,(anonymous_1)
FN:38,(anonymous_2)
FN:52,(anonymous_3)
FN:58,(anonymous_4)
FNF:5
FNH:0
FNDA:0,(anonymous_0)
FNDA:0,(anonymous_1)
FNDA:0,(anonymous_2)
FNDA:0,(anonymous_3)
FNDA:0,(anonymous_4)
DA:5,1
DA:9,0
DA:17,0
DA:19,0
DA:22,1
DA:26,0
DA:31,0
DA:32,0
DA:35,0
DA:37,0
DA:38,0
DA:40,0
DA:41,0
DA:45,0
DA:47,0
DA:48,0
DA:51,0
DA:53,0
DA:59,0
LF:19
LH:2
BRDA:9,0,0,0
BRDA:9,0,1,0
BRDA:10,1,0,0
BRDA:10,1,1,0
BRDA:10,1,2,0
BRDA:10,1,3,0
BRDA:10,1,4,0
BRDA:10,1,5,0
BRDA:31,2,0,0
BRDA:31,2,1,0
BRDA:31,3,0,0
BRDA:31,3,1,0
BRDA:40,4,0,0
BRDA:40,4,1,0
BRDA:47,5,0,0
BRDA:47,5,1,0
BRDA:53,6,0,0
BRDA:53,6,1,0
BRDA:53,7,0,0
BRDA:53,7,1,0
BRF:20
BRH:0
end_of_record
TN:
SF:src/util/nullThrows.ts
FN:6,(anonymous_0)
FN:14,nullThrows
FNF:2
FNH:0
FNDA:0,(anonymous_0)
FNDA:0,nullThrows
DA:4,0
DA:7,0
DA:21,0
DA:25,0
LF:4
LH:0
BRDA:21,0,0,0
BRDA:21,1,0,0
BRDA:21,1,1,0
BRF:3
BRH:0
end_of_record
TN:
SF:src/util/saveAST.ts
FN:22,(anonymous_0)
FN:24,(anonymous_1)
FN:29,(anonymous_2)
FN:67,(anonymous_3)
FN:74,(anonymous_4)
FN:91,(anonymous_5)
FN:97,(anonymous_6)
FN:106,(anonymous_7)
FN:125,(anonymous_8)
FNF:9
FNH:0
FNDA:0,(anonymous_0)
FNDA:0,(anonymous_1)
FNDA:0,(anonymous_2)
FNDA:0,(anonymous_3)
FNDA:0,(anonymous_4)
FNDA:0,(anonymous_5)
FNDA:0,(anonymous_6)
FNDA:0,(anonymous_7)
FNDA:0,(anonymous_8)
DA:22,0
DA:24,0
DA:25,0
DA:26,0
DA:29,0
DA:34,0
DA:35,0
DA:36,0
DA:38,0
DA:39,0
DA:42,0
DA:43,0
DA:44,0
DA:47,0
DA:48,0
DA:49,0
DA:50,0
DA:53,0
DA:56,0
DA:67,0
DA:68,0
DA:69,0
DA:70,0
DA:71,0
DA:74,0
DA:79,0
DA:80,0
DA:81,0
DA:82,0
DA:83,0
DA:86,0
DA:87,0
DA:88,0
DA:91,0
DA:92,0
DA:93,0
DA:94,0
DA:96,0
DA:97,0
DA:98,0
DA:99,0
DA:101,0
DA:106,0
DA:111,0
DA:112,0
DA:113,0
DA:115,0
DA:116,0
DA:117,0
DA:118,0
DA:119,0
DA:121,0
DA:122,0
DA:125,0
DA:126,0
DA:127,0
DA:128,0
DA:130,0
DA:133,0
LF:59
LH:0
BRDA:22,0,0,0
BRDA:22,0,1,0
BRDA:36,1,0,0
BRDA:36,1,1,0
BRDA:38,2,0,0
BRDA:38,2,1,0
BRDA:42,3,0,0
BRDA:42,3,1,0
BRDA:47,4,0,0
BRDA:47,4,1,0
BRDA:70,5,0,0
BRDA:70,5,1,0
BRDA:82,6,0,0
BRDA:82,6,1,0
BRDA:93,7,0,0
BRDA:93,7,1,0
BRDA:96,8,0,0
BRDA:96,8,1,0
BRDA:96,9,0,0
BRDA:96,9,1,0
BRDA:98,10,0,0
BRDA:98,10,1,0
BRDA:112,11,0,0
BRDA:112,11,1,0
BRDA:115,12,0,0
BRDA:115,12,1,0
BRDA:121,13,0,0
BRDA:121,13,1,0
BRDA:126,14,0,0
BRDA:126,14,1,0
BRF:30
BRH:0
end_of_record
TN:
SF:src/util/selectId.ts
FN:5,(anonymous_0)
FNF:1
FNH:1
FNDA:1,(anonymous_0)
DA:5,2
DA:6,1
DA:10,0
DA:12,1
LF:4
LH:3
BRDA:6,0,0,0
BRDA:6,0,1,1
BRDA:7,1,0,1
BRDA:7,1,1,0
BRF:4
BRH:2
end_of_record
TN:
SF:src/util/stringify.ts
FN:20,(anonymous_0)
FN:48,(anonymous_1)
FN:100,compareFunction
FN:110,(anonymous_3)
FN:136,deterministicBuild
FN:189,replaceGetterValues
FN:192,(anonymous_6)
FN:194,(anonymous_7)
FNF:8
FNH:0
FNDA:0,(anonymous_0)
FNDA:0,(anonymous_1)
FNDA:0,compareFunction
FNDA:0,(anonymous_3)
FNDA:0,deterministicBuild
FNDA:0,replaceGetterValues
FNDA:0,(anonymous_6)
FNDA:0,(anonymous_7)
DA:16,0
DA:17,0
DA:20,0
DA:26,0
DA:27,0
DA:29,0
DA:31,0
DA:33,0
DA:35,0
DA:36,0
DA:37,0
DA:38,0
DA:39,0
DA:41,0
DA:45,0
DA:48,0
DA:62,0
DA:63,0
DA:64,0
DA:65,0
DA:66,0
DA:67,0
DA:68,0
DA:69,0
DA:71,0
DA:74,0
DA:75,0
DA:77,0
DA:81,0
DA:84,0
DA:85,0
DA:86,0
DA:89,0
DA:90,0
DA:91,0
DA:92,0
DA:95,0
DA:101,0
DA:102,0
DA:104,0
DA:105,0
DA:107,0
DA:110,0
DA:115,0
DA:117,0
DA:119,0
DA:121,0
DA:123,0
DA:124,0
DA:125,0
DA:126,0
DA:127,0
DA:129,0
DA:133,0
DA:139,0
DA:140,0
DA:141,0
DA:142,0
DA:143,0
DA:144,0
DA:145,0
DA:146,0
DA:148,0
DA:151,0
DA:152,0
DA:154,0
DA:157,0
DA:158,0
DA:160,0
DA:162,0
DA:163,0
DA:164,0
DA:168,0
DA:169,0
DA:170,0
DA:171,0
DA:172,0
DA:173,0
DA:175,0
DA:176,0
DA:177,0
DA:179,0
DA:182,0
DA:184,0
DA:190,0
DA:192,0
DA:194,0
DA:195,0
DA:196,0
DA:197,0
DA:198,0
DA:199,0
DA:200,0
DA:201,0
DA:206,0
LF:95
LH:0
BRDA:26,0,0,0
BRDA:26,0,1,0
BRDA:29,1,0,0
BRDA:29,1,1,0
BRDA:37,2,0,0
BRDA:37,2,1,0
BRDA:38,3,0,0
BRDA:38,3,1,0
BRDA:62,4,0,0
BRDA:62,4,1,0
BRDA:62,5,0,0
BRDA:62,5,1,0
BRDA:64,6,0,0
BRDA:64,6,1,0
BRDA:66,7,0,0
BRDA:66,7,1,0
BRDA:67,8,0,0
BRDA:67,8,1,0
BRDA:84,9,0,0
BRDA:84,9,1,0
BRDA:101,10,0,0
BRDA:101,10,1,0
BRDA:104,11,0,0
BRDA:104,11,1,0
BRDA:115,12,0,0
BRDA:115,12,1,0
BRDA:117,13,0,0
BRDA:117,13,1,0
BRDA:125,14,0,0
BRDA:125,14,1,0
BRDA:126,15,0,0
BRDA:126,15,1,0
BRDA:139,16,0,0
BRDA:139,16,1,0
BRDA:139,17,0,0
BRDA:139,17,1,0
BRDA:141,18,0,0
BRDA:141,18,1,0
BRDA:143,19,0,0
BRDA:143,19,1,0
BRDA:144,20,0,0
BRDA:144,20,1,0
BRDA:157,21,0,0
BRDA:157,21,1,0
BRDA:162,22,0,0
BRDA:162,22,1,0
BRDA:175,23,0,0
BRDA:175,23,1,0
BRDA:190,24,0,0
BRDA:190,24,1,0
BRDA:190,25,0,0
BRDA:190,25,1,0
BRDA:195,26,0,0
BRDA:195,26,1,0
BRDA:198,27,0,0
BRDA:198,27,1,0
BRDA:198,28,0,0
BRDA:198,28,1,0
BRF:58
BRH:0
end_of_record
TN:
SF:src/util/hidash/camelToSnake.ts
FN:3,(anonymous_0)
FNF:1
FNH:1
FNDA:7,(anonymous_0)
DA:3,10
DA:4,7
DA:5,2
DA:8,5
DA:9,1
DA:12,4
LF:6
LH:6
BRDA:4,0,0,2
BRDA:4,0,1,5
BRDA:8,1,0,1
BRDA:8,1,1,4
BRF:4
BRH:4
end_of_record
TN:
SF:src/util/hidash/deepCopy.ts
FN:3,(anonymous_0)
FNF:1
FNH:1
FNDA:362,(anonymous_0)
DA:3,10
DA:4,362
DA:5,180
DA:8,182
DA:10,182
DA:11,307
DA:12,307
DA:13,307
DA:17,182
LF:9
LH:9
BRDA:4,0,0,180
BRDA:4,0,1,182
BRDA:4,1,0,362
BRDA:4,1,1,183
BRDA:8,2,0,52
BRDA:8,2,1,130
BRDA:11,3,0,307
BRDA:11,3,1,0
BRF:8
BRH:7
end_of_record
TN:
SF:src/util/hidash/index.ts
FNF:0
FNH:0
LF:0
LH:0
BRF:0
BRH:0
end_of_record
TN:
SF:src/util/hidash/isObject.ts
FN:3,(anonymous_0)
FN:6,(anonymous_1)
FNF:2
FNH:2
FNDA:3088,(anonymous_0)
FNDA:2723,(anonymous_1)
DA:3,12
DA:4,3088
DA:6,12
DA:7,2723
LF:4
LH:4
BRDA:4,0,0,3088
BRDA:4,0,1,2984
BRDA:7,1,0,2723
BRDA:7,1,1,1549
BRF:4
BRH:4
end_of_record
TN:
SF:src/util/hidash/mergeDeep.ts
FN:4,(anonymous_0)
FNF:1
FNH:1
FNDA:1107,(anonymous_0)
DA:4,10
DA:8,1107
DA:9,549
DA:12,558
DA:14,558
DA:15,504
DA:16,1543
DA:17,426
DA:18,127
DA:20,426
DA:22,1117
DA:27,558
LF:12
LH:12
BRDA:8,0,0,549
BRDA:8,0,1,558
BRDA:14,1,0,504
BRDA:14,1,1,54
BRDA:14,2,0,558
BRDA:14,2,1,558
BRDA:16,3,0,426
BRDA:16,3,1,1117
BRDA:17,4,0,127
BRDA:17,4,1,299
BRF:10
BRH:10
end_of_record
TN:
SF:src/util/hierarchicalImportOrder/commentData.ts
FN:7,(anonymous_0)
FN:14,(anonymous_1)
FN:25,(anonymous_2)
FNF:3
FNH:3
FNDA:6,(anonymous_0)
FNDA:6,(anonymous_1)
FNDA:6,(anonymous_2)
DA:7,2
DA:8,6
DA:9,3
DA:11,3
DA:14,2
DA:19,6
DA:23,6
DA:25,6
DA:28,6
DA:30,6
DA:33,6
LF:11
LH:11
BRDA:8,0,0,3
BRDA:8,0,1,3
BRDA:19,1,0,3
BRDA:19,1,1,3
BRF:4
BRH:4
end_of_record
TN:
SF:src/util/hierarchicalImportOrder/compare.ts
FN:4,(anonymous_0)
FN:7,(anonymous_1)
FN:10,(anonymous_2)
FN:13,(anonymous_3)
FN:16,(anonymous_4)
FN:20,(anonymous_5)
FN:25,(anonymous_6)
FN:29,(anonymous_7)
FN:32,(anonymous_8)
FN:45,(anonymous_9)
FN:65,(anonymous_10)
FNF:11
FNH:11
FNDA:272,(anonymous_0)
FNDA:272,(anonymous_1)
FNDA:272,(anonymous_2)
FNDA:272,(anonymous_3)
FNDA:272,(anonymous_4)
FNDA:272,(anonymous_5)
FNDA:307,(anonymous_6)
FNDA:52,(anonymous_7)
FNDA:272,(anonymous_8)
FNDA:272,(anonymous_9)
FNDA:136,(anonymous_10)
DA:4,2
DA:5,272
DA:7,2
DA:8,272
DA:10,2
DA:11,272
DA:13,2
DA:14,272
DA:16,2
DA:17,272
DA:18,272
DA:20,2
DA:21,272
DA:22,272
DA:23,61
DA:25,307
DA:26,211
DA:29,2
DA:30,52
DA:32,2
DA:33,272
DA:34,220
DA:36,220
DA:37,204
DA:39,16
DA:40,16
DA:42,52
DA:45,2
DA:46,272
DA:52,272
DA:53,272
DA:55,272
DA:65,2
DA:67,136
DA:68,136
DA:71,136
DA:72,15
DA:75,121
DA:76,0
DA:80,121
DA:81,1
DA:85,120
DA:86,15
DA:89,105
DA:90,0
DA:94,105
DA:95,34
DA:96,29
DA:98,5
DA:99,5
DA:101,0
DA:105,71
DA:106,4
DA:109,67
DA:110,12
DA:114,55
DA:115,15
DA:118,40
DA:119,2
DA:123,38
DA:124,37
DA:127,1
DA:128,1
DA:131,0
LF:64
LH:60
BRDA:5,0,0,266
BRDA:5,0,1,6
BRDA:8,1,0,52
BRDA:8,1,1,220
BRDA:11,2,0,224
BRDA:11,2,1,48
BRDA:18,3,0,272
BRDA:18,3,1,0
BRDA:22,4,0,61
BRDA:22,4,1,211
BRDA:26,5,0,96
BRDA:26,5,1,115
BRDA:30,6,0,8
BRDA:30,6,1,44
BRDA:33,7,0,220
BRDA:33,7,1,52
BRDA:36,8,0,204
BRDA:36,8,1,16
BRDA:39,9,0,16
BRDA:39,9,1,0
BRDA:48,10,0,272
BRDA:48,10,1,0
BRDA:71,11,0,15
BRDA:71,11,1,121
BRDA:71,12,0,136
BRDA:71,12,1,16
BRDA:75,13,0,0
BRDA:75,13,1,121
BRDA:75,14,0,121
BRDA:75,14,1,120
BRDA:80,15,0,1
BRDA:80,15,1,120
BRDA:80,16,0,121
BRDA:80,16,1,1
BRDA:85,17,0,15
BRDA:85,17,1,105
BRDA:85,18,0,120
BRDA:85,18,1,49
BRDA:89,19,0,0
BRDA:89,19,1,105
BRDA:89,20,0,105
BRDA:89,20,1,34
BRDA:94,21,0,34
BRDA:94,21,1,71
BRDA:94,22,0,105
BRDA:94,22,1,34
BRDA:95,23,0,29
BRDA:95,23,1,5
BRDA:98,24,0,5
BRDA:98,24,1,0
BRDA:105,25,0,4
BRDA:105,25,1,67
BRDA:105,26,0,71
BRDA:105,26,1,4
BRDA:109,27,0,12
BRDA:109,27,1,55
BRDA:109,28,0,67
BRDA:109,28,1,67
BRDA:114,29,0,15
BRDA:114,29,1,40
BRDA:118,30,0,2
BRDA:118,30,1,38
BRDA:123,31,0,37
BRDA:123,31,1,1
BRDA:127,32,0,1
BRDA:127,32,1,0
BRF:66
BRH:59
end_of_record
TN:
SF:src/util/hierarchicalImportOrder/constants.ts
FNF:0
FNH:0
DA:1,2
LF:1
LH:1
BRF:0
BRH:0
end_of_record
TN:
SF:src/util/hierarchicalImportOrder/findMoves.ts
FN:3,(anonymous_0)
FN:7,(anonymous_1)
FN:15,(anonymous_2)
FN:38,(anonymous_3)
FN:47,(anonymous_4)
FN:49,(anonymous_5)
FN:68,(anonymous_6)
FN:78,(anonymous_7)
FNF:8
FNH:8
FNDA:21,(anonymous_0)
FNDA:147,(anonymous_1)
FNDA:60,(anonymous_2)
FNDA:21,(anonymous_3)
FNDA:774,(anonymous_4)
FNDA:673,(anonymous_5)
FNDA:147,(anonymous_6)
FNDA:21,(anonymous_7)
DA:3,2
DA:4,21
DA:5,21
DA:7,21
DA:8,147
DA:10,147
DA:11,136
DA:14,11
DA:15,60
DA:17,11
DA:18,11
DA:19,11
DA:20,11
DA:22,11
DA:30,11
DA:31,11
DA:35,21
DA:38,2
DA:39,21
DA:40,21
DA:41,21
DA:42,21
DA:43,126
DA:44,126
DA:45,126
DA:46,126
DA:47,774
DA:48,126
DA:49,673
DA:50,126
DA:51,12
DA:52,12
DA:53,12
DA:54,12
DA:65,126
DA:68,21
DA:69,147
DA:70,147
DA:71,9
DA:75,21
DA:78,2
DA:79,21
DA:80,21
DA:81,21
LF:44
LH:44
BRDA:10,0,0,136
BRDA:10,0,1,11
BRDA:46,1,0,126
BRDA:46,1,1,21
BRDA:48,2,0,126
BRDA:48,2,1,0
BRDA:50,3,0,138
BRDA:50,3,1,136
BRDA:70,4,0,9
BRDA:70,4,1,138
BRDA:81,5,0,1
BRDA:81,5,1,20
BRF:12
BRH:11
end_of_record
TN:
SF:src/util/hierarchicalImportOrder/index.ts
FNF:0
FNH:0
LF:0
LH:0
BRF:0
BRH:0
end_of_record
TN:
SF:src/util/hierarchicalImportOrder/types.ts
FNF:0
FNH:0
LF:0
LH:0
BRF:0
BRH:0
end_of_record
TN:
SF:src/util/messages/index.ts
FN:25,(anonymous_0)
FN:32,(anonymous_1)
FNF:2
FNH:2
FNDA:189,(anonymous_0)
FNDA:38,(anonymous_1)
DA:17,9
DA:22,9
DA:26,189
DA:27,189
DA:32,9
DA:36,38
DA:37,0
DA:40,38
DA:41,38
DA:42,38
DA:43,38
DA:45,38
DA:46,38
DA:47,0
DA:49,38
DA:52,0
DA:53,0
DA:54,0
DA:56,0
DA:57,0
DA:61,0
DA:64,9
LF:22
LH:14
BRDA:36,0,0,0
BRDA:36,0,1,38
BRDA:45,1,0,38
BRDA:45,1,1,0
BRDA:46,2,0,0
BRDA:46,2,1,38
BRDA:46,3,0,38
BRDA:46,3,1,37
BRDA:52,4,0,0
BRDA:52,4,1,0
BRDA:53,5,0,0
BRDA:53,5,1,0
BRDA:56,6,0,0
BRDA:56,6,1,0
BRF:14
BRH:5
end_of_record
TN:
SF:src/util/messages/messages.ts
FNF:0
FNH:0
DA:3,9
LF:1
LH:1
BRF:0
BRH:0
end_of_record
TN:
SF:src/util/messages/punny.ts
FNF:0
FNH:0
DA:12,9
LF:1
LH:1
BRF:0
BRH:0
end_of_record
TN:
SF:src/util/options/index.ts
FN:7,(anonymous_0)
FN:17,(anonymous_1)
FN:34,(anonymous_2)
FN:44,(anonymous_3)
FNF:4
FNH:2
FNDA:0,(anonymous_0)
FNDA:0,(anonymous_1)
FNDA:83,(anonymous_2)
FNDA:59,(anonymous_3)
DA:4,4
DA:7,4
DA:11,0
DA:12,0
DA:15,0
DA:16,0
DA:18,0
DA:19,0
DA:21,0
DA:24,0
DA:34,4
DA:38,83
DA:39,32
DA:42,51
DA:44,51
DA:45,59
DA:46,59
DA:47,8
DA:48,8
DA:50,51
DA:51,51
DA:53,0
DA:56,51
LF:23
LH:14
BRDA:11,0,0,0
BRDA:11,0,1,0
BRDA:18,1,0,0
BRDA:18,1,1,0
BRDA:21,2,0,0
BRDA:21,2,1,0
BRDA:38,3,0,32
BRDA:38,3,1,51
BRDA:45,4,0,59
BRDA:45,4,1,0
BRDA:46,5,0,8
BRDA:46,5,1,51
BRDA:53,6,0,0
BRDA:53,6,1,0
BRF:14
BRH:5
end_of_record
TN:
SF:src/util/report/delimiter.ts
FN:31,(anonymous_0)
FN:45,(anonymous_1)
FN:59,(anonymous_2)
FN:60,(anonymous_3)
FN:61,(anonymous_4)
FN:63,(anonymous_5)
FN:75,(anonymous_6)
FN:86,(anonymous_7)
FN:104,(anonymous_8)
FN:121,(anonymous_9)
FN:162,(anonymous_10)
FNF:11
FNH:11
FNDA:45,(anonymous_0)
FNDA:10,(anonymous_1)
FNDA:8,(anonymous_2)
FNDA:16,(anonymous_3)
FNDA:4,(anonymous_4)
FNDA:24,(anonymous_5)
FNDA:67,(anonymous_6)
FNDA:34,(anonymous_7)
FNDA:95,(anonymous_8)
FNDA:95,(anonymous_9)
FNDA:24,(anonymous_10)
DA:31,3
DA:32,45
DA:33,2
DA:37,12
DA:41,31
DA:45,3
DA:46,10
DA:47,2
DA:51,0
DA:55,8
DA:59,8
DA:60,16
DA:61,4
DA:63,3
DA:64,24
DA:65,4
DA:68,0
DA:71,20
DA:75,3
DA:79,67
DA:80,45
DA:81,10
DA:82,12
DA:86,3
DA:90,34
DA:91,18
DA:94,16
DA:95,4
DA:101,12
DA:104,3
DA:110,95
DA:111,12
DA:114,83
DA:115,34
DA:118,49
DA:121,3
DA:128,95
DA:130,95
DA:131,95
DA:133,95
DA:135,95
DA:136,24
DA:137,24
DA:138,24
DA:140,24
DA:144,24
DA:163,24
DA:165,12
DA:168,12
DA:170,4
DA:171,4
DA:175,8
LF:52
LH:50
BRDA:32,0,0,2
BRDA:32,0,1,12
BRDA:32,0,2,31
BRDA:46,1,0,2
BRDA:46,1,1,0
BRDA:46,1,2,8
BRDA:59,2,0,4
BRDA:59,2,1,4
BRDA:60,3,0,10
BRDA:60,3,1,6
BRDA:61,4,0,2
BRDA:61,4,1,2
BRDA:64,5,0,4
BRDA:64,5,1,0
BRDA:64,5,2,20
BRDA:79,6,0,45
BRDA:79,6,1,10
BRDA:79,6,2,12
BRDA:90,7,0,18
BRDA:90,7,1,16
BRDA:94,8,0,4
BRDA:94,8,1,12
BRDA:110,9,0,12
BRDA:110,9,1,83
BRDA:114,10,0,34
BRDA:114,10,1,49
BRDA:135,11,0,24
BRDA:135,11,1,71
BRDA:138,12,0,24
BRDA:138,12,1,0
BRDA:140,13,0,4
BRDA:140,13,1,20
BRDA:158,14,0,4
BRDA:158,14,1,20
BRDA:163,15,0,12
BRDA:163,15,1,12
BRDA:163,16,0,24
BRDA:163,16,1,12
BRDA:168,17,0,4
BRDA:168,17,1,8
BRDA:170,18,0,0
BRDA:170,18,1,4
BRF:42
BRH:38
end_of_record
TN:
SF:src/util/report/matchNamespace.ts
FN:46,diveLeft
FN:119,matchNamespace
FNF:2
FNH:0
FNDA:0,diveLeft
FNDA:0,matchNamespace
DA:51,0
DA:52,0
DA:53,0
DA:54,0
DA:57,0
DA:58,0
DA:59,0
DA:65,0
DA:66,0
DA:75,0
DA:77,0
DA:87,0
DA:90,0
DA:94,0
DA:103,0
DA:124,0
DA:126,0
DA:128,0
DA:135,0
DA:138,0
DA:141,0
DA:142,0
DA:149,0
DA:152,0
LF:24
LH:0
BRDA:53,0,0,0
BRDA:53,0,1,0
BRDA:57,1,0,0
BRDA:57,1,1,0
BRDA:58,2,0,0
BRDA:58,2,1,0
BRDA:65,3,0,0
BRDA:65,3,1,0
BRDA:90,4,0,0
BRDA:90,4,1,0
BRDA:91,5,0,0
BRDA:91,5,1,0
BRDA:126,6,0,0
BRDA:126,6,1,0
BRDA:141,7,0,0
BRDA:141,7,1,0
BRF:16
BRH:0
end_of_record
TN:
SF:src/util/report/typePropertyMatch.ts
FN:27,(anonymous_0)
FN:64,(anonymous_1)
FN:77,(anonymous_2)
FN:91,(anonymous_3)
FNF:4
FNH:0
FNDA:0,(anonymous_0)
FNDA:0,(anonymous_1)
FNDA:0,(anonymous_2)
FNDA:0,(anonymous_3)
DA:27,1
DA:28,0
DA:34,0
DA:36,0
DA:41,0
DA:46,0
DA:50,0
DA:51,0
DA:56,0
DA:61,0
DA:64,1
DA:65,0
DA:66,0
DA:68,0
DA:69,0
DA:71,0
DA:72,0
DA:74,0
DA:77,1
DA:81,0
DA:82,0
DA:83,0
DA:84,0
DA:86,0
DA:87,0
DA:88,0
DA:90,0
DA:91,0
DA:92,0
DA:94,0
DA:95,0
DA:98,0
DA:100,0
DA:101,0
DA:105,0
DA:108,0
DA:109,0
DA:119,0
DA:120,0
DA:125,0
DA:128,0
DA:129,0
DA:130,0
DA:132,0
DA:133,0
DA:138,0
DA:142,0
DA:143,0
DA:159,0
DA:163,0
DA:164,0
DA:180,0
DA:184,0
DA:185,0
DA:190,0
DA:193,0
DA:196,0
DA:197,0
DA:206,0
LF:59
LH:3
BRDA:28,0,0,0
BRDA:28,0,1,0
BRDA:29,1,0,0
BRDA:29,1,1,0
BRDA:29,1,2,0
BRDA:29,1,3,0
BRDA:29,1,4,0
BRDA:34,2,0,0
BRDA:34,2,1,0
BRDA:34,3,0,0
BRDA:34,3,1,0
BRDA:46,4,0,0
BRDA:46,4,1,0
BRDA:47,5,0,0
BRDA:47,5,1,0
BRDA:47,5,2,0
BRDA:50,6,0,0
BRDA:50,6,1,0
BRDA:50,7,0,0
BRDA:50,7,1,0
BRDA:65,8,0,0
BRDA:65,8,1,0
BRDA:68,9,0,0
BRDA:68,9,1,0
BRDA:71,10,0,0
BRDA:71,10,1,0
BRDA:83,11,0,0
BRDA:83,11,1,0
BRDA:94,12,0,0
BRDA:94,12,1,0
BRDA:100,13,0,0
BRDA:100,13,1,0
BRDA:100,14,0,0
BRDA:100,14,1,0
BRDA:119,15,0,0
BRDA:119,15,1,0
BRDA:132,16,0,0
BRDA:132,16,1,0
BRDA:132,17,0,0
BRDA:132,17,1,0
BRDA:142,18,0,0
BRDA:142,18,1,0
BRDA:163,19,0,0
BRDA:163,19,1,0
BRDA:184,20,0,0
BRDA:184,20,1,0
BRDA:196,21,0,0
BRDA:196,21,1,0
BRF:48
BRH:0
end_of_record
TN:
SF:src/util/typeDeclarationLength/constants.ts
FNF:0
FNH:0
DA:1,5
DA:2,5
DA:3,5
DA:5,5
DA:11,5
LF:5
LH:5
BRF:0
BRH:0
end_of_record
TN:
SF:src/util/typeDeclarationLength/createFix.ts
FN:24,(anonymous_0)
FN:36,(anonymous_1)
FN:70,(anonymous_2)
FN:95,(anonymous_3)
FN:142,(anonymous_4)
FN:162,(anonymous_5)
FN:174,(anonymous_6)
FN:178,(anonymous_7)
FNF:8
FNH:8
FNDA:31,(anonymous_0)
FNDA:9,(anonymous_1)
FNDA:31,(anonymous_2)
FNDA:22,(anonymous_3)
FNDA:4,(anonymous_4)
FNDA:4,(anonymous_5)
FNDA:8,(anonymous_6)
FNDA:31,(anonymous_7)
DA:24,4
DA:25,31
DA:26,31
DA:27,31
DA:28,31
DA:29,31
DA:31,31
DA:32,19
DA:36,4
DA:45,9
DA:47,9
DA:49,9
DA:50,9
DA:55,9
DA:56,0
DA:62,9
DA:63,1
DA:70,4
DA:78,31
DA:79,31
DA:80,31
DA:81,31
DA:82,31
DA:84,31
DA:85,31
DA:87,31
DA:95,4
DA:106,22
DA:108,22
DA:114,22
DA:116,22
DA:117,3
DA:118,3
DA:124,22
DA:125,0
DA:131,22
DA:133,22
DA:134,0
DA:142,4
DA:160,4
DA:162,4
DA:163,4
DA:164,4
DA:165,0
DA:167,4
DA:168,4
DA:170,4
DA:171,4
DA:172,4
DA:174,8
DA:176,4
DA:177,4
DA:181,31
DA:187,31
DA:194,31
DA:195,31
DA:209,31
DA:210,9
DA:211,9
DA:213,22
DA:216,4
DA:218,4
LF:62
LH:58
BRDA:26,0,0,0
BRDA:26,0,1,31
BRDA:27,1,0,0
BRDA:27,1,1,31
BRDA:28,2,0,0
BRDA:28,2,1,31
BRDA:29,3,0,9
BRDA:29,3,1,22
BRDA:31,4,0,19
BRDA:31,4,1,12
BRDA:31,5,0,31
BRDA:31,5,1,19
BRDA:55,6,0,0
BRDA:55,6,1,9
BRDA:55,7,0,9
BRDA:55,7,1,0
BRDA:62,8,0,1
BRDA:62,8,1,8
BRDA:65,9,0,0
BRDA:65,9,1,1
BRDA:80,10,0,28
BRDA:80,10,1,3
BRDA:82,11,0,3
BRDA:82,11,1,28
BRDA:85,12,0,4
BRDA:85,12,1,27
BRDA:88,13,0,0
BRDA:88,13,1,31
BRDA:116,14,0,3
BRDA:116,14,1,19
BRDA:116,15,0,22
BRDA:116,15,1,3
BRDA:117,16,0,0
BRDA:117,16,1,3
BRDA:124,17,0,0
BRDA:124,17,1,22
BRDA:124,18,0,22
BRDA:124,18,1,3
BRDA:124,18,2,0
BRDA:133,19,0,0
BRDA:133,19,1,22
BRDA:164,20,0,0
BRDA:164,20,1,4
BRDA:194,21,0,31
BRDA:194,21,1,0
BRDA:194,22,0,31
BRDA:194,22,1,31
BRDA:206,23,0,31
BRDA:206,23,1,31
BRDA:209,24,0,9
BRDA:209,24,1,22
BRF:51
BRH:38
end_of_record
TN:
SF:src/util/typeDeclarationLength/helpers.ts
FN:3,(anonymous_0)
FN:12,(anonymous_1)
FN:21,(anonymous_2)
FNF:3
FNH:3
FNDA:13,(anonymous_0)
FNDA:31,(anonymous_1)
FNDA:8,(anonymous_2)
DA:3,5
DA:4,13
DA:5,3
DA:6,7
DA:7,3
DA:8,0
DA:12,5
DA:13,31
DA:15,9
DA:17,22
DA:21,5
DA:22,8
DA:23,8
DA:24,0
DA:25,0
DA:29,5
LF:16
LH:13
BRDA:4,0,0,3
BRDA:4,0,1,7
BRDA:4,0,2,3
BRDA:4,0,3,0
BRDA:13,1,0,9
BRDA:13,1,1,22
BRDA:22,2,0,8
BRDA:22,2,1,0
BRDA:22,2,2,0
BRF:9
BRH:6
end_of_record
TN:
SF:src/util/typeDeclarationLength/index.ts
FNF:0
FNH:0
LF:0
LH:0
BRF:0
BRH:0
end_of_record
TN:
SF:src/util/typeDeclarationLength/report.ts
FN:7,(anonymous_0)
FNF:1
FNH:1
FNDA:5,(anonymous_0)
DA:7,4
DA:11,5
DA:12,5
DA:14,5
DA:16,5
LF:5
LH:5
BRDA:12,0,0,5
BRDA:12,0,1,5
BRF:2
BRH:2
end_of_record
TN:
SF:src/util/typeDeclarationLength/run.ts
FN:11,(anonymous_0)
FNF:1
FNH:1
FNDA:13,(anonymous_0)
DA:11,5
DA:15,13
DA:16,13
DA:17,13
DA:18,13
DA:20,13
DA:26,13
DA:27,13
DA:28,13
DA:29,4
DA:33,9
DA:34,9
DA:35,9
DA:36,0
DA:40,9
DA:41,9
DA:42,9
DA:43,0
DA:47,9
DA:48,9
DA:49,9
DA:50,0
DA:54,9
DA:55,0
LF:24
LH:20
BRDA:18,0,0,13
BRDA:18,0,1,0
BRDA:26,1,0,13
BRDA:26,1,1,0
BRDA:28,2,0,4
BRDA:28,2,1,9
BRDA:33,3,0,9
BRDA:33,3,1,0
BRDA:35,4,0,0
BRDA:35,4,1,9
BRDA:40,5,0,9
BRDA:40,5,1,0
BRDA:42,6,0,0
BRDA:42,6,1,9
BRDA:47,7,0,9
BRDA:47,7,1,0
BRDA:49,8,0,0
BRDA:49,8,1,9
BRDA:54,9,0,0
BRDA:54,9,1,9
BRF:20
BRH:11
end_of_record
TN:
SF:src/util/typeDeclarationLength/runAlwaysBreak.ts
FN:7,(anonymous_0)
FN:22,(anonymous_1)
FNF:2
FNH:2
FNDA:3,(anonymous_0)
FNDA:3,(anonymous_1)
DA:7,5
DA:17,3
DA:19,3
DA:21,3
DA:23,3
DA:24,3
DA:25,1
DA:27,2
DA:31,3
DA:32,2
DA:40,2
DA:42,1
LF:12
LH:12
BRDA:21,0,0,3
BRDA:21,0,1,2
BRDA:24,1,0,1
BRDA:24,1,1,2
BRDA:31,2,0,2
BRDA:31,2,1,1
BRF:6
BRH:6
end_of_record
TN:
SF:src/util/typeDeclarationLength/runBreakOneBreakAll.ts
FN:6,(anonymous_0)
FN:20,(anonymous_1)
FNF:2
FNH:2
FNDA:9,(anonymous_0)
FNDA:48,(anonymous_1)
DA:6,5
DA:15,9
DA:17,9
DA:19,9
DA:21,48
DA:22,48
DA:23,48
DA:25,0
DA:29,9
DA:30,0
DA:37,0
DA:39,9
LF:12
LH:9
BRDA:22,0,0,48
BRDA:22,0,1,0
BRDA:22,1,0,48
BRDA:22,1,1,31
BRDA:29,2,0,0
BRDA:29,2,1,9
BRF:6
BRH:4
end_of_record
TN:
SF:src/util/typeDeclarationLength/runConsistentBreaks.ts
FN:17,(anonymous_0)
FN:46,(anonymous_1)
FN:74,(anonymous_2)
FN:81,(anonymous_3)
FNF:4
FNH:4
FNDA:31,(anonymous_0)
FNDA:9,(anonymous_1)
FNDA:25,(anonymous_2)
FNDA:31,(anonymous_3)
DA:17,5
DA:25,31
DA:27,31
DA:28,9
DA:29,0
DA:31,9
DA:32,0
DA:34,9
DA:37,22
DA:38,0
DA:40,22
DA:41,0
DA:43,22
DA:46,5
DA:55,9
DA:57,9
DA:58,9
DA:59,9
DA:61,9
DA:70,9
DA:73,9
DA:74,25
DA:76,9
DA:77,5
DA:80,4
DA:82,31
DA:83,31
DA:84,31
DA:90,31
DA:96,31
DA:97,31
DA:98,31
DA:100,31
DA:101,31
DA:103,31
DA:113,31
DA:115,0
DA:119,4
DA:120,0
DA:121,0
DA:124,4
LF:41
LH:34
BRDA:27,0,0,9
BRDA:27,0,1,22
BRDA:28,1,0,0
BRDA:28,1,1,9
BRDA:31,2,0,0
BRDA:31,2,1,9
BRDA:31,3,0,9
BRDA:31,3,1,9
BRDA:37,4,0,0
BRDA:37,4,1,22
BRDA:40,5,0,0
BRDA:40,5,1,22
BRDA:40,6,0,22
BRDA:40,6,1,3
BRDA:76,7,0,5
BRDA:76,7,1,4
BRDA:96,8,0,31
BRDA:96,8,1,0
BRDA:96,9,0,31
BRDA:96,9,1,31
BRDA:100,10,0,31
BRDA:100,10,1,4
BRDA:101,11,0,31
BRDA:101,11,1,4
BRDA:119,12,0,0
BRDA:119,12,1,4
BRF:26
BRH:20
end_of_record
TN:
SF:src/util/typeDeclarationLength/runConsistentSpacing.ts
FN:8,(anonymous_0)
FN:57,(anonymous_1)
FN:90,(anonymous_2)
FN:115,(anonymous_3)
FNF:4
FNH:4
FNDA:48,(anonymous_0)
FNDA:9,(anonymous_1)
FNDA:25,(anonymous_2)
FNDA:48,(anonymous_3)
DA:8,5
DA:12,48
DA:24,0
DA:26,0
DA:46,48
DA:48,48
DA:57,5
DA:69,9
DA:71,9
DA:72,9
DA:76,9
DA:86,9
DA:89,9
DA:90,25
DA:114,9
DA:116,48
DA:129,48
DA:130,48
DA:136,48
DA:143,48
DA:159,48
DA:161,48
DA:167,48
DA:169,48
DA:171,17
DA:172,0
DA:175,17
DA:177,2
DA:178,0
DA:181,2
DA:185,15
DA:186,0
DA:190,15
DA:191,0
DA:194,15
DA:198,31
DA:199,0
DA:202,31
DA:204,9
DA:205,0
DA:210,9
DA:211,0
DA:274,31
DA:276,0
DA:280,9
DA:281,0
DA:282,0
DA:285,9
LF:48
LH:36
BRDA:12,0,0,0
BRDA:12,0,1,48
BRDA:143,1,0,48
BRDA:143,1,1,0
BRDA:169,2,0,17
BRDA:169,2,1,31
BRDA:171,3,0,0
BRDA:171,3,1,17
BRDA:171,4,0,17
BRDA:171,4,1,1
BRDA:175,5,0,2
BRDA:175,5,1,15
BRDA:177,6,0,0
BRDA:177,6,1,2
BRDA:177,7,0,2
BRDA:177,7,1,2
BRDA:177,7,2,0
BRDA:185,8,0,0
BRDA:185,8,1,15
BRDA:185,9,0,15
BRDA:185,9,1,15
BRDA:185,9,2,4
BRDA:190,10,0,0
BRDA:190,10,1,15
BRDA:190,11,0,15
BRDA:190,11,1,15
BRDA:190,11,2,11
BRDA:198,12,0,0
BRDA:198,12,1,31
BRDA:198,13,0,31
BRDA:198,13,1,31
BRDA:198,13,2,19
BRDA:202,14,0,9
BRDA:202,14,1,22
BRDA:202,15,0,31
BRDA:202,15,1,9
BRDA:204,16,0,0
BRDA:204,16,1,9
BRDA:204,17,0,9
BRDA:204,17,1,0
BRDA:210,18,0,0
BRDA:210,18,1,9
BRDA:210,19,0,9
BRDA:210,19,1,9
BRDA:280,20,0,0
BRDA:280,20,1,9
BRF:46
BRH:34
end_of_record
TN:
SF:src/util/typeDeclarationLength/runIsTooWide.ts
FN:6,(anonymous_0)
FN:19,(anonymous_1)
FN:20,(anonymous_2)
FNF:3
FNH:3
FNDA:13,(anonymous_0)
FNDA:79,(anonymous_1)
FNDA:51,(anonymous_2)
DA:6,5
DA:15,13
DA:16,13
DA:18,13
DA:19,79
DA:20,51
DA:21,13
DA:22,13
DA:24,13
DA:25,4
DA:34,4
DA:36,9
LF:12
LH:12
BRDA:24,0,0,4
BRDA:24,0,1,9
BRF:2
BRH:2
end_of_record
TN:
SF:src/util/typeDeclarationLength/shouldAlwaysBreak.ts
FN:5,(anonymous_0)
FNF:1
FNH:1
FNDA:3,(anonymous_0)
DA:5,4
DA:9,3
DA:10,1
DA:14,2
DA:15,1
DA:18,1
LF:6
LH:6
BRDA:9,0,0,1
BRDA:9,0,1,2
BRDA:14,1,0,1
BRDA:14,1,1,1
BRF:4
BRH:4
end_of_record
TN:
SF:src/util/typeDeclarationLength/types.ts
FNF:0
FNH:0
DA:48,5
LF:1
LH:1
BRF:0
BRH:0
end_of_record
